2026-01-14 13:52:04.845 INFO  c.k.katalon.core.main.TestSuiteExecutor  - START Test Suites/Stabilization Testing/stabilization_test_2ADL_1CNN
2026-01-14 13:52:04.965 INFO  c.k.katalon.core.main.TestSuiteExecutor  - userFullName = Johana Natali Gomez Munar
2026-01-14 13:52:04.966 INFO  c.k.katalon.core.main.TestSuiteExecutor  - projectName = Euromundo
2026-01-14 13:52:04.967 INFO  c.k.katalon.core.main.TestSuiteExecutor  - hostName = johana.gomez - CMANJGOMEZ2.JUNIPER
2026-01-14 13:52:04.968 INFO  c.k.katalon.core.main.TestSuiteExecutor  - os = Windows 11 64bit
2026-01-14 13:52:04.968 INFO  c.k.katalon.core.main.TestSuiteExecutor  - hostAddress = 192.168.0.36
2026-01-14 13:52:04.969 INFO  c.k.katalon.core.main.TestSuiteExecutor  - katalonVersion = 10.3.2.0
2026-01-14 13:52:05.214 INFO  c.k.k.c.keyword.builtin.CommentKeyword   - üìÅ Carpeta de capturas creada: C:/TempSourceSafe/Katalon Studio/Katalon Websites/Euromundo/Capturas/Test_Suites_Stabilization_Testing_stabilization_test_2ADL_1CNN_20260114_135205
2026-01-14 13:52:05.743 INFO  c.k.katalon.core.main.TestCaseExecutor   - --------------------
2026-01-14 13:52:05.743 INFO  c.k.katalon.core.main.TestCaseExecutor   - START Test Cases/Euromundo/Paquete_Basico/paquete_nal_para_1adl_1cnn_canal_mxn
2026-01-14 13:52:17.625 INFO  c.k.k.c.keyword.builtin.CommentKeyword   - üì¶ Versi√≥n de DLL detectada y guardada globalmente: 6.26.113.13
2026-01-14 13:52:17.627 INFO  k.k.c.m.CustomKeywordDelegatingMetaClass - utils.DLLUtils.getVersionDLL is PASSED
2026-01-14 13:52:17.632 INFO  c.k.k.c.keyword.builtin.CommentKeyword   - üåê TestCase: test cases/euromundo/paquete_basico/paquete_nal_para_1adl_1cnn_canal_mxn
2026-01-14 13:52:17.635 INFO  c.k.k.c.keyword.builtin.CommentKeyword   - üîó Dominio detectado: https://euromundomxn.juniper.es
2026-01-14 13:52:17.643 INFO  c.k.k.c.keyword.builtin.CommentKeyword   - üì¶ Versi√≥n de DLL: 6.26.113.13
2026-01-14 13:52:17.965 DEBUG t.paquete_nal_para_1adl_1cnn_canal_mxn   - 1: callTestCase(findTestCase("Euromundo/Login/Login_mxn"), [:], STOP_ON_FAILURE)
2026-01-14 13:52:18.058 INFO  c.k.katalon.core.main.TestCaseExecutor   - --------------------
2026-01-14 13:52:18.058 INFO  c.k.katalon.core.main.TestCaseExecutor   - CALL Test Cases/Euromundo/Login/Login_mxn
2026-01-14 13:52:18.177 DEBUG testcase.Login_mxn                       - 1: url = "https://euromundomxn.juniper.es"
2026-01-14 13:52:18.180 DEBUG testcase.Login_mxn                       - 2: openBrowser("https://euromundomxn.juniper.es")
2026-01-14 13:52:18.354 INFO  c.k.k.core.webui.driver.DriverFactory    - Starting 'Chrome' driver
2026-01-14 13:52:18.399 INFO  c.k.k.core.webui.driver.DriverFactory    - Action delay is set to 0 milliseconds
ene. 14, 2026 1:52:19 P.¬†M. org.openqa.selenium.devtools.CdpVersionFinder findNearestMatch
ADVERTENCIA: Unable to find CDP implementation matching 143
ene. 14, 2026 1:52:19 P.¬†M. org.openqa.selenium.chromium.ChromiumDriver lambda$new$4
ADVERTENCIA: Unable to find version of CDP to use for 143.0.7499.193. You may need to include a dependency on a specific version of the CDP using something similar to `org.seleniumhq.selenium:selenium-devtools-v86:4.28.1` where the version ("v86") matches the version of the chromium-based browser you're using and the version number of the artifact is the same as Selenium's.
2026-01-14 13:52:20.440 INFO  c.k.k.core.webui.driver.DriverFactory    - sessionId = 6b29f53ddeb765358bb9eaeb965d1d89
2026-01-14 13:52:20.442 INFO  c.k.k.core.webui.driver.DriverFactory    - browser = Chrome 143.0.7499.193
2026-01-14 13:52:20.443 INFO  c.k.k.core.webui.driver.DriverFactory    - platform = Windows 11
2026-01-14 13:52:20.444 INFO  c.k.k.core.webui.driver.DriverFactory    - seleniumVersion = 4.28.1
2026-01-14 13:52:20.452 INFO  c.k.k.core.webui.driver.DriverFactory    - proxyInformation = ProxyInformation { proxyOption=NO_PROXY, proxyServerType=HTTP, username=, password=********, proxyServerAddress=, proxyServerPort=0, executionList="", isApplyToDesiredCapabilities=true }
2026-01-14 13:52:26.826 DEBUG testcase.Login_mxn                       - 3: maximizeWindow()
2026-01-14 13:52:26.929 DEBUG testcase.Login_mxn                       - 4: version = utils.DLLUtils.getVersionDLL(url)
2026-01-14 13:52:27.904 INFO  c.k.k.c.keyword.builtin.CommentKeyword   - üì¶ Versi√≥n de DLL detectada y guardada globalmente: 6.26.113.13
2026-01-14 13:52:27.905 INFO  k.k.c.m.CustomKeywordDelegatingMetaClass - utils.DLLUtils.getVersionDLL is PASSED
2026-01-14 13:52:27.908 DEBUG testcase.Login_mxn                       - 5: comment(üì¶ Versi√≥n de DLL detectada: $version)
2026-01-14 13:52:27.913 INFO  c.k.k.c.keyword.builtin.CommentKeyword   - üì¶ Versi√≥n de DLL detectada: 6.26.113.13
2026-01-14 13:52:27.915 DEBUG testcase.Login_mxn                       - 6: setText(findTestObject("Euromundo/login/input_User"), username)
2026-01-14 13:52:28.987 DEBUG testcase.Login_mxn                       - 7: setText(findTestObject("Euromundo/login/input_Pss"), password)
2026-01-14 13:52:29.825 DEBUG testcase.Login_mxn                       - 8: click(findTestObject("Euromundo/login/checkbox_TyC"))
2026-01-14 13:52:30.252 DEBUG testcase.Login_mxn                       - 9: click(findTestObject("Euromundo/login/button_Login"))
2026-01-14 13:52:30.661 DEBUG testcase.Login_mxn                       - 10: waitForElementClickable(findTestObject("Euromundo/gran_deal/repository_GD_nal/button_Search_GD"), 10)
2026-01-14 13:52:41.005 WARN  k.c.w.k.b.WaitForElementClickableKeyword - Web element with id: 'Object Repository/Euromundo/gran_deal/repository_GD_nal/button_Search_GD' located by 'By.xpath: //*[@id="packagespot-searcher"]/div[2]/div/div[1]/div[5]/button' not found
2026-01-14 13:52:41.009 INFO  c.k.katalon.core.main.TestCaseExecutor   - END CALL Test Cases/Euromundo/Login/Login_mxn
2026-01-14 13:52:41.009 INFO  c.k.katalon.core.main.TestCaseExecutor   - --------------------
2026-01-14 13:52:41.016 DEBUG t.paquete_nal_para_1adl_1cnn_canal_mxn   - 2: waitForElementClickable(findTestObject("Euromundo/paquete_basico/repository_paquete_nal/menu_paquete_basico"), 10)
2026-01-14 13:52:51.343 WARN  k.c.w.k.b.WaitForElementClickableKeyword - Waiting for element timed out
2026-01-14 13:52:51.346 DEBUG t.paquete_nal_para_1adl_1cnn_canal_mxn   - 3: mouseOver(findTestObject("Euromundo/paquete_basico/repository_paquete_nal/menu_paquete_basico"))
2026-01-14 13:52:53.992 DEBUG t.paquete_nal_para_1adl_1cnn_canal_mxn   - 4: click(findTestObject("Euromundo/paquete_basico/repository_paquete_nal/select_paquete_nal"))
2026-01-14 13:53:04.030 WARN  c.k.k.c.w.keyword.builtin.ClickKeyword   - Waiting for element timed out
2026-01-14 13:53:04.284 ERROR c.k.k.core.keyword.internal.KeywordMain  - ‚ùå Unable to click on object 'Object Repository/Euromundo/paquete_basico/repository_paquete_nal/select_paquete_nal' (Root cause: com.kms.katalon.core.exception.StepFailedException: Unable to click on object 'Object Repository/Euromundo/paquete_basico/repository_paquete_nal/select_paquete_nal'
	at com.kms.katalon.core.webui.keyword.internal.WebUIKeywordMain.stepFailed(WebUIKeywordMain.groovy:175)
	at com.kms.katalon.core.webui.keyword.internal.WebUIKeywordMain.runKeyword(WebUIKeywordMain.groovy:49)
	at com.kms.katalon.core.webui.keyword.internal.WebUIKeywordMain.runKeywordUntilTimeout(WebUIKeywordMain.groovy:132)
	at com.kms.katalon.core.webui.keyword.builtin.ClickKeyword.click(ClickKeyword.groovy:63)
	at com.kms.katalon.core.webui.keyword.builtin.ClickKeyword.execute(ClickKeyword.groovy:38)
	at com.kms.katalon.core.keyword.internal.KeywordExecutor.executeKeywordForPlatform(KeywordExecutor.groovy:79)
	at com.kms.katalon.core.webui.keyword.WebUiBuiltInKeywords.click(WebUiBuiltInKeywords.groovy:721)
	at paquete_nal_para_1adl_1cnn_canal_mxn.run(paquete_nal_para_1adl_1cnn_canal_mxn:44)
	at com.kms.katalon.core.main.ScriptEngine.run(ScriptEngine.java:194)
	at com.kms.katalon.core.main.ScriptEngine.runScriptAsRawText(ScriptEngine.java:119)
	at com.kms.katalon.core.main.TestCaseExecutor.runScript(TestCaseExecutor.java:486)
	at com.kms.katalon.core.main.TestCaseExecutor.doExecute(TestCaseExecutor.java:477)
	at com.kms.katalon.core.main.TestCaseExecutor.processExecutionPhase(TestCaseExecutor.java:456)
	at com.kms.katalon.core.main.TestCaseExecutor.accessMainPhase(TestCaseExecutor.java:448)
	at com.kms.katalon.core.main.TestCaseExecutor.execute(TestCaseExecutor.java:322)
	at com.kms.katalon.core.common.CommonExecutor.accessTestCaseMainPhase(CommonExecutor.java:71)
	at com.kms.katalon.core.main.TestSuiteExecutor.accessTestSuiteMainPhase(TestSuiteExecutor.java:145)
	at com.kms.katalon.core.main.TestSuiteExecutor.execute(TestSuiteExecutor.java:104)
	at com.kms.katalon.core.main.TestCaseMain.startTestSuite(TestCaseMain.java:205)
	at TempTestSuite1768416679792.run(TempTestSuite1768416679792.groovy:35)
	at java.base/jdk.internal.reflect.NativeMethodAccessorImpl.invoke0(Native Method)
	at java.base/jdk.internal.reflect.NativeMethodAccessorImpl.invoke(NativeMethodAccessorImpl.java:77)
	at java.base/jdk.internal.reflect.DelegatingMethodAccessorImpl.invoke(DelegatingMethodAccessorImpl.java:43)
Caused by: org.openqa.selenium.ElementNotInteractableException: element not interactable
  (Session info: chrome=143.0.7499.193)
Build info: version: '4.28.1', revision: '73f5ad48a2'
System info: os.name: 'Windows 11', os.arch: 'amd64', os.version: '10.0', java.version: '17.0.14'
Driver info: com.kms.katalon.selenium.driver.CChromeDriver
Command: [6b29f53ddeb765358bb9eaeb965d1d89, clickElement {id=f.39BFBF23F6CB03E7306B6CA7B3C1C699.d.D33C153F444100525FE43A2BD8584089.e.161}]
Capabilities {acceptInsecureCerts: false, browserName: chrome, browserVersion: 143.0.7499.193, chrome: {chromedriverVersion: 143.0.7499.169 (164b20aab62..., userDataDir: C:\Users\JOHANA~1.GOM\AppDa...}, fedcm:accounts: true, goog:chromeOptions: {debuggerAddress: localhost:60290}, goog:processID: 23232, networkConnectionEnabled: false, pageLoadStrategy: normal, platformName: windows, proxy: Proxy(), se:cdp: ws://localhost:60290/devtoo..., se:cdpVersion: 143.0.7499.193, setWindowRect: true, strictFileInteractability: false, timeouts: {implicit: 0, pageLoad: 300000, script: 30000}, unhandledPromptBehavior: {alert: ignore, beforeUnload: ignore, confirm: ignore, default: ignore, file: ignore, prompt: ignore}, webSocketUrl: ws://localhost:5545/session..., webauthn:extension:credBlob: true, webauthn:extension:largeBlob: true, webauthn:extension:minPinLength: true, webauthn:extension:prf: true, webauthn:virtualAuthenticators: true}
Element: [[CChromeDriver: chrome on windows (6b29f53ddeb765358bb9eaeb965d1d89)] -> xpath: //*[@id="menu-option-national-packages"]]
Session ID: 6b29f53ddeb765358bb9eaeb965d1d89
	at java.base/jdk.internal.reflect.NativeConstructorAccessorImpl.newInstance0(Native Method)
	at java.base/jdk.internal.reflect.NativeConstructorAccessorImpl.newInstance(NativeConstructorAccessorImpl.java:77)
	at java.base/jdk.internal.reflect.DelegatingConstructorAccessorImpl.newInstance(DelegatingConstructorAccessorImpl.java:45)
	at org.openqa.selenium.remote.ErrorCodec.decode(ErrorCodec.java:167)
	at org.openqa.selenium.remote.codec.w3c.W3CHttpResponseCodec.decode(W3CHttpResponseCodec.java:138)
	at org.openqa.selenium.remote.codec.w3c.W3CHttpResponseCodec.decode(W3CHttpResponseCodec.java:50)
	at org.openqa.selenium.remote.HttpCommandExecutor.execute(HttpCommandExecutor.java:215)
	at org.openqa.selenium.remote.service.DriverCommandExecutor.invokeExecute(DriverCommandExecutor.java:216)
	at org.openqa.selenium.remote.service.DriverCommandExecutor.execute(DriverCommandExecutor.java:174)
	at org.openqa.selenium.remote.RemoteWebDriver.execute(RemoteWebDriver.java:545)
	at org.openqa.selenium.remote.RemoteWebElement.execute(RemoteWebElement.java:223)
	at org.openqa.selenium.remote.RemoteWebElement.click(RemoteWebElement.java:76)
	at java.base/jdk.internal.reflect.NativeMethodAccessorImpl.invoke0(Native Method)
	at java.base/jdk.internal.reflect.NativeMethodAccessorImpl.invoke(NativeMethodAccessorImpl.java:77)
	at java.base/jdk.internal.reflect.DelegatingMethodAccessorImpl.invoke(DelegatingMethodAccessorImpl.java:43)
	at org.openqa.selenium.support.decorators.WebDriverDecorator.call(WebDriverDecorator.java:315)
	at org.openqa.selenium.support.decorators.DefaultDecorated.call(DefaultDecorated.java:48)
	at org.openqa.selenium.support.decorators.WebDriverDecorator.lambda$createProxyFactory$3(WebDriverDecorator.java:405)
	at net.bytebuddy.renamed.java.lang.Object$ByteBuddy$QX3JmfOS.click(Unknown Source)
	at com.kms.katalon.core.webui.keyword.builtin.ClickKeyword$_click_closure1.doCall(ClickKeyword.groovy:56)
	at java.base/jdk.internal.reflect.NativeMethodAccessorImpl.invoke0(Native Method)
	at java.base/jdk.internal.reflect.NativeMethodAccessorImpl.invoke(NativeMethodAccessorImpl.java:77)
	at java.base/jdk.internal.reflect.DelegatingMethodAccessorImpl.invoke(DelegatingMethodAccessorImpl.java:43)
	at jdk.proxy2/jdk.proxy2.$Proxy51.execute(Unknown Source)
	at com.kms.katalon.core.webui.model.SeleniumActionRetryController.performAction(SeleniumActionRetryController.java:96)
	at com.kms.katalon.core.webui.model.SeleniumActionRetryController.performAction(SeleniumActionRetryController.java:83)
	at com.kms.katalon.core.webui.keyword.internal.WebUIKeywordMain$_runKeywordUntilTimeout_closure1.doCall(WebUIKeywordMain.groovy:135)
	at com.kms.katalon.core.webui.keyword.internal.WebUIKeywordMain$_runKeywordUntilTimeout_closure1.call(WebUIKeywordMain.groovy)
	at com.kms.katalon.core.webui.keyword.internal.WebUIKeywordMain.runKeyword(WebUIKeywordMain.groovy:41)
	at com.kms.katalon.core.webui.keyword.internal.WebUIKeywordMain.runKeywordUntilTimeout(WebUIKeywordMain.groovy:132)
	at com.kms.katalon.core.webui.keyword.builtin.ClickKeyword.click(ClickKeyword.groovy:63)
	at com.kms.katalon.core.webui.keyword.builtin.ClickKeyword.execute(ClickKeyword.groovy:38)
	at com.kms.katalon.core.keyword.internal.KeywordExecutor.executeKeywordForPlatform(KeywordExecutor.groovy:79)
	at com.kms.katalon.core.webui.keyword.WebUiBuiltInKeywords.click(WebUiBuiltInKeywords.groovy:721)
	at Script1750110701689.run(Script1750110701689.groovy:44)
	... 15 more
)
2026-01-14 13:53:04.290 ERROR c.k.katalon.core.main.TestCaseExecutor   - ‚ùå Test Cases/Euromundo/Paquete_Basico/paquete_nal_para_1adl_1cnn_canal_mxn FAILED.
Reason:
com.kms.katalon.core.exception.StepFailedException: Unable to click on object 'Object Repository/Euromundo/paquete_basico/repository_paquete_nal/select_paquete_nal'
	at com.kms.katalon.core.webui.keyword.internal.WebUIKeywordMain.stepFailed(WebUIKeywordMain.groovy:175)
	at com.kms.katalon.core.webui.keyword.internal.WebUIKeywordMain.runKeyword(WebUIKeywordMain.groovy:49)
	at com.kms.katalon.core.webui.keyword.internal.WebUIKeywordMain.runKeywordUntilTimeout(WebUIKeywordMain.groovy:132)
	at com.kms.katalon.core.webui.keyword.builtin.ClickKeyword.click(ClickKeyword.groovy:63)
	at com.kms.katalon.core.webui.keyword.builtin.ClickKeyword.execute(ClickKeyword.groovy:38)
	at com.kms.katalon.core.keyword.internal.KeywordExecutor.executeKeywordForPlatform(KeywordExecutor.groovy:79)
	at com.kms.katalon.core.webui.keyword.WebUiBuiltInKeywords.click(WebUiBuiltInKeywords.groovy:721)
	at paquete_nal_para_1adl_1cnn_canal_mxn.run(paquete_nal_para_1adl_1cnn_canal_mxn:44)
	at com.kms.katalon.core.main.ScriptEngine.run(ScriptEngine.java:194)
	at com.kms.katalon.core.main.ScriptEngine.runScriptAsRawText(ScriptEngine.java:119)
	at com.kms.katalon.core.main.TestCaseExecutor.runScript(TestCaseExecutor.java:486)
	at com.kms.katalon.core.main.TestCaseExecutor.doExecute(TestCaseExecutor.java:477)
	at com.kms.katalon.core.main.TestCaseExecutor.processExecutionPhase(TestCaseExecutor.java:456)
	at com.kms.katalon.core.main.TestCaseExecutor.accessMainPhase(TestCaseExecutor.java:448)
	at com.kms.katalon.core.main.TestCaseExecutor.execute(TestCaseExecutor.java:322)
	at com.kms.katalon.core.common.CommonExecutor.accessTestCaseMainPhase(CommonExecutor.java:71)
	at com.kms.katalon.core.main.TestSuiteExecutor.accessTestSuiteMainPhase(TestSuiteExecutor.java:145)
	at com.kms.katalon.core.main.TestSuiteExecutor.execute(TestSuiteExecutor.java:104)
	at com.kms.katalon.core.main.TestCaseMain.startTestSuite(TestCaseMain.java:205)
	at TempTestSuite1768416679792.run(TempTestSuite1768416679792.groovy:35)
	at java.base/jdk.internal.reflect.NativeMethodAccessorImpl.invoke0(Native Method)
	at java.base/jdk.internal.reflect.NativeMethodAccessorImpl.invoke(NativeMethodAccessorImpl.java:77)
	at java.base/jdk.internal.reflect.DelegatingMethodAccessorImpl.invoke(DelegatingMethodAccessorImpl.java:43)
Caused by: org.openqa.selenium.ElementNotInteractableException: element not interactable
  (Session info: chrome=143.0.7499.193)
Build info: version: '4.28.1', revision: '73f5ad48a2'
System info: os.name: 'Windows 11', os.arch: 'amd64', os.version: '10.0', java.version: '17.0.14'
Driver info: com.kms.katalon.selenium.driver.CChromeDriver
Command: [6b29f53ddeb765358bb9eaeb965d1d89, clickElement {id=f.39BFBF23F6CB03E7306B6CA7B3C1C699.d.D33C153F444100525FE43A2BD8584089.e.161}]
Capabilities {acceptInsecureCerts: false, browserName: chrome, browserVersion: 143.0.7499.193, chrome: {chromedriverVersion: 143.0.7499.169 (164b20aab62..., userDataDir: C:\Users\JOHANA~1.GOM\AppDa...}, fedcm:accounts: true, goog:chromeOptions: {debuggerAddress: localhost:60290}, goog:processID: 23232, networkConnectionEnabled: false, pageLoadStrategy: normal, platformName: windows, proxy: Proxy(), se:cdp: ws://localhost:60290/devtoo..., se:cdpVersion: 143.0.7499.193, setWindowRect: true, strictFileInteractability: false, timeouts: {implicit: 0, pageLoad: 300000, script: 30000}, unhandledPromptBehavior: {alert: ignore, beforeUnload: ignore, confirm: ignore, default: ignore, file: ignore, prompt: ignore}, webSocketUrl: ws://localhost:5545/session..., webauthn:extension:credBlob: true, webauthn:extension:largeBlob: true, webauthn:extension:minPinLength: true, webauthn:extension:prf: true, webauthn:virtualAuthenticators: true}
Element: [[CChromeDriver: chrome on windows (6b29f53ddeb765358bb9eaeb965d1d89)] -> xpath: //*[@id="menu-option-national-packages"]]
Session ID: 6b29f53ddeb765358bb9eaeb965d1d89
	at java.base/jdk.internal.reflect.NativeConstructorAccessorImpl.newInstance0(Native Method)
	at java.base/jdk.internal.reflect.NativeConstructorAccessorImpl.newInstance(NativeConstructorAccessorImpl.java:77)
	at java.base/jdk.internal.reflect.DelegatingConstructorAccessorImpl.newInstance(DelegatingConstructorAccessorImpl.java:45)
	at org.openqa.selenium.remote.ErrorCodec.decode(ErrorCodec.java:167)
	at org.openqa.selenium.remote.codec.w3c.W3CHttpResponseCodec.decode(W3CHttpResponseCodec.java:138)
	at org.openqa.selenium.remote.codec.w3c.W3CHttpResponseCodec.decode(W3CHttpResponseCodec.java:50)
	at org.openqa.selenium.remote.HttpCommandExecutor.execute(HttpCommandExecutor.java:215)
	at org.openqa.selenium.remote.service.DriverCommandExecutor.invokeExecute(DriverCommandExecutor.java:216)
	at org.openqa.selenium.remote.service.DriverCommandExecutor.execute(DriverCommandExecutor.java:174)
	at org.openqa.selenium.remote.RemoteWebDriver.execute(RemoteWebDriver.java:545)
	at org.openqa.selenium.remote.RemoteWebElement.execute(RemoteWebElement.java:223)
	at org.openqa.selenium.remote.RemoteWebElement.click(RemoteWebElement.java:76)
	at java.base/jdk.internal.reflect.NativeMethodAccessorImpl.invoke0(Native Method)
	at java.base/jdk.internal.reflect.NativeMethodAccessorImpl.invoke(NativeMethodAccessorImpl.java:77)
	at java.base/jdk.internal.reflect.DelegatingMethodAccessorImpl.invoke(DelegatingMethodAccessorImpl.java:43)
	at org.openqa.selenium.support.decorators.WebDriverDecorator.call(WebDriverDecorator.java:315)
	at org.openqa.selenium.support.decorators.DefaultDecorated.call(DefaultDecorated.java:48)
	at org.openqa.selenium.support.decorators.WebDriverDecorator.lambda$createProxyFactory$3(WebDriverDecorator.java:405)
	at net.bytebuddy.renamed.java.lang.Object$ByteBuddy$QX3JmfOS.click(Unknown Source)
	at com.kms.katalon.core.webui.keyword.builtin.ClickKeyword$_click_closure1.doCall(ClickKeyword.groovy:56)
	at java.base/jdk.internal.reflect.NativeMethodAccessorImpl.invoke0(Native Method)
	at java.base/jdk.internal.reflect.NativeMethodAccessorImpl.invoke(NativeMethodAccessorImpl.java:77)
	at java.base/jdk.internal.reflect.DelegatingMethodAccessorImpl.invoke(DelegatingMethodAccessorImpl.java:43)
	at jdk.proxy2/jdk.proxy2.$Proxy51.execute(Unknown Source)
	at com.kms.katalon.core.webui.model.SeleniumActionRetryController.performAction(SeleniumActionRetryController.java:96)
	at com.kms.katalon.core.webui.model.SeleniumActionRetryController.performAction(SeleniumActionRetryController.java:83)
	at com.kms.katalon.core.webui.keyword.internal.WebUIKeywordMain$_runKeywordUntilTimeout_closure1.doCall(WebUIKeywordMain.groovy:135)
	at com.kms.katalon.core.webui.keyword.internal.WebUIKeywordMain$_runKeywordUntilTimeout_closure1.call(WebUIKeywordMain.groovy)
	at com.kms.katalon.core.webui.keyword.internal.WebUIKeywordMain.runKeyword(WebUIKeywordMain.groovy:41)
	... 21 more

2026-01-14 13:53:04.685 INFO  c.kms.katalon.core.webui.util.FileUtil   - 0 hidden object(s)
2026-01-14 13:53:04.852 INFO  c.k.k.c.keyword.builtin.CommentKeyword   - ‚ùå Error detectado: se captur√≥ imagen en C:/TempSourceSafe/Katalon Studio/Katalon Websites/Euromundo/Capturas/Test_Suites_Stabilization_Testing_stabilization_test_2ADL_1CNN_20260114_135205/Error_Test_Cases_Euromundo_Paquete_Basico_paquete_nal_para_1adl_1cnn_canal_mxn.png
2026-01-14 13:53:04.856 INFO  c.k.k.c.keyword.builtin.CommentKeyword   - <p style='color:red;font-weight:bold;'>‚ùå Captura de error del test: Test_Cases_Euromundo_Paquete_Basico_paquete_nal_para_1adl_1cnn_canal_mxn</p>
2026-01-14 13:53:04.862 INFO  c.k.k.c.keyword.builtin.CommentKeyword   - <img src='C:/TempSourceSafe/Katalon Studio/Katalon Websites/Euromundo/Capturas/Test_Suites_Stabilization_Testing_stabilization_test_2ADL_1CNN_20260114_135205/Error_Test_Cases_Euromundo_Paquete_Basico_paquete_nal_para_1adl_1cnn_canal_mxn.png' width='800'/>
2026-01-14 13:53:08.082 WARN  c.k.k.core.keyword.internal.KeywordMain  - com.kms.katalon.core.webui.exception.WebElementNotFoundException: Web element with id: 'localizadorReserva' located by 'By.xpath: //h4[contains(@class,'booking-details__booking-code')]' not found (Root cause: com.kms.katalon.core.exception.StepFailedException: com.kms.katalon.core.webui.exception.WebElementNotFoundException: Web element with id: 'localizadorReserva' located by 'By.xpath: //h4[contains(@class,'booking-details__booking-code')]' not found
	at com.kms.katalon.core.webui.keyword.internal.WebUIKeywordMain.stepFailed(WebUIKeywordMain.groovy:175)
	at com.kms.katalon.core.webui.keyword.builtin.VerifyElementPresentKeyword$_verifyElementPresent_closure1.doCall(VerifyElementPresentKeyword.groovy:88)
	at com.kms.katalon.core.webui.keyword.builtin.VerifyElementPresentKeyword$_verifyElementPresent_closure1.call(VerifyElementPresentKeyword.groovy)
	at com.kms.katalon.core.webui.keyword.internal.WebUIKeywordMain.runKeyword(WebUIKeywordMain.groovy:41)
	at com.kms.katalon.core.webui.keyword.builtin.VerifyElementPresentKeyword.verifyElementPresent(VerifyElementPresentKeyword.groovy:95)
	at com.kms.katalon.core.webui.keyword.builtin.VerifyElementPresentKeyword.execute(VerifyElementPresentKeyword.groovy:68)
	at com.kms.katalon.core.keyword.internal.KeywordExecutor.executeKeywordForPlatform(KeywordExecutor.groovy:79)
	at com.kms.katalon.core.webui.keyword.WebUiBuiltInKeywords.verifyElementPresent(WebUiBuiltInKeywords.groovy:1549)
	at Listener_LocalizadorReserva.capturarLocalizador(Listener_Localizador.groovy:27)
	at java.base/jdk.internal.reflect.NativeMethodAccessorImpl.invoke0(Native Method)
	at java.base/jdk.internal.reflect.NativeMethodAccessorImpl.invoke(NativeMethodAccessorImpl.java:77)
	at java.base/jdk.internal.reflect.DelegatingMethodAccessorImpl.invoke(DelegatingMethodAccessorImpl.java:43)
	at com.kms.katalon.core.context.internal.TestHooker.invokeMethod(TestHooker.java:111)
	at com.kms.katalon.core.context.internal.TestHooker.lambda$3(TestHooker.java:95)
	at com.kms.katalon.core.context.internal.TestHooker.invokeContextMethods(TestHooker.java:94)
	at com.kms.katalon.core.context.internal.TestListenerCollector.lambda$3(TestListenerCollector.java:88)
	at com.kms.katalon.core.context.internal.TestListenerCollector.handleListenerEvent(TestListenerCollector.java:85)
	at com.kms.katalon.core.context.internal.ExecutionEventManager.publicEvent(ExecutionEventManager.java:36)
	at com.kms.katalon.core.main.TestCaseExecutor.execute(TestCaseExecutor.java:352)
	at com.kms.katalon.core.common.CommonExecutor.accessTestCaseMainPhase(CommonExecutor.java:71)
	at com.kms.katalon.core.main.TestSuiteExecutor.accessTestSuiteMainPhase(TestSuiteExecutor.java:145)
	at com.kms.katalon.core.main.TestSuiteExecutor.execute(TestSuiteExecutor.java:104)
	at com.kms.katalon.core.main.TestCaseMain.startTestSuite(TestCaseMain.java:205)
	at TempTestSuite1768416679792.run(TempTestSuite1768416679792.groovy:35)
	at java.base/jdk.internal.reflect.NativeMethodAccessorImpl.invoke0(Native Method)
	at java.base/jdk.internal.reflect.NativeMethodAccessorImpl.invoke(NativeMethodAccessorImpl.java:77)
	at java.base/jdk.internal.reflect.DelegatingMethodAccessorImpl.invoke(DelegatingMethodAccessorImpl.java:43)
)
2026-01-14 13:53:11.156 WARN  c.k.k.core.keyword.internal.KeywordMain  - com.kms.katalon.core.webui.exception.WebElementNotFoundException: Web element with id: 'localizadorGenerico' located by 'By.xpath: //*[contains(translate(text(),'LOCALIZADOR','localizador'),'localizador:')]' not found (Root cause: com.kms.katalon.core.exception.StepFailedException: com.kms.katalon.core.webui.exception.WebElementNotFoundException: Web element with id: 'localizadorGenerico' located by 'By.xpath: //*[contains(translate(text(),'LOCALIZADOR','localizador'),'localizador:')]' not found
	at com.kms.katalon.core.webui.keyword.internal.WebUIKeywordMain.stepFailed(WebUIKeywordMain.groovy:175)
	at com.kms.katalon.core.webui.keyword.builtin.VerifyElementPresentKeyword$_verifyElementPresent_closure1.doCall(VerifyElementPresentKeyword.groovy:88)
	at com.kms.katalon.core.webui.keyword.builtin.VerifyElementPresentKeyword$_verifyElementPresent_closure1.call(VerifyElementPresentKeyword.groovy)
	at com.kms.katalon.core.webui.keyword.internal.WebUIKeywordMain.runKeyword(WebUIKeywordMain.groovy:41)
	at com.kms.katalon.core.webui.keyword.builtin.VerifyElementPresentKeyword.verifyElementPresent(VerifyElementPresentKeyword.groovy:95)
	at com.kms.katalon.core.webui.keyword.builtin.VerifyElementPresentKeyword.execute(VerifyElementPresentKeyword.groovy:68)
	at com.kms.katalon.core.keyword.internal.KeywordExecutor.executeKeywordForPlatform(KeywordExecutor.groovy:79)
	at com.kms.katalon.core.webui.keyword.WebUiBuiltInKeywords.verifyElementPresent(WebUiBuiltInKeywords.groovy:1549)
	at Listener_LocalizadorReserva.capturarLocalizador(Listener_Localizador.groovy:39)
	at java.base/jdk.internal.reflect.NativeMethodAccessorImpl.invoke0(Native Method)
	at java.base/jdk.internal.reflect.NativeMethodAccessorImpl.invoke(NativeMethodAccessorImpl.java:77)
	at java.base/jdk.internal.reflect.DelegatingMethodAccessorImpl.invoke(DelegatingMethodAccessorImpl.java:43)
	at com.kms.katalon.core.context.internal.TestHooker.invokeMethod(TestHooker.java:111)
	at com.kms.katalon.core.context.internal.TestHooker.lambda$3(TestHooker.java:95)
	at com.kms.katalon.core.context.internal.TestHooker.invokeContextMethods(TestHooker.java:94)
	at com.kms.katalon.core.context.internal.TestListenerCollector.lambda$3(TestListenerCollector.java:88)
	at com.kms.katalon.core.context.internal.TestListenerCollector.handleListenerEvent(TestListenerCollector.java:85)
	at com.kms.katalon.core.context.internal.ExecutionEventManager.publicEvent(ExecutionEventManager.java:36)
	at com.kms.katalon.core.main.TestCaseExecutor.execute(TestCaseExecutor.java:352)
	at com.kms.katalon.core.common.CommonExecutor.accessTestCaseMainPhase(CommonExecutor.java:71)
	at com.kms.katalon.core.main.TestSuiteExecutor.accessTestSuiteMainPhase(TestSuiteExecutor.java:145)
	at com.kms.katalon.core.main.TestSuiteExecutor.execute(TestSuiteExecutor.java:104)
	at com.kms.katalon.core.main.TestCaseMain.startTestSuite(TestCaseMain.java:205)
	at TempTestSuite1768416679792.run(TempTestSuite1768416679792.groovy:35)
	at java.base/jdk.internal.reflect.NativeMethodAccessorImpl.invoke0(Native Method)
	at java.base/jdk.internal.reflect.NativeMethodAccessorImpl.invoke(NativeMethodAccessorImpl.java:77)
	at java.base/jdk.internal.reflect.DelegatingMethodAccessorImpl.invoke(DelegatingMethodAccessorImpl.java:43)
)
2026-01-14 13:53:11.165 INFO  c.k.k.c.keyword.builtin.CommentKeyword   - ‚ö†Ô∏è No se detect√≥ localizador en el escenario actual.
2026-01-14 13:53:11.831 INFO  c.kms.katalon.core.webui.util.FileUtil   - 0 hidden object(s)
2026-01-14 13:53:18.144 WARN  k.k.c.w.k.b.WaitForElementVisibleKeyword - Web element with id: 'locator' located by 'By.xpath: //*[contains(translate(text(),'LOCALIZADOR','localizador'),'localizador')]' not found
2026-01-14 13:53:18.231 INFO  c.k.k.c.keyword.builtin.CommentKeyword   - ‚è±Ô∏è Duraci√≥n suite calculada internamente: 00:01:12
2026-01-14 13:53:18.314 INFO  c.k.katalon.core.main.TestCaseExecutor   - END Test Cases/Euromundo/Paquete_Basico/paquete_nal_para_1adl_1cnn_canal_mxn
2026-01-14 13:53:18.319 INFO  c.k.katalon.core.main.TestCaseExecutor   - --------------------
2026-01-14 13:53:18.319 INFO  c.k.katalon.core.main.TestCaseExecutor   - START Test Cases/Euromundo/Paquete_Basico/paquete_inter_auv_1adl_1cnn
2026-01-14 13:53:19.630 INFO  c.k.k.c.keyword.builtin.CommentKeyword   - üì¶ Versi√≥n de DLL detectada y guardada globalmente: 6.26.113.13
2026-01-14 13:53:19.631 INFO  k.k.c.m.CustomKeywordDelegatingMetaClass - utils.DLLUtils.getVersionDLL is PASSED
2026-01-14 13:53:19.632 INFO  c.k.k.c.keyword.builtin.CommentKeyword   - üåê TestCase: test cases/euromundo/paquete_basico/paquete_inter_auv_1adl_1cnn
2026-01-14 13:53:19.634 INFO  c.k.k.c.keyword.builtin.CommentKeyword   - üîó Dominio detectado: https://euromundoauv.juniper.es
2026-01-14 13:53:19.637 INFO  c.k.k.c.keyword.builtin.CommentKeyword   - üì¶ Versi√≥n de DLL: 6.26.113.13
2026-01-14 13:53:19.895 DEBUG testcase.paquete_inter_auv_1adl_1cnn     - 1: callTestCase(findTestCase("Euromundo/Login/Login_auv"), [:], STOP_ON_FAILURE)
2026-01-14 13:53:19.967 INFO  c.k.katalon.core.main.TestCaseExecutor   - --------------------
2026-01-14 13:53:19.967 INFO  c.k.katalon.core.main.TestCaseExecutor   - CALL Test Cases/Euromundo/Login/Login_auv
2026-01-14 13:53:20.064 DEBUG testcase.Login_auv                       - 1: url = "https://euromundoauv.juniper.es"
2026-01-14 13:53:20.065 DEBUG testcase.Login_auv                       - 2: openBrowser("https://euromundoauv.juniper.es")
2026-01-14 13:53:20.069 WARN  c.k.k.core.webui.driver.DriverFactory    - A browser is already opened. Closing browser and opening a new one
2026-01-14 13:53:20.344 INFO  c.k.k.core.webui.driver.DriverFactory    - Starting 'Chrome' driver
2026-01-14 13:53:20.346 INFO  c.k.k.core.webui.driver.DriverFactory    - Action delay is set to 0 milliseconds
ene. 14, 2026 1:53:21 P.¬†M. org.openqa.selenium.devtools.CdpVersionFinder findNearestMatch
ADVERTENCIA: Unable to find CDP implementation matching 143
ene. 14, 2026 1:53:21 P.¬†M. org.openqa.selenium.chromium.ChromiumDriver lambda$new$4
ADVERTENCIA: Unable to find version of CDP to use for 143.0.7499.193. You may need to include a dependency on a specific version of the CDP using something similar to `org.seleniumhq.selenium:selenium-devtools-v86:4.28.1` where the version ("v86") matches the version of the chromium-based browser you're using and the version number of the artifact is the same as Selenium's.
2026-01-14 13:53:21.340 INFO  c.k.k.core.webui.driver.DriverFactory    - sessionId = 6ade19c7ce988efc3097192f0bbfb67b
2026-01-14 13:53:21.342 INFO  c.k.k.core.webui.driver.DriverFactory    - browser = Chrome 143.0.7499.193
2026-01-14 13:53:21.342 INFO  c.k.k.core.webui.driver.DriverFactory    - platform = Windows 11
2026-01-14 13:53:21.343 INFO  c.k.k.core.webui.driver.DriverFactory    - seleniumVersion = 4.28.1
2026-01-14 13:53:21.344 INFO  c.k.k.core.webui.driver.DriverFactory    - proxyInformation = ProxyInformation { proxyOption=NO_PROXY, proxyServerType=HTTP, username=, password=********, proxyServerAddress=, proxyServerPort=0, executionList="", isApplyToDesiredCapabilities=true }
2026-01-14 13:53:27.650 DEBUG testcase.Login_auv                       - 3: maximizeWindow()
2026-01-14 13:53:27.715 DEBUG testcase.Login_auv                       - 4: version = utils.DLLUtils.getVersionDLL(url)
2026-01-14 13:53:28.693 INFO  c.k.k.c.keyword.builtin.CommentKeyword   - üì¶ Versi√≥n de DLL detectada y guardada globalmente: 6.26.113.13
2026-01-14 13:53:28.694 INFO  k.k.c.m.CustomKeywordDelegatingMetaClass - utils.DLLUtils.getVersionDLL is PASSED
2026-01-14 13:53:28.695 DEBUG testcase.Login_auv                       - 5: comment(üì¶ Versi√≥n de DLL detectada: $version)
2026-01-14 13:53:28.697 INFO  c.k.k.c.keyword.builtin.CommentKeyword   - üì¶ Versi√≥n de DLL detectada: 6.26.113.13
2026-01-14 13:53:28.698 DEBUG testcase.Login_auv                       - 6: setText(findTestObject("Euromundo/login/input_User"), username)
2026-01-14 13:53:29.506 DEBUG testcase.Login_auv                       - 7: setText(findTestObject("Euromundo/login/input_Pss"), password)
2026-01-14 13:53:30.242 DEBUG testcase.Login_auv                       - 8: click(findTestObject("Euromundo/login/checkbox_TyC"))
2026-01-14 13:53:30.652 DEBUG testcase.Login_auv                       - 9: click(findTestObject("Euromundo/login/button_Login"))
2026-01-14 13:53:31.047 DEBUG testcase.Login_auv                       - 10: waitForElementClickable(findTestObject("Euromundo/gran_deal/repository_GD_nal/button_Search_GD"), 10)
2026-01-14 13:53:41.168 WARN  k.c.w.k.b.WaitForElementClickableKeyword - Web element with id: 'Object Repository/Euromundo/gran_deal/repository_GD_nal/button_Search_GD' located by 'By.xpath: //*[@id="packagespot-searcher"]/div[2]/div/div[1]/div[5]/button' not found
2026-01-14 13:53:41.171 INFO  c.k.katalon.core.main.TestCaseExecutor   - END CALL Test Cases/Euromundo/Login/Login_auv
2026-01-14 13:53:41.171 INFO  c.k.katalon.core.main.TestCaseExecutor   - --------------------
2026-01-14 13:53:41.172 DEBUG testcase.paquete_inter_auv_1adl_1cnn     - 2: helpers.WebUIHelper.safeClick(findTestObject("Euromundo/paquete_basico/repository_paquete_nal/menu_paquete_basico"))
2026-01-14 13:53:43.563 INFO  k.k.c.m.CustomKeywordDelegatingMetaClass - helpers.WebUIHelper.safeClick is PASSED
2026-01-14 13:53:43.564 DEBUG testcase.paquete_inter_auv_1adl_1cnn     - 3: helpers.WebUIHelper.safeClick(findTestObject("Euromundo/book_steps/button_close_cookies"))
2026-01-14 13:53:45.344 INFO  k.k.c.m.CustomKeywordDelegatingMetaClass - helpers.WebUIHelper.safeClick is PASSED
2026-01-14 13:53:45.345 DEBUG testcase.paquete_inter_auv_1adl_1cnn     - 4: waitForElementClickable(findTestObject("Euromundo/book_steps/input_destination_inter"), 15)
2026-01-14 13:54:00.376 WARN  k.c.w.k.b.WaitForElementClickableKeyword - Waiting for element timed out
2026-01-14 13:54:00.382 DEBUG testcase.paquete_inter_auv_1adl_1cnn     - 5: selectOptionByValue(findTestObject("Euromundo/book_steps/input_destination_inter"), "35751", true)
2026-01-14 13:54:10.435 WARN  c.k.k.c.w.k.b.SelectOptionByValueKeyword - Waiting for element timed out
2026-01-14 13:54:11.102 DEBUG testcase.paquete_inter_auv_1adl_1cnn     - 6: selectOptionByValue(findTestObject("Euromundo/book_steps/select_origin_inter"), "35908", true)
2026-01-14 13:54:21.129 WARN  c.k.k.c.w.k.b.SelectOptionByValueKeyword - Waiting for element timed out
2026-01-14 13:54:21.758 DEBUG testcase.paquete_inter_auv_1adl_1cnn     - 7: utils.FechaUtils.setFechaSabadoEnDosMeses("Euromundo/book_steps/origin_date_inter")
2026-01-14 13:54:23.822 INFO  c.k.k.c.keyword.builtin.CommentKeyword   - üìÖ S√°bado aleatorio en 2 meses seteado: 28/03/2026
2026-01-14 13:54:23.823 INFO  k.k.c.m.CustomKeywordDelegatingMetaClass - utils.FechaUtils.setFechaSabadoEnDosMeses is PASSED
2026-01-14 13:54:23.825 DEBUG testcase.paquete_inter_auv_1adl_1cnn     - 8: helpers.WebUIHelper.safeClick(findTestObject("Euromundo/widget/set_rooms_pax_inter"))
2026-01-14 13:54:25.420 INFO  k.k.c.m.CustomKeywordDelegatingMetaClass - helpers.WebUIHelper.safeClick is PASSED
2026-01-14 13:54:25.420 DEBUG testcase.paquete_inter_auv_1adl_1cnn     - 9: habitaciones = 1
2026-01-14 13:54:25.421 DEBUG testcase.paquete_inter_auv_1adl_1cnn     - 10: adultos = [1]
2026-01-14 13:54:25.422 DEBUG testcase.paquete_inter_auv_1adl_1cnn     - 11: ninos = [1]
2026-01-14 13:54:25.425 DEBUG testcase.paquete_inter_auv_1adl_1cnn     - 12: infantes = [0]
2026-01-14 13:54:25.426 DEBUG testcase.paquete_inter_auv_1adl_1cnn     - 13: edadesNinos =  }).collect({ -> ... })
2026-01-14 13:54:25.436 DEBUG testcase.paquete_inter_auv_1adl_1cnn     - 14: edadesInfantes =  }).collect({ -> ... })
2026-01-14 13:54:25.443 DEBUG testcase.paquete_inter_auv_1adl_1cnn     - 15: edadesNinosValidas = edadesNinos.every({ -> ... })
2026-01-14 13:54:25.458 DEBUG testcase.paquete_inter_auv_1adl_1cnn     - 16: edadesInfantesValidas = edadesInfantes.every({ -> ... })
2026-01-14 13:54:25.461 DEBUG testcase.paquete_inter_auv_1adl_1cnn     - 17: if (!(edadesNinosValidas) || !(edadesInfantesValidas))
2026-01-14 13:54:25.463 DEBUG testcase.paquete_inter_auv_1adl_1cnn     - 18: else
2026-01-14 13:54:25.464 DEBUG testcase.paquete_inter_auv_1adl_1cnn     - 1: markPassed(‚úÖ Edades v√°lidas: Ni√±os $edadesNinos, Infantes $edadesInfantes)
2026-01-14 13:54:25.471 DEBUG com.kms.katalon.core.util.KeywordUtil    - ‚úì ‚úÖ Edades v√°lidas: Ni√±os [10], Infantes []
2026-01-14 13:54:25.472 DEBUG testcase.paquete_inter_auv_1adl_1cnn     - 19: utils.configuration_rooms.configurarHabitacionesYPasajerosV2(habitaciones, adultos, ninos, infantes, edadesNinos, edadesInfantes)
2026-01-14 13:54:33.877 INFO  c.k.k.c.keyword.builtin.CommentKeyword   - üßí Edades ni√±os por habitaci√≥n: [10]
2026-01-14 13:54:33.880 INFO  c.k.k.c.keyword.builtin.CommentKeyword   - üë∂ Edades infantes por habitaci√≥n: []
2026-01-14 13:54:33.881 INFO  k.k.c.m.CustomKeywordDelegatingMetaClass - utils.configuration_rooms.configurarHabitacionesYPasajerosV2 is PASSED
2026-01-14 13:54:33.882 DEBUG testcase.paquete_inter_auv_1adl_1cnn     - 20: edadesCapturadasNinos = []
2026-01-14 13:54:33.883 DEBUG testcase.paquete_inter_auv_1adl_1cnn     - 21: edadesCapturadasInfantes = []
2026-01-14 13:54:33.886 DEBUG testcase.paquete_inter_auv_1adl_1cnn     - 22: if (ninos.sum() > 0)
2026-01-14 13:54:33.887 DEBUG testcase.paquete_inter_auv_1adl_1cnn     - 1: for ([i = 1, i <= ninos[0], (i++)])
2026-01-14 13:54:33.889 DEBUG testcase.paquete_inter_auv_1adl_1cnn     - 1: objNino = new com.kms.katalon.core.testobject.TestObject(edad_nino_$i)
2026-01-14 13:54:33.890 DEBUG testcase.paquete_inter_auv_1adl_1cnn     - 2: objNino.addProperty("xpath", EQUALS, //*[@id='select2-room-selector-1-children-age-1-$i-container'])
2026-01-14 13:54:33.892 DEBUG testcase.paquete_inter_auv_1adl_1cnn     - 3: waitForElementVisible(objNino, 5)
2026-01-14 13:54:34.400 DEBUG testcase.paquete_inter_auv_1adl_1cnn     - 4: edadTexto = getText(objNino).replaceAll("\D", "")
2026-01-14 13:54:34.709 DEBUG testcase.paquete_inter_auv_1adl_1cnn     - 5: edad = (edadTexto?.isInteger()) ? edadTexto.toInteger() : -1
2026-01-14 13:54:34.710 DEBUG testcase.paquete_inter_auv_1adl_1cnn     - 6: if (edad in (2..17))
2026-01-14 13:54:34.711 DEBUG testcase.paquete_inter_auv_1adl_1cnn     - 1: edadesCapturadasNinos.add(edad)
2026-01-14 13:54:34.711 DEBUG testcase.paquete_inter_auv_1adl_1cnn     - 2: comment(üßí Edad Ni√±o $i capturada: $edad)
2026-01-14 13:54:34.713 INFO  c.k.k.c.keyword.builtin.CommentKeyword   - üßí Edad Ni√±o 1 capturada: 10
2026-01-14 13:54:34.713 DEBUG testcase.paquete_inter_auv_1adl_1cnn     - 23: if (infantes.sum() > 0)
2026-01-14 13:54:34.714 DEBUG testcase.paquete_inter_auv_1adl_1cnn     - 24: helpers.WebUIHelper.safeClick(findTestObject("Euromundo/book_steps/button_search_inter"))
2026-01-14 13:54:36.225 INFO  k.k.c.m.CustomKeywordDelegatingMetaClass - helpers.WebUIHelper.safeClick is PASSED
2026-01-14 13:54:36.225 DEBUG testcase.paquete_inter_auv_1adl_1cnn     - 25: tituloObj = new com.kms.katalon.core.testobject.TestObject(tituloDinamico)
2026-01-14 13:54:36.227 DEBUG testcase.paquete_inter_auv_1adl_1cnn     - 26: tituloObj.addProperty("xpath", EQUALS, "//div[@class='info-card__title']")
2026-01-14 13:54:36.229 DEBUG testcase.paquete_inter_auv_1adl_1cnn     - 27: tituloGuardado = getText(tituloObj)
2026-01-14 13:54:46.699 ERROR c.k.k.core.keyword.internal.KeywordMain  - ‚ùå Unable to get text of object 'tituloDinamico' (Root cause: com.kms.katalon.core.exception.StepFailedException: Unable to get text of object 'tituloDinamico'
	at com.kms.katalon.core.webui.keyword.internal.WebUIKeywordMain.stepFailed(WebUIKeywordMain.groovy:175)
	at com.kms.katalon.core.webui.keyword.internal.WebUIKeywordMain.runKeyword(WebUIKeywordMain.groovy:49)
	at com.kms.katalon.core.webui.keyword.internal.WebUIKeywordMain.runKeywordUntilTimeout(WebUIKeywordMain.groovy:132)
	at com.kms.katalon.core.webui.keyword.builtin.GetTextKeyword.getText(GetTextKeyword.groovy:90)
	at com.kms.katalon.core.webui.keyword.builtin.GetTextKeyword.execute(GetTextKeyword.groovy:67)
	at com.kms.katalon.core.keyword.internal.KeywordExecutor.executeKeywordForPlatform(KeywordExecutor.groovy:79)
	at com.kms.katalon.core.webui.keyword.WebUiBuiltInKeywords.getText(WebUiBuiltInKeywords.groovy:1019)
	at paquete_inter_auv_1adl_1cnn.run(paquete_inter_auv_1adl_1cnn:133)
	at com.kms.katalon.core.main.ScriptEngine.run(ScriptEngine.java:194)
	at com.kms.katalon.core.main.ScriptEngine.runScriptAsRawText(ScriptEngine.java:119)
	at com.kms.katalon.core.main.TestCaseExecutor.runScript(TestCaseExecutor.java:486)
	at com.kms.katalon.core.main.TestCaseExecutor.doExecute(TestCaseExecutor.java:477)
	at com.kms.katalon.core.main.TestCaseExecutor.processExecutionPhase(TestCaseExecutor.java:456)
	at com.kms.katalon.core.main.TestCaseExecutor.accessMainPhase(TestCaseExecutor.java:448)
	at com.kms.katalon.core.main.TestCaseExecutor.execute(TestCaseExecutor.java:322)
	at com.kms.katalon.core.common.CommonExecutor.accessTestCaseMainPhase(CommonExecutor.java:71)
	at com.kms.katalon.core.main.TestSuiteExecutor.accessTestSuiteMainPhase(TestSuiteExecutor.java:145)
	at com.kms.katalon.core.main.TestSuiteExecutor.execute(TestSuiteExecutor.java:104)
	at com.kms.katalon.core.main.TestCaseMain.startTestSuite(TestCaseMain.java:205)
	at TempTestSuite1768416679792.run(TempTestSuite1768416679792.groovy:35)
	at java.base/jdk.internal.reflect.NativeMethodAccessorImpl.invoke0(Native Method)
	at java.base/jdk.internal.reflect.NativeMethodAccessorImpl.invoke(NativeMethodAccessorImpl.java:77)
	at java.base/jdk.internal.reflect.DelegatingMethodAccessorImpl.invoke(DelegatingMethodAccessorImpl.java:43)
Caused by: com.kms.katalon.core.webui.exception.WebElementNotFoundException: Web element with id: 'tituloDinamico' located by 'By.xpath: //div[@class='info-card__title']' not found
	at com.kms.katalon.core.webui.model.WebUiElementFinder.findElementByNormalMethods(WebUiElementFinder.java:193)
	at com.kms.katalon.core.webui.model.WebUiElementFinder.findElementsBySelectedMethod(WebUiElementFinder.java:86)
	at com.kms.katalon.core.webui.model.WebUiElementFinder.findElementsBySelectedMethod(WebUiElementFinder.java:74)
	at com.kms.katalon.core.webui.model.WebUiElementFinder.findElementsBySelectedMethod(WebUiElementFinder.java:69)
	at com.kms.katalon.core.webui.model.WebUiElementFinder.findElement(WebUiElementFinder.java:43)
	at com.kms.katalon.core.webui.model.WebUiElementFinderWithTimeout.basicFindElement(WebUiElementFinderWithTimeout.java:50)
	at com.kms.katalon.core.webui.model.WebUiElementFinderWithTimeout.lambda$0(WebUiElementFinderWithTimeout.java:29)
	at com.kms.katalon.core.webui.model.SeleniumActionRetryController.performAction(SeleniumActionRetryController.java:96)
	at com.kms.katalon.core.webui.model.SeleniumActionRetryController.performAction(SeleniumActionRetryController.java:83)
	at com.kms.katalon.core.webui.model.WebUiElementFinderWithTimeout.findElement(WebUiElementFinderWithTimeout.java:28)
	at com.kms.katalon.core.webui.keyword.internal.WebUIAbstractKeyword.findWebElement(WebUIAbstractKeyword.groovy:96)
	at com.kms.katalon.core.webui.keyword.builtin.GetTextKeyword$_getText_closure1.doCall(GetTextKeyword.groovy:80)
	at java.base/jdk.internal.reflect.NativeMethodAccessorImpl.invoke0(Native Method)
	at java.base/jdk.internal.reflect.NativeMethodAccessorImpl.invoke(NativeMethodAccessorImpl.java:77)
	at java.base/jdk.internal.reflect.DelegatingMethodAccessorImpl.invoke(DelegatingMethodAccessorImpl.java:43)
	at jdk.proxy2/jdk.proxy2.$Proxy51.execute(Unknown Source)
	at com.kms.katalon.core.webui.model.SeleniumActionRetryController.performAction(SeleniumActionRetryController.java:96)
	at com.kms.katalon.core.webui.model.SeleniumActionRetryController.performAction(SeleniumActionRetryController.java:83)
	at com.kms.katalon.core.webui.keyword.internal.WebUIKeywordMain$_runKeywordUntilTimeout_closure1.doCall(WebUIKeywordMain.groovy:135)
	at com.kms.katalon.core.webui.keyword.internal.WebUIKeywordMain$_runKeywordUntilTimeout_closure1.call(WebUIKeywordMain.groovy)
	at com.kms.katalon.core.webui.keyword.internal.WebUIKeywordMain.runKeyword(WebUIKeywordMain.groovy:41)
	at com.kms.katalon.core.webui.keyword.internal.WebUIKeywordMain.runKeywordUntilTimeout(WebUIKeywordMain.groovy:132)
	at com.kms.katalon.core.webui.keyword.builtin.GetTextKeyword.getText(GetTextKeyword.groovy:90)
	at com.kms.katalon.core.webui.keyword.builtin.GetTextKeyword.execute(GetTextKeyword.groovy:67)
	at com.kms.katalon.core.keyword.internal.KeywordExecutor.executeKeywordForPlatform(KeywordExecutor.groovy:79)
	at com.kms.katalon.core.webui.keyword.WebUiBuiltInKeywords.getText(WebUiBuiltInKeywords.groovy:1019)
	at Script1749664002301.run(Script1749664002301.groovy:133)
	... 15 more
)
2026-01-14 13:54:46.702 ERROR c.k.katalon.core.main.TestCaseExecutor   - ‚ùå Test Cases/Euromundo/Paquete_Basico/paquete_inter_auv_1adl_1cnn FAILED.
Reason:
com.kms.katalon.core.exception.StepFailedException: Unable to get text of object 'tituloDinamico'
	at com.kms.katalon.core.webui.keyword.internal.WebUIKeywordMain.stepFailed(WebUIKeywordMain.groovy:175)
	at com.kms.katalon.core.webui.keyword.internal.WebUIKeywordMain.runKeyword(WebUIKeywordMain.groovy:49)
	at com.kms.katalon.core.webui.keyword.internal.WebUIKeywordMain.runKeywordUntilTimeout(WebUIKeywordMain.groovy:132)
	at com.kms.katalon.core.webui.keyword.builtin.GetTextKeyword.getText(GetTextKeyword.groovy:90)
	at com.kms.katalon.core.webui.keyword.builtin.GetTextKeyword.execute(GetTextKeyword.groovy:67)
	at com.kms.katalon.core.keyword.internal.KeywordExecutor.executeKeywordForPlatform(KeywordExecutor.groovy:79)
	at com.kms.katalon.core.webui.keyword.WebUiBuiltInKeywords.getText(WebUiBuiltInKeywords.groovy:1019)
	at paquete_inter_auv_1adl_1cnn.run(paquete_inter_auv_1adl_1cnn:133)
	at com.kms.katalon.core.main.ScriptEngine.run(ScriptEngine.java:194)
	at com.kms.katalon.core.main.ScriptEngine.runScriptAsRawText(ScriptEngine.java:119)
	at com.kms.katalon.core.main.TestCaseExecutor.runScript(TestCaseExecutor.java:486)
	at com.kms.katalon.core.main.TestCaseExecutor.doExecute(TestCaseExecutor.java:477)
	at com.kms.katalon.core.main.TestCaseExecutor.processExecutionPhase(TestCaseExecutor.java:456)
	at com.kms.katalon.core.main.TestCaseExecutor.accessMainPhase(TestCaseExecutor.java:448)
	at com.kms.katalon.core.main.TestCaseExecutor.execute(TestCaseExecutor.java:322)
	at com.kms.katalon.core.common.CommonExecutor.accessTestCaseMainPhase(CommonExecutor.java:71)
	at com.kms.katalon.core.main.TestSuiteExecutor.accessTestSuiteMainPhase(TestSuiteExecutor.java:145)
	at com.kms.katalon.core.main.TestSuiteExecutor.execute(TestSuiteExecutor.java:104)
	at com.kms.katalon.core.main.TestCaseMain.startTestSuite(TestCaseMain.java:205)
	at TempTestSuite1768416679792.run(TempTestSuite1768416679792.groovy:35)
	at java.base/jdk.internal.reflect.NativeMethodAccessorImpl.invoke0(Native Method)
	at java.base/jdk.internal.reflect.NativeMethodAccessorImpl.invoke(NativeMethodAccessorImpl.java:77)
	at java.base/jdk.internal.reflect.DelegatingMethodAccessorImpl.invoke(DelegatingMethodAccessorImpl.java:43)
Caused by: com.kms.katalon.core.webui.exception.WebElementNotFoundException: Web element with id: 'tituloDinamico' located by 'By.xpath: //div[@class='info-card__title']' not found
	at com.kms.katalon.core.webui.model.WebUiElementFinder.findElementByNormalMethods(WebUiElementFinder.java:193)
	at com.kms.katalon.core.webui.model.WebUiElementFinder.findElementsBySelectedMethod(WebUiElementFinder.java:86)
	at com.kms.katalon.core.webui.model.WebUiElementFinder.findElementsBySelectedMethod(WebUiElementFinder.java:74)
	at com.kms.katalon.core.webui.model.WebUiElementFinder.findElementsBySelectedMethod(WebUiElementFinder.java:69)
	at com.kms.katalon.core.webui.model.WebUiElementFinder.findElement(WebUiElementFinder.java:43)
	at com.kms.katalon.core.webui.model.WebUiElementFinderWithTimeout.basicFindElement(WebUiElementFinderWithTimeout.java:50)
	at com.kms.katalon.core.webui.model.WebUiElementFinderWithTimeout.lambda$0(WebUiElementFinderWithTimeout.java:29)
	at com.kms.katalon.core.webui.model.SeleniumActionRetryController.performAction(SeleniumActionRetryController.java:96)
	at com.kms.katalon.core.webui.model.SeleniumActionRetryController.performAction(SeleniumActionRetryController.java:83)
	at com.kms.katalon.core.webui.model.WebUiElementFinderWithTimeout.findElement(WebUiElementFinderWithTimeout.java:28)
	at com.kms.katalon.core.webui.keyword.internal.WebUIAbstractKeyword.findWebElement(WebUIAbstractKeyword.groovy:96)
	at com.kms.katalon.core.webui.keyword.builtin.GetTextKeyword$_getText_closure1.doCall(GetTextKeyword.groovy:80)
	at java.base/jdk.internal.reflect.NativeMethodAccessorImpl.invoke0(Native Method)
	at java.base/jdk.internal.reflect.NativeMethodAccessorImpl.invoke(NativeMethodAccessorImpl.java:77)
	at java.base/jdk.internal.reflect.DelegatingMethodAccessorImpl.invoke(DelegatingMethodAccessorImpl.java:43)
	at jdk.proxy2/jdk.proxy2.$Proxy51.execute(Unknown Source)
	at com.kms.katalon.core.webui.model.SeleniumActionRetryController.performAction(SeleniumActionRetryController.java:96)
	at com.kms.katalon.core.webui.model.SeleniumActionRetryController.performAction(SeleniumActionRetryController.java:83)
	at com.kms.katalon.core.webui.keyword.internal.WebUIKeywordMain$_runKeywordUntilTimeout_closure1.doCall(WebUIKeywordMain.groovy:135)
	at com.kms.katalon.core.webui.keyword.internal.WebUIKeywordMain$_runKeywordUntilTimeout_closure1.call(WebUIKeywordMain.groovy)
	at com.kms.katalon.core.webui.keyword.internal.WebUIKeywordMain.runKeyword(WebUIKeywordMain.groovy:41)
	... 21 more

2026-01-14 13:54:47.105 INFO  c.kms.katalon.core.webui.util.FileUtil   - 0 hidden object(s)
2026-01-14 13:54:47.238 INFO  c.k.k.c.keyword.builtin.CommentKeyword   - ‚ùå Error detectado: se captur√≥ imagen en C:/TempSourceSafe/Katalon Studio/Katalon Websites/Euromundo/Capturas/Test_Suites_Stabilization_Testing_stabilization_test_2ADL_1CNN_20260114_135205/Error_Test_Cases_Euromundo_Paquete_Basico_paquete_inter_auv_1adl_1cnn.png
2026-01-14 13:54:47.242 INFO  c.k.k.c.keyword.builtin.CommentKeyword   - <p style='color:red;font-weight:bold;'>‚ùå Captura de error del test: Test_Cases_Euromundo_Paquete_Basico_paquete_inter_auv_1adl_1cnn</p>
2026-01-14 13:54:47.247 INFO  c.k.k.c.keyword.builtin.CommentKeyword   - <img src='C:/TempSourceSafe/Katalon Studio/Katalon Websites/Euromundo/Capturas/Test_Suites_Stabilization_Testing_stabilization_test_2ADL_1CNN_20260114_135205/Error_Test_Cases_Euromundo_Paquete_Basico_paquete_inter_auv_1adl_1cnn.png' width='800'/>
2026-01-14 13:54:50.575 WARN  c.k.k.core.keyword.internal.KeywordMain  - com.kms.katalon.core.webui.exception.WebElementNotFoundException: Web element with id: 'localizadorReserva' located by 'By.xpath: //h4[contains(@class,'booking-details__booking-code')]' not found (Root cause: com.kms.katalon.core.exception.StepFailedException: com.kms.katalon.core.webui.exception.WebElementNotFoundException: Web element with id: 'localizadorReserva' located by 'By.xpath: //h4[contains(@class,'booking-details__booking-code')]' not found
	at com.kms.katalon.core.webui.keyword.internal.WebUIKeywordMain.stepFailed(WebUIKeywordMain.groovy:175)
	at com.kms.katalon.core.webui.keyword.builtin.VerifyElementPresentKeyword$_verifyElementPresent_closure1.doCall(VerifyElementPresentKeyword.groovy:88)
	at com.kms.katalon.core.webui.keyword.builtin.VerifyElementPresentKeyword$_verifyElementPresent_closure1.call(VerifyElementPresentKeyword.groovy)
	at com.kms.katalon.core.webui.keyword.internal.WebUIKeywordMain.runKeyword(WebUIKeywordMain.groovy:41)
	at com.kms.katalon.core.webui.keyword.builtin.VerifyElementPresentKeyword.verifyElementPresent(VerifyElementPresentKeyword.groovy:95)
	at com.kms.katalon.core.webui.keyword.builtin.VerifyElementPresentKeyword.execute(VerifyElementPresentKeyword.groovy:68)
	at com.kms.katalon.core.keyword.internal.KeywordExecutor.executeKeywordForPlatform(KeywordExecutor.groovy:79)
	at com.kms.katalon.core.webui.keyword.WebUiBuiltInKeywords.verifyElementPresent(WebUiBuiltInKeywords.groovy:1549)
	at Listener_LocalizadorReserva.capturarLocalizador(Listener_Localizador.groovy:27)
	at java.base/jdk.internal.reflect.NativeMethodAccessorImpl.invoke0(Native Method)
	at java.base/jdk.internal.reflect.NativeMethodAccessorImpl.invoke(NativeMethodAccessorImpl.java:77)
	at java.base/jdk.internal.reflect.DelegatingMethodAccessorImpl.invoke(DelegatingMethodAccessorImpl.java:43)
	at com.kms.katalon.core.context.internal.TestHooker.invokeMethod(TestHooker.java:111)
	at com.kms.katalon.core.context.internal.TestHooker.lambda$3(TestHooker.java:95)
	at com.kms.katalon.core.context.internal.TestHooker.invokeContextMethods(TestHooker.java:94)
	at com.kms.katalon.core.context.internal.TestListenerCollector.lambda$3(TestListenerCollector.java:88)
	at com.kms.katalon.core.context.internal.TestListenerCollector.handleListenerEvent(TestListenerCollector.java:85)
	at com.kms.katalon.core.context.internal.ExecutionEventManager.publicEvent(ExecutionEventManager.java:36)
	at com.kms.katalon.core.main.TestCaseExecutor.execute(TestCaseExecutor.java:352)
	at com.kms.katalon.core.common.CommonExecutor.accessTestCaseMainPhase(CommonExecutor.java:71)
	at com.kms.katalon.core.main.TestSuiteExecutor.accessTestSuiteMainPhase(TestSuiteExecutor.java:145)
	at com.kms.katalon.core.main.TestSuiteExecutor.execute(TestSuiteExecutor.java:104)
	at com.kms.katalon.core.main.TestCaseMain.startTestSuite(TestCaseMain.java:205)
	at TempTestSuite1768416679792.run(TempTestSuite1768416679792.groovy:35)
	at java.base/jdk.internal.reflect.NativeMethodAccessorImpl.invoke0(Native Method)
	at java.base/jdk.internal.reflect.NativeMethodAccessorImpl.invoke(NativeMethodAccessorImpl.java:77)
	at java.base/jdk.internal.reflect.DelegatingMethodAccessorImpl.invoke(DelegatingMethodAccessorImpl.java:43)
)
2026-01-14 13:54:53.894 WARN  c.k.k.core.keyword.internal.KeywordMain  - com.kms.katalon.core.webui.exception.WebElementNotFoundException: Web element with id: 'localizadorGenerico' located by 'By.xpath: //*[contains(translate(text(),'LOCALIZADOR','localizador'),'localizador:')]' not found (Root cause: com.kms.katalon.core.exception.StepFailedException: com.kms.katalon.core.webui.exception.WebElementNotFoundException: Web element with id: 'localizadorGenerico' located by 'By.xpath: //*[contains(translate(text(),'LOCALIZADOR','localizador'),'localizador:')]' not found
	at com.kms.katalon.core.webui.keyword.internal.WebUIKeywordMain.stepFailed(WebUIKeywordMain.groovy:175)
	at com.kms.katalon.core.webui.keyword.builtin.VerifyElementPresentKeyword$_verifyElementPresent_closure1.doCall(VerifyElementPresentKeyword.groovy:88)
	at com.kms.katalon.core.webui.keyword.builtin.VerifyElementPresentKeyword$_verifyElementPresent_closure1.call(VerifyElementPresentKeyword.groovy)
	at com.kms.katalon.core.webui.keyword.internal.WebUIKeywordMain.runKeyword(WebUIKeywordMain.groovy:41)
	at com.kms.katalon.core.webui.keyword.builtin.VerifyElementPresentKeyword.verifyElementPresent(VerifyElementPresentKeyword.groovy:95)
	at com.kms.katalon.core.webui.keyword.builtin.VerifyElementPresentKeyword.execute(VerifyElementPresentKeyword.groovy:68)
	at com.kms.katalon.core.keyword.internal.KeywordExecutor.executeKeywordForPlatform(KeywordExecutor.groovy:79)
	at com.kms.katalon.core.webui.keyword.WebUiBuiltInKeywords.verifyElementPresent(WebUiBuiltInKeywords.groovy:1549)
	at Listener_LocalizadorReserva.capturarLocalizador(Listener_Localizador.groovy:39)
	at java.base/jdk.internal.reflect.NativeMethodAccessorImpl.invoke0(Native Method)
	at java.base/jdk.internal.reflect.NativeMethodAccessorImpl.invoke(NativeMethodAccessorImpl.java:77)
	at java.base/jdk.internal.reflect.DelegatingMethodAccessorImpl.invoke(DelegatingMethodAccessorImpl.java:43)
	at com.kms.katalon.core.context.internal.TestHooker.invokeMethod(TestHooker.java:111)
	at com.kms.katalon.core.context.internal.TestHooker.lambda$3(TestHooker.java:95)
	at com.kms.katalon.core.context.internal.TestHooker.invokeContextMethods(TestHooker.java:94)
	at com.kms.katalon.core.context.internal.TestListenerCollector.lambda$3(TestListenerCollector.java:88)
	at com.kms.katalon.core.context.internal.TestListenerCollector.handleListenerEvent(TestListenerCollector.java:85)
	at com.kms.katalon.core.context.internal.ExecutionEventManager.publicEvent(ExecutionEventManager.java:36)
	at com.kms.katalon.core.main.TestCaseExecutor.execute(TestCaseExecutor.java:352)
	at com.kms.katalon.core.common.CommonExecutor.accessTestCaseMainPhase(CommonExecutor.java:71)
	at com.kms.katalon.core.main.TestSuiteExecutor.accessTestSuiteMainPhase(TestSuiteExecutor.java:145)
	at com.kms.katalon.core.main.TestSuiteExecutor.execute(TestSuiteExecutor.java:104)
	at com.kms.katalon.core.main.TestCaseMain.startTestSuite(TestCaseMain.java:205)
	at TempTestSuite1768416679792.run(TempTestSuite1768416679792.groovy:35)
	at java.base/jdk.internal.reflect.NativeMethodAccessorImpl.invoke0(Native Method)
	at java.base/jdk.internal.reflect.NativeMethodAccessorImpl.invoke(NativeMethodAccessorImpl.java:77)
	at java.base/jdk.internal.reflect.DelegatingMethodAccessorImpl.invoke(DelegatingMethodAccessorImpl.java:43)
)
2026-01-14 13:54:53.901 INFO  c.k.k.c.keyword.builtin.CommentKeyword   - ‚ö†Ô∏è No se detect√≥ localizador en el escenario actual.
2026-01-14 13:54:54.245 INFO  c.kms.katalon.core.webui.util.FileUtil   - 0 hidden object(s)
2026-01-14 13:55:00.414 WARN  k.k.c.w.k.b.WaitForElementVisibleKeyword - Web element with id: 'locator' located by 'By.xpath: //*[contains(translate(text(),'LOCALIZADOR','localizador'),'localizador')]' not found
2026-01-14 13:55:00.440 INFO  c.k.k.c.keyword.builtin.CommentKeyword   - ‚è±Ô∏è Duraci√≥n suite calculada internamente: 00:02:55
2026-01-14 13:55:00.459 INFO  c.k.katalon.core.main.TestCaseExecutor   - END Test Cases/Euromundo/Paquete_Basico/paquete_inter_auv_1adl_1cnn
2026-01-14 13:55:00.463 INFO  c.k.katalon.core.main.TestCaseExecutor   - --------------------
2026-01-14 13:55:00.463 INFO  c.k.katalon.core.main.TestCaseExecutor   - START Test Cases/Euromundo/Paquete_Basico/paquete_inter_walm_1adl_1cnn
2026-01-14 13:55:01.676 INFO  c.k.k.c.keyword.builtin.CommentKeyword   - üì¶ Versi√≥n de DLL detectada y guardada globalmente: 6.26.113.13
2026-01-14 13:55:01.677 INFO  k.k.c.m.CustomKeywordDelegatingMetaClass - utils.DLLUtils.getVersionDLL is PASSED
2026-01-14 13:55:01.681 INFO  c.k.k.c.keyword.builtin.CommentKeyword   - üåê TestCase: test cases/euromundo/paquete_basico/paquete_inter_walm_1adl_1cnn
2026-01-14 13:55:01.684 INFO  c.k.k.c.keyword.builtin.CommentKeyword   - üîó Dominio detectado: https://euromundowalm.juniper.es
2026-01-14 13:55:01.688 INFO  c.k.k.c.keyword.builtin.CommentKeyword   - üì¶ Versi√≥n de DLL: 6.26.113.13
2026-01-14 13:55:01.996 DEBUG testcase.paquete_inter_walm_1adl_1cnn    - 1: callTestCase(findTestCase("Euromundo/Login/Login_walm"), [:], STOP_ON_FAILURE)
2026-01-14 13:55:02.063 INFO  c.k.katalon.core.main.TestCaseExecutor   - --------------------
2026-01-14 13:55:02.063 INFO  c.k.katalon.core.main.TestCaseExecutor   - CALL Test Cases/Euromundo/Login/Login_walm
2026-01-14 13:55:02.082 INFO  c.k.katalon.core.main.TestCaseExecutor   - (Default) variable = 
2026-01-14 13:55:02.225 DEBUG testcase.Login_walm                      - 1: url = "https://euromundowalm.juniper.es"
2026-01-14 13:55:02.226 DEBUG testcase.Login_walm                      - 2: openBrowser("https://euromundowalm.juniper.es")
2026-01-14 13:55:02.230 WARN  c.k.k.core.webui.driver.DriverFactory    - A browser is already opened. Closing browser and opening a new one
2026-01-14 13:55:02.565 INFO  c.k.k.core.webui.driver.DriverFactory    - Starting 'Chrome' driver
2026-01-14 13:55:02.567 INFO  c.k.k.core.webui.driver.DriverFactory    - Action delay is set to 0 milliseconds
ene. 14, 2026 1:55:04 P.¬†M. org.openqa.selenium.devtools.CdpVersionFinder findNearestMatch
ADVERTENCIA: Unable to find CDP implementation matching 143
ene. 14, 2026 1:55:04 P.¬†M. org.openqa.selenium.chromium.ChromiumDriver lambda$new$4
ADVERTENCIA: Unable to find version of CDP to use for 143.0.7499.193. You may need to include a dependency on a specific version of the CDP using something similar to `org.seleniumhq.selenium:selenium-devtools-v86:4.28.1` where the version ("v86") matches the version of the chromium-based browser you're using and the version number of the artifact is the same as Selenium's.
2026-01-14 13:55:04.869 INFO  c.k.k.core.webui.driver.DriverFactory    - sessionId = 6eeb606be3151da2e81606749ee79d0f
2026-01-14 13:55:04.870 INFO  c.k.k.core.webui.driver.DriverFactory    - browser = Chrome 143.0.7499.193
2026-01-14 13:55:04.873 INFO  c.k.k.core.webui.driver.DriverFactory    - platform = Windows 11
2026-01-14 13:55:04.874 INFO  c.k.k.core.webui.driver.DriverFactory    - seleniumVersion = 4.28.1
2026-01-14 13:55:04.875 INFO  c.k.k.core.webui.driver.DriverFactory    - proxyInformation = ProxyInformation { proxyOption=NO_PROXY, proxyServerType=HTTP, username=, password=********, proxyServerAddress=, proxyServerPort=0, executionList="", isApplyToDesiredCapabilities=true }
2026-01-14 13:55:11.145 DEBUG testcase.Login_walm                      - 3: maximizeWindow()
2026-01-14 13:55:11.204 DEBUG testcase.Login_walm                      - 4: version = utils.DLLUtils.getVersionDLL(url)
2026-01-14 13:55:12.165 INFO  c.k.k.c.keyword.builtin.CommentKeyword   - üì¶ Versi√≥n de DLL detectada y guardada globalmente: 6.26.113.13
2026-01-14 13:55:12.165 INFO  k.k.c.m.CustomKeywordDelegatingMetaClass - utils.DLLUtils.getVersionDLL is PASSED
2026-01-14 13:55:12.168 DEBUG testcase.Login_walm                      - 5: comment(üì¶ Versi√≥n de DLL detectada: $version)
2026-01-14 13:55:12.170 INFO  c.k.k.c.keyword.builtin.CommentKeyword   - üì¶ Versi√≥n de DLL detectada: 6.26.113.13
2026-01-14 13:55:12.171 DEBUG testcase.Login_walm                      - 6: setText(findTestObject("Euromundo/login/input_User"), username)
2026-01-14 13:55:13.011 DEBUG testcase.Login_walm                      - 7: setText(findTestObject("Euromundo/login/input_Pss"), password)
2026-01-14 13:55:13.841 DEBUG testcase.Login_walm                      - 8: click(findTestObject("Euromundo/login/checkbox_TyC"))
2026-01-14 13:55:14.280 DEBUG testcase.Login_walm                      - 9: click(findTestObject("Euromundo/login/button_Login"))
2026-01-14 13:55:14.707 DEBUG testcase.Login_walm                      - 10: waitForElementClickable(findTestObject("Euromundo/book_steps/button_search_inter"), 10)
2026-01-14 13:55:24.924 WARN  k.c.w.k.b.WaitForElementClickableKeyword - Web element with id: 'Object Repository/Euromundo/book_steps/button_search_inter' located by 'By.xpath: //*[@id="package-searcher"]/div[2]/div/div[1]/div[5]/button' not found
2026-01-14 13:55:24.926 INFO  c.k.katalon.core.main.TestCaseExecutor   - END CALL Test Cases/Euromundo/Login/Login_walm
2026-01-14 13:55:24.926 INFO  c.k.katalon.core.main.TestCaseExecutor   - --------------------
2026-01-14 13:55:24.928 DEBUG testcase.paquete_inter_walm_1adl_1cnn    - 2: waitForElementClickable(findTestObject("Euromundo/paquete_basico/repository_paquete_nal/menu_paquete_basico"), 10)
2026-01-14 13:55:25.237 DEBUG testcase.paquete_inter_walm_1adl_1cnn    - 3: mouseOver(findTestObject("Euromundo/paquete_basico/repository_paquete_nal/menu_paquete_basico"))
2026-01-14 13:55:25.668 DEBUG testcase.paquete_inter_walm_1adl_1cnn    - 4: click(findTestObject("Euromundo/paquete_basico/repository_paquete_inter/select_paquete_inter"))
2026-01-14 13:55:26.728 DEBUG testcase.paquete_inter_walm_1adl_1cnn    - 5: click(findTestObject("Euromundo/book_steps/button_close_cookies"))
2026-01-14 13:55:27.635 DEBUG testcase.paquete_inter_walm_1adl_1cnn    - 6: waitForElementClickable(findTestObject("Euromundo/book_steps/input_destination_inter"), 15)
2026-01-14 13:55:42.668 WARN  k.c.w.k.b.WaitForElementClickableKeyword - Waiting for element timed out
2026-01-14 13:55:42.673 DEBUG testcase.paquete_inter_walm_1adl_1cnn    - 7: selectOptionByValue(findTestObject("Euromundo/book_steps/input_destination_inter"), "29476", true)
2026-01-14 13:55:52.702 WARN  c.k.k.c.w.k.b.SelectOptionByValueKeyword - Waiting for element timed out
2026-01-14 13:55:53.361 DEBUG testcase.paquete_inter_walm_1adl_1cnn    - 8: selectOptionByValue(findTestObject("Euromundo/book_steps/select_origin_inter"), "35163", true)
2026-01-14 13:56:03.384 WARN  c.k.k.c.w.k.b.SelectOptionByValueKeyword - Waiting for element timed out
2026-01-14 13:56:04.058 DEBUG testcase.paquete_inter_walm_1adl_1cnn    - 9: utils.FechaUtils.seleccionarPrimerDiaDisponibleCalendario("Euromundo/book_steps/origin_date_inter")
2026-01-14 13:56:04.574 INFO  c.k.k.c.keyword.builtin.CommentKeyword   - üìÖ Detectado input: intentando abrir calendario y seleccionar primer d√≠a disponible...
2026-01-14 13:56:06.107 INFO  c.k.k.c.keyword.builtin.CommentKeyword   - ‚úÖ Primer d√≠a habilitado del calendario seleccionado correctamente.
2026-01-14 13:56:06.108 INFO  k.k.c.m.CustomKeywordDelegatingMetaClass - utils.FechaUtils.seleccionarPrimerDiaDisponibleCalendario is PASSED
2026-01-14 13:56:06.109 DEBUG testcase.paquete_inter_walm_1adl_1cnn    - 10: helpers.WebUIHelper.safeClick(findTestObject("Euromundo/widget/set_rooms_pax_inter"))
2026-01-14 13:56:08.215 INFO  k.k.c.m.CustomKeywordDelegatingMetaClass - helpers.WebUIHelper.safeClick is PASSED
2026-01-14 13:56:08.215 DEBUG testcase.paquete_inter_walm_1adl_1cnn    - 11: habitaciones = 1
2026-01-14 13:56:08.216 DEBUG testcase.paquete_inter_walm_1adl_1cnn    - 12: adultos = [1]
2026-01-14 13:56:08.218 DEBUG testcase.paquete_inter_walm_1adl_1cnn    - 13: ninos = [1]
2026-01-14 13:56:08.219 DEBUG testcase.paquete_inter_walm_1adl_1cnn    - 14: infantes = [0]
2026-01-14 13:56:08.220 DEBUG testcase.paquete_inter_walm_1adl_1cnn    - 15: edadesNinos =  }).collect({ -> ... })
2026-01-14 13:56:08.226 DEBUG testcase.paquete_inter_walm_1adl_1cnn    - 16: edadesInfantes =  }).collect({ -> ... })
2026-01-14 13:56:08.231 DEBUG testcase.paquete_inter_walm_1adl_1cnn    - 17: edadesNinosValidas = edadesNinos.every({ -> ... })
2026-01-14 13:56:08.234 DEBUG testcase.paquete_inter_walm_1adl_1cnn    - 18: edadesInfantesValidas = edadesInfantes.every({ -> ... })
2026-01-14 13:56:08.236 DEBUG testcase.paquete_inter_walm_1adl_1cnn    - 19: if (!(edadesNinosValidas) || !(edadesInfantesValidas))
2026-01-14 13:56:08.238 DEBUG testcase.paquete_inter_walm_1adl_1cnn    - 20: else
2026-01-14 13:56:08.240 DEBUG testcase.paquete_inter_walm_1adl_1cnn    - 1: markPassed(‚úÖ Edades v√°lidas: Ni√±os $edadesNinos, Infantes $edadesInfantes)
2026-01-14 13:56:08.241 DEBUG com.kms.katalon.core.util.KeywordUtil    - ‚úì ‚úÖ Edades v√°lidas: Ni√±os [10], Infantes []
2026-01-14 13:56:08.242 DEBUG testcase.paquete_inter_walm_1adl_1cnn    - 21: utils.configuration_rooms.configurarHabitacionesYPasajerosV2(habitaciones, adultos, ninos, infantes, edadesNinos, edadesInfantes)
2026-01-14 13:56:15.945 INFO  c.k.k.c.keyword.builtin.CommentKeyword   - üßí Edades ni√±os por habitaci√≥n: [10]
2026-01-14 13:56:15.945 INFO  c.k.k.c.keyword.builtin.CommentKeyword   - üë∂ Edades infantes por habitaci√≥n: []
2026-01-14 13:56:15.947 INFO  k.k.c.m.CustomKeywordDelegatingMetaClass - utils.configuration_rooms.configurarHabitacionesYPasajerosV2 is PASSED
2026-01-14 13:56:15.948 DEBUG testcase.paquete_inter_walm_1adl_1cnn    - 22: edadesCapturadasNinos = []
2026-01-14 13:56:15.948 DEBUG testcase.paquete_inter_walm_1adl_1cnn    - 23: edadesCapturadasInfantes = []
2026-01-14 13:56:15.949 DEBUG testcase.paquete_inter_walm_1adl_1cnn    - 24: if (ninos.sum() > 0)
2026-01-14 13:56:15.950 DEBUG testcase.paquete_inter_walm_1adl_1cnn    - 1: for ([i = 1, i <= ninos[0], (i++)])
2026-01-14 13:56:15.951 DEBUG testcase.paquete_inter_walm_1adl_1cnn    - 1: objNino = new com.kms.katalon.core.testobject.TestObject(edad_nino_$i)
2026-01-14 13:56:15.951 DEBUG testcase.paquete_inter_walm_1adl_1cnn    - 2: objNino.addProperty("xpath", EQUALS, //*[@id='select2-room-selector-1-children-age-1-$i-container'])
2026-01-14 13:56:15.952 DEBUG testcase.paquete_inter_walm_1adl_1cnn    - 3: waitForElementVisible(objNino, 5)
2026-01-14 13:56:16.446 DEBUG testcase.paquete_inter_walm_1adl_1cnn    - 4: edadTexto = getText(objNino).replaceAll("\D", "")
2026-01-14 13:56:16.709 DEBUG testcase.paquete_inter_walm_1adl_1cnn    - 5: edad = (edadTexto?.isInteger()) ? edadTexto.toInteger() : -1
2026-01-14 13:56:16.711 DEBUG testcase.paquete_inter_walm_1adl_1cnn    - 6: if (edad in (2..17))
2026-01-14 13:56:16.712 DEBUG testcase.paquete_inter_walm_1adl_1cnn    - 1: edadesCapturadasNinos.add(edad)
2026-01-14 13:56:16.713 DEBUG testcase.paquete_inter_walm_1adl_1cnn    - 2: comment(üßí Edad Ni√±o $i capturada: $edad)
2026-01-14 13:56:16.715 INFO  c.k.k.c.keyword.builtin.CommentKeyword   - üßí Edad Ni√±o 1 capturada: 10
2026-01-14 13:56:16.716 DEBUG testcase.paquete_inter_walm_1adl_1cnn    - 25: if (infantes.sum() > 0)
2026-01-14 13:56:16.718 DEBUG testcase.paquete_inter_walm_1adl_1cnn    - 26: click(findTestObject("Euromundo/book_steps/button_search_inter"))
2026-01-14 13:56:17.098 DEBUG testcase.paquete_inter_walm_1adl_1cnn    - 27: tituloObj = new com.kms.katalon.core.testobject.TestObject(tituloDinamico)
2026-01-14 13:56:17.101 DEBUG testcase.paquete_inter_walm_1adl_1cnn    - 28: tituloObj.addProperty("xpath", EQUALS, "//*[@id="results-list"]/div[2]/div/div[1]/article/div[1]/div[2]/div[1]")
2026-01-14 13:56:17.102 DEBUG testcase.paquete_inter_walm_1adl_1cnn    - 29: tituloGuardado = getText(tituloObj)
2026-01-14 13:56:27.638 ERROR c.k.k.core.keyword.internal.KeywordMain  - ‚ùå Unable to get text of object 'tituloDinamico' (Root cause: com.kms.katalon.core.exception.StepFailedException: Unable to get text of object 'tituloDinamico'
	at com.kms.katalon.core.webui.keyword.internal.WebUIKeywordMain.stepFailed(WebUIKeywordMain.groovy:175)
	at com.kms.katalon.core.webui.keyword.internal.WebUIKeywordMain.runKeyword(WebUIKeywordMain.groovy:49)
	at com.kms.katalon.core.webui.keyword.internal.WebUIKeywordMain.runKeywordUntilTimeout(WebUIKeywordMain.groovy:132)
	at com.kms.katalon.core.webui.keyword.builtin.GetTextKeyword.getText(GetTextKeyword.groovy:90)
	at com.kms.katalon.core.webui.keyword.builtin.GetTextKeyword.execute(GetTextKeyword.groovy:67)
	at com.kms.katalon.core.keyword.internal.KeywordExecutor.executeKeywordForPlatform(KeywordExecutor.groovy:79)
	at com.kms.katalon.core.webui.keyword.WebUiBuiltInKeywords.getText(WebUiBuiltInKeywords.groovy:1019)
	at paquete_inter_walm_1adl_1cnn.run(paquete_inter_walm_1adl_1cnn:133)
	at com.kms.katalon.core.main.ScriptEngine.run(ScriptEngine.java:194)
	at com.kms.katalon.core.main.ScriptEngine.runScriptAsRawText(ScriptEngine.java:119)
	at com.kms.katalon.core.main.TestCaseExecutor.runScript(TestCaseExecutor.java:486)
	at com.kms.katalon.core.main.TestCaseExecutor.doExecute(TestCaseExecutor.java:477)
	at com.kms.katalon.core.main.TestCaseExecutor.processExecutionPhase(TestCaseExecutor.java:456)
	at com.kms.katalon.core.main.TestCaseExecutor.accessMainPhase(TestCaseExecutor.java:448)
	at com.kms.katalon.core.main.TestCaseExecutor.execute(TestCaseExecutor.java:322)
	at com.kms.katalon.core.common.CommonExecutor.accessTestCaseMainPhase(CommonExecutor.java:71)
	at com.kms.katalon.core.main.TestSuiteExecutor.accessTestSuiteMainPhase(TestSuiteExecutor.java:145)
	at com.kms.katalon.core.main.TestSuiteExecutor.execute(TestSuiteExecutor.java:104)
	at com.kms.katalon.core.main.TestCaseMain.startTestSuite(TestCaseMain.java:205)
	at TempTestSuite1768416679792.run(TempTestSuite1768416679792.groovy:35)
	at java.base/jdk.internal.reflect.NativeMethodAccessorImpl.invoke0(Native Method)
	at java.base/jdk.internal.reflect.NativeMethodAccessorImpl.invoke(NativeMethodAccessorImpl.java:77)
	at java.base/jdk.internal.reflect.DelegatingMethodAccessorImpl.invoke(DelegatingMethodAccessorImpl.java:43)
Caused by: com.kms.katalon.core.webui.exception.WebElementNotFoundException: Web element with id: 'tituloDinamico' located by 'By.xpath: //*[@id="results-list"]/div[2]/div/div[1]/article/div[1]/div[2]/div[1]' not found
	at com.kms.katalon.core.webui.model.WebUiElementFinder.findElementByNormalMethods(WebUiElementFinder.java:193)
	at com.kms.katalon.core.webui.model.WebUiElementFinder.findElementsBySelectedMethod(WebUiElementFinder.java:86)
	at com.kms.katalon.core.webui.model.WebUiElementFinder.findElementsBySelectedMethod(WebUiElementFinder.java:74)
	at com.kms.katalon.core.webui.model.WebUiElementFinder.findElementsBySelectedMethod(WebUiElementFinder.java:69)
	at com.kms.katalon.core.webui.model.WebUiElementFinder.findElement(WebUiElementFinder.java:43)
	at com.kms.katalon.core.webui.model.WebUiElementFinderWithTimeout.basicFindElement(WebUiElementFinderWithTimeout.java:50)
	at com.kms.katalon.core.webui.model.WebUiElementFinderWithTimeout.lambda$0(WebUiElementFinderWithTimeout.java:29)
	at com.kms.katalon.core.webui.model.SeleniumActionRetryController.performAction(SeleniumActionRetryController.java:96)
	at com.kms.katalon.core.webui.model.SeleniumActionRetryController.performAction(SeleniumActionRetryController.java:83)
	at com.kms.katalon.core.webui.model.WebUiElementFinderWithTimeout.findElement(WebUiElementFinderWithTimeout.java:28)
	at com.kms.katalon.core.webui.keyword.internal.WebUIAbstractKeyword.findWebElement(WebUIAbstractKeyword.groovy:96)
	at com.kms.katalon.core.webui.keyword.builtin.GetTextKeyword$_getText_closure1.doCall(GetTextKeyword.groovy:80)
	at java.base/jdk.internal.reflect.NativeMethodAccessorImpl.invoke0(Native Method)
	at java.base/jdk.internal.reflect.NativeMethodAccessorImpl.invoke(NativeMethodAccessorImpl.java:77)
	at java.base/jdk.internal.reflect.DelegatingMethodAccessorImpl.invoke(DelegatingMethodAccessorImpl.java:43)
	at jdk.proxy2/jdk.proxy2.$Proxy51.execute(Unknown Source)
	at com.kms.katalon.core.webui.model.SeleniumActionRetryController.performAction(SeleniumActionRetryController.java:96)
	at com.kms.katalon.core.webui.model.SeleniumActionRetryController.performAction(SeleniumActionRetryController.java:83)
	at com.kms.katalon.core.webui.keyword.internal.WebUIKeywordMain$_runKeywordUntilTimeout_closure1.doCall(WebUIKeywordMain.groovy:135)
	at com.kms.katalon.core.webui.keyword.internal.WebUIKeywordMain$_runKeywordUntilTimeout_closure1.call(WebUIKeywordMain.groovy)
	at com.kms.katalon.core.webui.keyword.internal.WebUIKeywordMain.runKeyword(WebUIKeywordMain.groovy:41)
	at com.kms.katalon.core.webui.keyword.internal.WebUIKeywordMain.runKeywordUntilTimeout(WebUIKeywordMain.groovy:132)
	at com.kms.katalon.core.webui.keyword.builtin.GetTextKeyword.getText(GetTextKeyword.groovy:90)
	at com.kms.katalon.core.webui.keyword.builtin.GetTextKeyword.execute(GetTextKeyword.groovy:67)
	at com.kms.katalon.core.keyword.internal.KeywordExecutor.executeKeywordForPlatform(KeywordExecutor.groovy:79)
	at com.kms.katalon.core.webui.keyword.WebUiBuiltInKeywords.getText(WebUiBuiltInKeywords.groovy:1019)
	at Script1750110716902.run(Script1750110716902.groovy:133)
	... 15 more
)
2026-01-14 13:56:27.642 ERROR c.k.katalon.core.main.TestCaseExecutor   - ‚ùå Test Cases/Euromundo/Paquete_Basico/paquete_inter_walm_1adl_1cnn FAILED.
Reason:
com.kms.katalon.core.exception.StepFailedException: Unable to get text of object 'tituloDinamico'
	at com.kms.katalon.core.webui.keyword.internal.WebUIKeywordMain.stepFailed(WebUIKeywordMain.groovy:175)
	at com.kms.katalon.core.webui.keyword.internal.WebUIKeywordMain.runKeyword(WebUIKeywordMain.groovy:49)
	at com.kms.katalon.core.webui.keyword.internal.WebUIKeywordMain.runKeywordUntilTimeout(WebUIKeywordMain.groovy:132)
	at com.kms.katalon.core.webui.keyword.builtin.GetTextKeyword.getText(GetTextKeyword.groovy:90)
	at com.kms.katalon.core.webui.keyword.builtin.GetTextKeyword.execute(GetTextKeyword.groovy:67)
	at com.kms.katalon.core.keyword.internal.KeywordExecutor.executeKeywordForPlatform(KeywordExecutor.groovy:79)
	at com.kms.katalon.core.webui.keyword.WebUiBuiltInKeywords.getText(WebUiBuiltInKeywords.groovy:1019)
	at paquete_inter_walm_1adl_1cnn.run(paquete_inter_walm_1adl_1cnn:133)
	at com.kms.katalon.core.main.ScriptEngine.run(ScriptEngine.java:194)
	at com.kms.katalon.core.main.ScriptEngine.runScriptAsRawText(ScriptEngine.java:119)
	at com.kms.katalon.core.main.TestCaseExecutor.runScript(TestCaseExecutor.java:486)
	at com.kms.katalon.core.main.TestCaseExecutor.doExecute(TestCaseExecutor.java:477)
	at com.kms.katalon.core.main.TestCaseExecutor.processExecutionPhase(TestCaseExecutor.java:456)
	at com.kms.katalon.core.main.TestCaseExecutor.accessMainPhase(TestCaseExecutor.java:448)
	at com.kms.katalon.core.main.TestCaseExecutor.execute(TestCaseExecutor.java:322)
	at com.kms.katalon.core.common.CommonExecutor.accessTestCaseMainPhase(CommonExecutor.java:71)
	at com.kms.katalon.core.main.TestSuiteExecutor.accessTestSuiteMainPhase(TestSuiteExecutor.java:145)
	at com.kms.katalon.core.main.TestSuiteExecutor.execute(TestSuiteExecutor.java:104)
	at com.kms.katalon.core.main.TestCaseMain.startTestSuite(TestCaseMain.java:205)
	at TempTestSuite1768416679792.run(TempTestSuite1768416679792.groovy:35)
	at java.base/jdk.internal.reflect.NativeMethodAccessorImpl.invoke0(Native Method)
	at java.base/jdk.internal.reflect.NativeMethodAccessorImpl.invoke(NativeMethodAccessorImpl.java:77)
	at java.base/jdk.internal.reflect.DelegatingMethodAccessorImpl.invoke(DelegatingMethodAccessorImpl.java:43)
Caused by: com.kms.katalon.core.webui.exception.WebElementNotFoundException: Web element with id: 'tituloDinamico' located by 'By.xpath: //*[@id="results-list"]/div[2]/div/div[1]/article/div[1]/div[2]/div[1]' not found
	at com.kms.katalon.core.webui.model.WebUiElementFinder.findElementByNormalMethods(WebUiElementFinder.java:193)
	at com.kms.katalon.core.webui.model.WebUiElementFinder.findElementsBySelectedMethod(WebUiElementFinder.java:86)
	at com.kms.katalon.core.webui.model.WebUiElementFinder.findElementsBySelectedMethod(WebUiElementFinder.java:74)
	at com.kms.katalon.core.webui.model.WebUiElementFinder.findElementsBySelectedMethod(WebUiElementFinder.java:69)
	at com.kms.katalon.core.webui.model.WebUiElementFinder.findElement(WebUiElementFinder.java:43)
	at com.kms.katalon.core.webui.model.WebUiElementFinderWithTimeout.basicFindElement(WebUiElementFinderWithTimeout.java:50)
	at com.kms.katalon.core.webui.model.WebUiElementFinderWithTimeout.lambda$0(WebUiElementFinderWithTimeout.java:29)
	at com.kms.katalon.core.webui.model.SeleniumActionRetryController.performAction(SeleniumActionRetryController.java:96)
	at com.kms.katalon.core.webui.model.SeleniumActionRetryController.performAction(SeleniumActionRetryController.java:83)
	at com.kms.katalon.core.webui.model.WebUiElementFinderWithTimeout.findElement(WebUiElementFinderWithTimeout.java:28)
	at com.kms.katalon.core.webui.keyword.internal.WebUIAbstractKeyword.findWebElement(WebUIAbstractKeyword.groovy:96)
	at com.kms.katalon.core.webui.keyword.builtin.GetTextKeyword$_getText_closure1.doCall(GetTextKeyword.groovy:80)
	at java.base/jdk.internal.reflect.NativeMethodAccessorImpl.invoke0(Native Method)
	at java.base/jdk.internal.reflect.NativeMethodAccessorImpl.invoke(NativeMethodAccessorImpl.java:77)
	at java.base/jdk.internal.reflect.DelegatingMethodAccessorImpl.invoke(DelegatingMethodAccessorImpl.java:43)
	at jdk.proxy2/jdk.proxy2.$Proxy51.execute(Unknown Source)
	at com.kms.katalon.core.webui.model.SeleniumActionRetryController.performAction(SeleniumActionRetryController.java:96)
	at com.kms.katalon.core.webui.model.SeleniumActionRetryController.performAction(SeleniumActionRetryController.java:83)
	at com.kms.katalon.core.webui.keyword.internal.WebUIKeywordMain$_runKeywordUntilTimeout_closure1.doCall(WebUIKeywordMain.groovy:135)
	at com.kms.katalon.core.webui.keyword.internal.WebUIKeywordMain$_runKeywordUntilTimeout_closure1.call(WebUIKeywordMain.groovy)
	at com.kms.katalon.core.webui.keyword.internal.WebUIKeywordMain.runKeyword(WebUIKeywordMain.groovy:41)
	... 21 more

2026-01-14 13:56:28.003 INFO  c.kms.katalon.core.webui.util.FileUtil   - 0 hidden object(s)
2026-01-14 13:56:28.117 INFO  c.k.k.c.keyword.builtin.CommentKeyword   - ‚ùå Error detectado: se captur√≥ imagen en C:/TempSourceSafe/Katalon Studio/Katalon Websites/Euromundo/Capturas/Test_Suites_Stabilization_Testing_stabilization_test_2ADL_1CNN_20260114_135205/Error_Test_Cases_Euromundo_Paquete_Basico_paquete_inter_walm_1adl_1cnn.png
2026-01-14 13:56:28.120 INFO  c.k.k.c.keyword.builtin.CommentKeyword   - <p style='color:red;font-weight:bold;'>‚ùå Captura de error del test: Test_Cases_Euromundo_Paquete_Basico_paquete_inter_walm_1adl_1cnn</p>
2026-01-14 13:56:28.122 INFO  c.k.k.c.keyword.builtin.CommentKeyword   - <img src='C:/TempSourceSafe/Katalon Studio/Katalon Websites/Euromundo/Capturas/Test_Suites_Stabilization_Testing_stabilization_test_2ADL_1CNN_20260114_135205/Error_Test_Cases_Euromundo_Paquete_Basico_paquete_inter_walm_1adl_1cnn.png' width='800'/>
2026-01-14 13:56:31.410 WARN  c.k.k.core.keyword.internal.KeywordMain  - com.kms.katalon.core.webui.exception.WebElementNotFoundException: Web element with id: 'localizadorReserva' located by 'By.xpath: //h4[contains(@class,'booking-details__booking-code')]' not found (Root cause: com.kms.katalon.core.exception.StepFailedException: com.kms.katalon.core.webui.exception.WebElementNotFoundException: Web element with id: 'localizadorReserva' located by 'By.xpath: //h4[contains(@class,'booking-details__booking-code')]' not found
	at com.kms.katalon.core.webui.keyword.internal.WebUIKeywordMain.stepFailed(WebUIKeywordMain.groovy:175)
	at com.kms.katalon.core.webui.keyword.builtin.VerifyElementPresentKeyword$_verifyElementPresent_closure1.doCall(VerifyElementPresentKeyword.groovy:88)
	at com.kms.katalon.core.webui.keyword.builtin.VerifyElementPresentKeyword$_verifyElementPresent_closure1.call(VerifyElementPresentKeyword.groovy)
	at com.kms.katalon.core.webui.keyword.internal.WebUIKeywordMain.runKeyword(WebUIKeywordMain.groovy:41)
	at com.kms.katalon.core.webui.keyword.builtin.VerifyElementPresentKeyword.verifyElementPresent(VerifyElementPresentKeyword.groovy:95)
	at com.kms.katalon.core.webui.keyword.builtin.VerifyElementPresentKeyword.execute(VerifyElementPresentKeyword.groovy:68)
	at com.kms.katalon.core.keyword.internal.KeywordExecutor.executeKeywordForPlatform(KeywordExecutor.groovy:79)
	at com.kms.katalon.core.webui.keyword.WebUiBuiltInKeywords.verifyElementPresent(WebUiBuiltInKeywords.groovy:1549)
	at Listener_LocalizadorReserva.capturarLocalizador(Listener_Localizador.groovy:27)
	at java.base/jdk.internal.reflect.NativeMethodAccessorImpl.invoke0(Native Method)
	at java.base/jdk.internal.reflect.NativeMethodAccessorImpl.invoke(NativeMethodAccessorImpl.java:77)
	at java.base/jdk.internal.reflect.DelegatingMethodAccessorImpl.invoke(DelegatingMethodAccessorImpl.java:43)
	at com.kms.katalon.core.context.internal.TestHooker.invokeMethod(TestHooker.java:111)
	at com.kms.katalon.core.context.internal.TestHooker.lambda$3(TestHooker.java:95)
	at com.kms.katalon.core.context.internal.TestHooker.invokeContextMethods(TestHooker.java:94)
	at com.kms.katalon.core.context.internal.TestListenerCollector.lambda$3(TestListenerCollector.java:88)
	at com.kms.katalon.core.context.internal.TestListenerCollector.handleListenerEvent(TestListenerCollector.java:85)
	at com.kms.katalon.core.context.internal.ExecutionEventManager.publicEvent(ExecutionEventManager.java:36)
	at com.kms.katalon.core.main.TestCaseExecutor.execute(TestCaseExecutor.java:352)
	at com.kms.katalon.core.common.CommonExecutor.accessTestCaseMainPhase(CommonExecutor.java:71)
	at com.kms.katalon.core.main.TestSuiteExecutor.accessTestSuiteMainPhase(TestSuiteExecutor.java:145)
	at com.kms.katalon.core.main.TestSuiteExecutor.execute(TestSuiteExecutor.java:104)
	at com.kms.katalon.core.main.TestCaseMain.startTestSuite(TestCaseMain.java:205)
	at TempTestSuite1768416679792.run(TempTestSuite1768416679792.groovy:35)
	at java.base/jdk.internal.reflect.NativeMethodAccessorImpl.invoke0(Native Method)
	at java.base/jdk.internal.reflect.NativeMethodAccessorImpl.invoke(NativeMethodAccessorImpl.java:77)
	at java.base/jdk.internal.reflect.DelegatingMethodAccessorImpl.invoke(DelegatingMethodAccessorImpl.java:43)
)
2026-01-14 13:56:34.726 WARN  c.k.k.core.keyword.internal.KeywordMain  - com.kms.katalon.core.webui.exception.WebElementNotFoundException: Web element with id: 'localizadorGenerico' located by 'By.xpath: //*[contains(translate(text(),'LOCALIZADOR','localizador'),'localizador:')]' not found (Root cause: com.kms.katalon.core.exception.StepFailedException: com.kms.katalon.core.webui.exception.WebElementNotFoundException: Web element with id: 'localizadorGenerico' located by 'By.xpath: //*[contains(translate(text(),'LOCALIZADOR','localizador'),'localizador:')]' not found
	at com.kms.katalon.core.webui.keyword.internal.WebUIKeywordMain.stepFailed(WebUIKeywordMain.groovy:175)
	at com.kms.katalon.core.webui.keyword.builtin.VerifyElementPresentKeyword$_verifyElementPresent_closure1.doCall(VerifyElementPresentKeyword.groovy:88)
	at com.kms.katalon.core.webui.keyword.builtin.VerifyElementPresentKeyword$_verifyElementPresent_closure1.call(VerifyElementPresentKeyword.groovy)
	at com.kms.katalon.core.webui.keyword.internal.WebUIKeywordMain.runKeyword(WebUIKeywordMain.groovy:41)
	at com.kms.katalon.core.webui.keyword.builtin.VerifyElementPresentKeyword.verifyElementPresent(VerifyElementPresentKeyword.groovy:95)
	at com.kms.katalon.core.webui.keyword.builtin.VerifyElementPresentKeyword.execute(VerifyElementPresentKeyword.groovy:68)
	at com.kms.katalon.core.keyword.internal.KeywordExecutor.executeKeywordForPlatform(KeywordExecutor.groovy:79)
	at com.kms.katalon.core.webui.keyword.WebUiBuiltInKeywords.verifyElementPresent(WebUiBuiltInKeywords.groovy:1549)
	at Listener_LocalizadorReserva.capturarLocalizador(Listener_Localizador.groovy:39)
	at java.base/jdk.internal.reflect.NativeMethodAccessorImpl.invoke0(Native Method)
	at java.base/jdk.internal.reflect.NativeMethodAccessorImpl.invoke(NativeMethodAccessorImpl.java:77)
	at java.base/jdk.internal.reflect.DelegatingMethodAccessorImpl.invoke(DelegatingMethodAccessorImpl.java:43)
	at com.kms.katalon.core.context.internal.TestHooker.invokeMethod(TestHooker.java:111)
	at com.kms.katalon.core.context.internal.TestHooker.lambda$3(TestHooker.java:95)
	at com.kms.katalon.core.context.internal.TestHooker.invokeContextMethods(TestHooker.java:94)
	at com.kms.katalon.core.context.internal.TestListenerCollector.lambda$3(TestListenerCollector.java:88)
	at com.kms.katalon.core.context.internal.TestListenerCollector.handleListenerEvent(TestListenerCollector.java:85)
	at com.kms.katalon.core.context.internal.ExecutionEventManager.publicEvent(ExecutionEventManager.java:36)
	at com.kms.katalon.core.main.TestCaseExecutor.execute(TestCaseExecutor.java:352)
	at com.kms.katalon.core.common.CommonExecutor.accessTestCaseMainPhase(CommonExecutor.java:71)
	at com.kms.katalon.core.main.TestSuiteExecutor.accessTestSuiteMainPhase(TestSuiteExecutor.java:145)
	at com.kms.katalon.core.main.TestSuiteExecutor.execute(TestSuiteExecutor.java:104)
	at com.kms.katalon.core.main.TestCaseMain.startTestSuite(TestCaseMain.java:205)
	at TempTestSuite1768416679792.run(TempTestSuite1768416679792.groovy:35)
	at java.base/jdk.internal.reflect.NativeMethodAccessorImpl.invoke0(Native Method)
	at java.base/jdk.internal.reflect.NativeMethodAccessorImpl.invoke(NativeMethodAccessorImpl.java:77)
	at java.base/jdk.internal.reflect.DelegatingMethodAccessorImpl.invoke(DelegatingMethodAccessorImpl.java:43)
)
2026-01-14 13:56:34.730 INFO  c.k.k.c.keyword.builtin.CommentKeyword   - ‚ö†Ô∏è No se detect√≥ localizador en el escenario actual.
2026-01-14 13:56:35.044 INFO  c.kms.katalon.core.webui.util.FileUtil   - 0 hidden object(s)
2026-01-14 13:56:41.331 WARN  k.k.c.w.k.b.WaitForElementVisibleKeyword - Web element with id: 'locator' located by 'By.xpath: //*[contains(translate(text(),'LOCALIZADOR','localizador'),'localizador')]' not found
2026-01-14 13:56:41.343 INFO  c.k.k.c.keyword.builtin.CommentKeyword   - ‚è±Ô∏è Duraci√≥n suite calculada internamente: 00:04:36
2026-01-14 13:56:41.352 INFO  c.k.katalon.core.main.TestCaseExecutor   - END Test Cases/Euromundo/Paquete_Basico/paquete_inter_walm_1adl_1cnn
2026-01-14 13:56:41.357 INFO  c.k.katalon.core.main.TestCaseExecutor   - --------------------
2026-01-14 13:56:41.357 INFO  c.k.katalon.core.main.TestCaseExecutor   - START Test Cases/Euromundo/Paquete_Basico/paquetes_inter_auv_1adl_1cnn
2026-01-14 13:56:42.357 INFO  c.k.k.c.keyword.builtin.CommentKeyword   - üì¶ Versi√≥n de DLL detectada y guardada globalmente: 6.26.113.13
2026-01-14 13:56:42.358 INFO  k.k.c.m.CustomKeywordDelegatingMetaClass - utils.DLLUtils.getVersionDLL is PASSED
2026-01-14 13:56:42.361 INFO  c.k.k.c.keyword.builtin.CommentKeyword   - üåê TestCase: test cases/euromundo/paquete_basico/paquetes_inter_auv_1adl_1cnn
2026-01-14 13:56:42.363 INFO  c.k.k.c.keyword.builtin.CommentKeyword   - üîó Dominio detectado: https://euromundoauv.juniper.es
2026-01-14 13:56:42.365 INFO  c.k.k.c.keyword.builtin.CommentKeyword   - üì¶ Versi√≥n de DLL: 6.26.113.13
2026-01-14 13:56:42.559 DEBUG testcase.paquete_inter_auv_1adl_1cnn     - 1: callTestCase(findTestCase("Euromundo/Login/Login_auv"), [:], STOP_ON_FAILURE)
2026-01-14 13:56:42.619 INFO  c.k.katalon.core.main.TestCaseExecutor   - --------------------
2026-01-14 13:56:42.619 INFO  c.k.katalon.core.main.TestCaseExecutor   - CALL Test Cases/Euromundo/Login/Login_auv
2026-01-14 13:56:42.633 DEBUG testcase.Login_auv                       - 1: url = "https://euromundoauv.juniper.es"
2026-01-14 13:56:42.634 DEBUG testcase.Login_auv                       - 2: openBrowser("https://euromundoauv.juniper.es")
2026-01-14 13:56:42.637 WARN  c.k.k.core.webui.driver.DriverFactory    - A browser is already opened. Closing browser and opening a new one
2026-01-14 13:56:42.931 INFO  c.k.k.core.webui.driver.DriverFactory    - Starting 'Chrome' driver
2026-01-14 13:56:42.932 INFO  c.k.k.core.webui.driver.DriverFactory    - Action delay is set to 0 milliseconds
ene. 14, 2026 1:56:44 P.¬†M. org.openqa.selenium.devtools.CdpVersionFinder findNearestMatch
ADVERTENCIA: Unable to find CDP implementation matching 143
ene. 14, 2026 1:56:44 P.¬†M. org.openqa.selenium.chromium.ChromiumDriver lambda$new$4
ADVERTENCIA: Unable to find version of CDP to use for 143.0.7499.193. You may need to include a dependency on a specific version of the CDP using something similar to `org.seleniumhq.selenium:selenium-devtools-v86:4.28.1` where the version ("v86") matches the version of the chromium-based browser you're using and the version number of the artifact is the same as Selenium's.
2026-01-14 13:56:44.337 INFO  c.k.k.core.webui.driver.DriverFactory    - sessionId = 2250ffdff22cda3b9feceb057885cba2
2026-01-14 13:56:44.338 INFO  c.k.k.core.webui.driver.DriverFactory    - browser = Chrome 143.0.7499.193
2026-01-14 13:56:44.339 INFO  c.k.k.core.webui.driver.DriverFactory    - platform = Windows 11
2026-01-14 13:56:44.339 INFO  c.k.k.core.webui.driver.DriverFactory    - seleniumVersion = 4.28.1
2026-01-14 13:56:44.341 INFO  c.k.k.core.webui.driver.DriverFactory    - proxyInformation = ProxyInformation { proxyOption=NO_PROXY, proxyServerType=HTTP, username=, password=********, proxyServerAddress=, proxyServerPort=0, executionList="", isApplyToDesiredCapabilities=true }
2026-01-14 13:56:49.895 DEBUG testcase.Login_auv                       - 3: maximizeWindow()
2026-01-14 13:56:49.937 DEBUG testcase.Login_auv                       - 4: version = utils.DLLUtils.getVersionDLL(url)
2026-01-14 13:56:50.906 INFO  c.k.k.c.keyword.builtin.CommentKeyword   - üì¶ Versi√≥n de DLL detectada y guardada globalmente: 6.26.113.13
2026-01-14 13:56:50.907 INFO  k.k.c.m.CustomKeywordDelegatingMetaClass - utils.DLLUtils.getVersionDLL is PASSED
2026-01-14 13:56:50.908 DEBUG testcase.Login_auv                       - 5: comment(üì¶ Versi√≥n de DLL detectada: $version)
2026-01-14 13:56:50.910 INFO  c.k.k.c.keyword.builtin.CommentKeyword   - üì¶ Versi√≥n de DLL detectada: 6.26.113.13
2026-01-14 13:56:50.910 DEBUG testcase.Login_auv                       - 6: setText(findTestObject("Euromundo/login/input_User"), username)
2026-01-14 13:56:51.594 DEBUG testcase.Login_auv                       - 7: setText(findTestObject("Euromundo/login/input_Pss"), password)
2026-01-14 13:56:52.287 DEBUG testcase.Login_auv                       - 8: click(findTestObject("Euromundo/login/checkbox_TyC"))
2026-01-14 13:56:52.657 DEBUG testcase.Login_auv                       - 9: click(findTestObject("Euromundo/login/button_Login"))
2026-01-14 13:56:53.010 DEBUG testcase.Login_auv                       - 10: waitForElementClickable(findTestObject("Euromundo/gran_deal/repository_GD_nal/button_Search_GD"), 10)
2026-01-14 13:57:03.079 WARN  k.c.w.k.b.WaitForElementClickableKeyword - Web element with id: 'Object Repository/Euromundo/gran_deal/repository_GD_nal/button_Search_GD' located by 'By.xpath: //*[@id="packagespot-searcher"]/div[2]/div/div[1]/div[5]/button' not found
2026-01-14 13:57:03.080 INFO  c.k.katalon.core.main.TestCaseExecutor   - END CALL Test Cases/Euromundo/Login/Login_auv
2026-01-14 13:57:03.080 INFO  c.k.katalon.core.main.TestCaseExecutor   - --------------------
2026-01-14 13:57:03.081 DEBUG testcase.paquete_inter_auv_1adl_1cnn     - 2: helpers.WebUIHelper.safeClick(findTestObject("Euromundo/paquete_basico/repository_paquete_nal/menu_paquete_basico"))
2026-01-14 13:57:05.359 INFO  k.k.c.m.CustomKeywordDelegatingMetaClass - helpers.WebUIHelper.safeClick is PASSED
2026-01-14 13:57:05.360 DEBUG testcase.paquete_inter_auv_1adl_1cnn     - 3: helpers.WebUIHelper.safeClick(findTestObject("Euromundo/book_steps/button_close_cookies"))
2026-01-14 13:57:07.252 INFO  k.k.c.m.CustomKeywordDelegatingMetaClass - helpers.WebUIHelper.safeClick is PASSED
2026-01-14 13:57:07.254 DEBUG testcase.paquete_inter_auv_1adl_1cnn     - 4: waitForElementClickable(findTestObject("Euromundo/book_steps/input_destination_inter"), 15)
2026-01-14 13:57:22.283 WARN  k.c.w.k.b.WaitForElementClickableKeyword - Waiting for element timed out
2026-01-14 13:57:22.285 DEBUG testcase.paquete_inter_auv_1adl_1cnn     - 5: selectOptionByValue(findTestObject("Euromundo/book_steps/input_destination_inter"), "35751", true)
2026-01-14 13:57:32.311 WARN  c.k.k.c.w.k.b.SelectOptionByValueKeyword - Waiting for element timed out
2026-01-14 13:57:32.943 DEBUG testcase.paquete_inter_auv_1adl_1cnn     - 6: selectOptionByValue(findTestObject("Euromundo/book_steps/select_origin_inter"), "35908", true)
2026-01-14 13:57:42.967 WARN  c.k.k.c.w.k.b.SelectOptionByValueKeyword - Waiting for element timed out
2026-01-14 13:57:43.592 DEBUG testcase.paquete_inter_auv_1adl_1cnn     - 7: utils.FechaUtils.setFechaAleatoriaDesdeTresMesesFuturo("Euromundo/book_steps/origin_date_inter")
2026-01-14 13:57:45.629 INFO  c.k.k.c.keyword.builtin.CommentKeyword   - üìÖ Fecha aleatoria entre 3 y 4 meses: 14/04/2026
2026-01-14 13:57:45.630 INFO  k.k.c.m.CustomKeywordDelegatingMetaClass - utils.FechaUtils.setFechaAleatoriaDesdeTresMesesFuturo is PASSED
2026-01-14 13:57:45.631 DEBUG testcase.paquete_inter_auv_1adl_1cnn     - 8: helpers.WebUIHelper.safeClick(findTestObject("Euromundo/widget/set_rooms_pax_inter"))
2026-01-14 13:57:47.105 INFO  k.k.c.m.CustomKeywordDelegatingMetaClass - helpers.WebUIHelper.safeClick is PASSED
2026-01-14 13:57:47.107 DEBUG testcase.paquete_inter_auv_1adl_1cnn     - 9: habitaciones = 1
2026-01-14 13:57:47.108 DEBUG testcase.paquete_inter_auv_1adl_1cnn     - 10: adultos = [1]
2026-01-14 13:57:47.110 DEBUG testcase.paquete_inter_auv_1adl_1cnn     - 11: ninos = [1]
2026-01-14 13:57:47.111 DEBUG testcase.paquete_inter_auv_1adl_1cnn     - 12: infantes = [0]
2026-01-14 13:57:47.112 DEBUG testcase.paquete_inter_auv_1adl_1cnn     - 13: edadesNinos =  }).collect({ -> ... })
2026-01-14 13:57:47.117 DEBUG testcase.paquete_inter_auv_1adl_1cnn     - 14: edadesInfantes =  }).collect({ -> ... })
2026-01-14 13:57:47.124 DEBUG testcase.paquete_inter_auv_1adl_1cnn     - 15: edadesNinosValidas = edadesNinos.every({ -> ... })
2026-01-14 13:57:47.129 DEBUG testcase.paquete_inter_auv_1adl_1cnn     - 16: edadesInfantesValidas = edadesInfantes.every({ -> ... })
2026-01-14 13:57:47.134 DEBUG testcase.paquete_inter_auv_1adl_1cnn     - 17: if (!(edadesNinosValidas) || !(edadesInfantesValidas))
2026-01-14 13:57:47.135 DEBUG testcase.paquete_inter_auv_1adl_1cnn     - 18: else
2026-01-14 13:57:47.135 DEBUG testcase.paquete_inter_auv_1adl_1cnn     - 1: markPassed(‚úÖ Edades v√°lidas: Ni√±os $edadesNinos, Infantes $edadesInfantes)
2026-01-14 13:57:47.135 DEBUG com.kms.katalon.core.util.KeywordUtil    - ‚úì ‚úÖ Edades v√°lidas: Ni√±os [10], Infantes []
2026-01-14 13:57:47.136 DEBUG testcase.paquete_inter_auv_1adl_1cnn     - 19: utils.configuration_rooms.configurarHabitacionesYPasajerosV2(habitaciones, adultos, ninos, infantes, edadesNinos, edadesInfantes)
2026-01-14 13:57:55.388 INFO  c.k.k.c.keyword.builtin.CommentKeyword   - üßí Edades ni√±os por habitaci√≥n: [10]
2026-01-14 13:57:55.391 INFO  c.k.k.c.keyword.builtin.CommentKeyword   - üë∂ Edades infantes por habitaci√≥n: []
2026-01-14 13:57:55.392 INFO  k.k.c.m.CustomKeywordDelegatingMetaClass - utils.configuration_rooms.configurarHabitacionesYPasajerosV2 is PASSED
2026-01-14 13:57:55.393 DEBUG testcase.paquete_inter_auv_1adl_1cnn     - 20: edadesCapturadasNinos = []
2026-01-14 13:57:55.395 DEBUG testcase.paquete_inter_auv_1adl_1cnn     - 21: edadesCapturadasInfantes = []
2026-01-14 13:57:55.397 DEBUG testcase.paquete_inter_auv_1adl_1cnn     - 22: if (ninos.sum() > 0)
2026-01-14 13:57:55.398 DEBUG testcase.paquete_inter_auv_1adl_1cnn     - 1: for ([i = 1, i <= ninos[0], (i++)])
2026-01-14 13:57:55.399 DEBUG testcase.paquete_inter_auv_1adl_1cnn     - 1: objNino = new com.kms.katalon.core.testobject.TestObject(edad_nino_$i)
2026-01-14 13:57:55.401 DEBUG testcase.paquete_inter_auv_1adl_1cnn     - 2: objNino.addProperty("xpath", EQUALS, //*[@id='select2-room-selector-1-children-age-1-$i-container'])
2026-01-14 13:57:55.402 DEBUG testcase.paquete_inter_auv_1adl_1cnn     - 3: waitForElementVisible(objNino, 5)
2026-01-14 13:57:55.885 DEBUG testcase.paquete_inter_auv_1adl_1cnn     - 4: edadTexto = getText(objNino).replaceAll("\D", "")
2026-01-14 13:57:56.152 DEBUG testcase.paquete_inter_auv_1adl_1cnn     - 5: edad = (edadTexto?.isInteger()) ? edadTexto.toInteger() : -1
2026-01-14 13:57:56.156 DEBUG testcase.paquete_inter_auv_1adl_1cnn     - 6: if (edad in (2..17))
2026-01-14 13:57:56.157 DEBUG testcase.paquete_inter_auv_1adl_1cnn     - 1: edadesCapturadasNinos.add(edad)
2026-01-14 13:57:56.159 DEBUG testcase.paquete_inter_auv_1adl_1cnn     - 2: comment(üßí Edad Ni√±o $i capturada: $edad)
2026-01-14 13:57:56.160 INFO  c.k.k.c.keyword.builtin.CommentKeyword   - üßí Edad Ni√±o 1 capturada: 10
2026-01-14 13:57:56.163 DEBUG testcase.paquete_inter_auv_1adl_1cnn     - 23: if (infantes.sum() > 0)
2026-01-14 13:57:56.165 DEBUG testcase.paquete_inter_auv_1adl_1cnn     - 24: helpers.WebUIHelper.safeClick(findTestObject("Euromundo/book_steps/button_search_inter"))
2026-01-14 13:57:57.628 INFO  k.k.c.m.CustomKeywordDelegatingMetaClass - helpers.WebUIHelper.safeClick is PASSED
2026-01-14 13:57:57.629 DEBUG testcase.paquete_inter_auv_1adl_1cnn     - 25: tituloObj = new com.kms.katalon.core.testobject.TestObject(tituloDinamico)
2026-01-14 13:57:57.635 DEBUG testcase.paquete_inter_auv_1adl_1cnn     - 26: tituloObj.addProperty("xpath", EQUALS, "//div[@class='info-card__title']")
2026-01-14 13:57:57.636 DEBUG testcase.paquete_inter_auv_1adl_1cnn     - 27: tituloGuardado = getText(tituloObj)
2026-01-14 13:58:08.149 ERROR c.k.k.core.keyword.internal.KeywordMain  - ‚ùå Unable to get text of object 'tituloDinamico' (Root cause: com.kms.katalon.core.exception.StepFailedException: Unable to get text of object 'tituloDinamico'
	at com.kms.katalon.core.webui.keyword.internal.WebUIKeywordMain.stepFailed(WebUIKeywordMain.groovy:175)
	at com.kms.katalon.core.webui.keyword.internal.WebUIKeywordMain.runKeyword(WebUIKeywordMain.groovy:49)
	at com.kms.katalon.core.webui.keyword.internal.WebUIKeywordMain.runKeywordUntilTimeout(WebUIKeywordMain.groovy:132)
	at com.kms.katalon.core.webui.keyword.builtin.GetTextKeyword.getText(GetTextKeyword.groovy:90)
	at com.kms.katalon.core.webui.keyword.builtin.GetTextKeyword.execute(GetTextKeyword.groovy:67)
	at com.kms.katalon.core.keyword.internal.KeywordExecutor.executeKeywordForPlatform(KeywordExecutor.groovy:79)
	at com.kms.katalon.core.webui.keyword.WebUiBuiltInKeywords.getText(WebUiBuiltInKeywords.groovy:1019)
	at paquetes_inter_auv_1adl_1cnn.run(paquetes_inter_auv_1adl_1cnn:133)
	at com.kms.katalon.core.main.ScriptEngine.run(ScriptEngine.java:194)
	at com.kms.katalon.core.main.ScriptEngine.runScriptAsRawText(ScriptEngine.java:119)
	at com.kms.katalon.core.main.TestCaseExecutor.runScript(TestCaseExecutor.java:486)
	at com.kms.katalon.core.main.TestCaseExecutor.doExecute(TestCaseExecutor.java:477)
	at com.kms.katalon.core.main.TestCaseExecutor.processExecutionPhase(TestCaseExecutor.java:456)
	at com.kms.katalon.core.main.TestCaseExecutor.accessMainPhase(TestCaseExecutor.java:448)
	at com.kms.katalon.core.main.TestCaseExecutor.execute(TestCaseExecutor.java:322)
	at com.kms.katalon.core.common.CommonExecutor.accessTestCaseMainPhase(CommonExecutor.java:71)
	at com.kms.katalon.core.main.TestSuiteExecutor.accessTestSuiteMainPhase(TestSuiteExecutor.java:145)
	at com.kms.katalon.core.main.TestSuiteExecutor.execute(TestSuiteExecutor.java:104)
	at com.kms.katalon.core.main.TestCaseMain.startTestSuite(TestCaseMain.java:205)
	at TempTestSuite1768416679792.run(TempTestSuite1768416679792.groovy:35)
	at java.base/jdk.internal.reflect.NativeMethodAccessorImpl.invoke0(Native Method)
	at java.base/jdk.internal.reflect.NativeMethodAccessorImpl.invoke(NativeMethodAccessorImpl.java:77)
	at java.base/jdk.internal.reflect.DelegatingMethodAccessorImpl.invoke(DelegatingMethodAccessorImpl.java:43)
Caused by: com.kms.katalon.core.webui.exception.WebElementNotFoundException: Web element with id: 'tituloDinamico' located by 'By.xpath: //div[@class='info-card__title']' not found
	at com.kms.katalon.core.webui.model.WebUiElementFinder.findElementByNormalMethods(WebUiElementFinder.java:193)
	at com.kms.katalon.core.webui.model.WebUiElementFinder.findElementsBySelectedMethod(WebUiElementFinder.java:86)
	at com.kms.katalon.core.webui.model.WebUiElementFinder.findElementsBySelectedMethod(WebUiElementFinder.java:74)
	at com.kms.katalon.core.webui.model.WebUiElementFinder.findElementsBySelectedMethod(WebUiElementFinder.java:69)
	at com.kms.katalon.core.webui.model.WebUiElementFinder.findElement(WebUiElementFinder.java:43)
	at com.kms.katalon.core.webui.model.WebUiElementFinderWithTimeout.basicFindElement(WebUiElementFinderWithTimeout.java:50)
	at com.kms.katalon.core.webui.model.WebUiElementFinderWithTimeout.lambda$0(WebUiElementFinderWithTimeout.java:29)
	at com.kms.katalon.core.webui.model.SeleniumActionRetryController.performAction(SeleniumActionRetryController.java:96)
	at com.kms.katalon.core.webui.model.SeleniumActionRetryController.performAction(SeleniumActionRetryController.java:83)
	at com.kms.katalon.core.webui.model.WebUiElementFinderWithTimeout.findElement(WebUiElementFinderWithTimeout.java:28)
	at com.kms.katalon.core.webui.keyword.internal.WebUIAbstractKeyword.findWebElement(WebUIAbstractKeyword.groovy:96)
	at com.kms.katalon.core.webui.keyword.builtin.GetTextKeyword$_getText_closure1.doCall(GetTextKeyword.groovy:80)
	at java.base/jdk.internal.reflect.NativeMethodAccessorImpl.invoke0(Native Method)
	at java.base/jdk.internal.reflect.NativeMethodAccessorImpl.invoke(NativeMethodAccessorImpl.java:77)
	at java.base/jdk.internal.reflect.DelegatingMethodAccessorImpl.invoke(DelegatingMethodAccessorImpl.java:43)
	at jdk.proxy2/jdk.proxy2.$Proxy51.execute(Unknown Source)
	at com.kms.katalon.core.webui.model.SeleniumActionRetryController.performAction(SeleniumActionRetryController.java:96)
	at com.kms.katalon.core.webui.model.SeleniumActionRetryController.performAction(SeleniumActionRetryController.java:83)
	at com.kms.katalon.core.webui.keyword.internal.WebUIKeywordMain$_runKeywordUntilTimeout_closure1.doCall(WebUIKeywordMain.groovy:135)
	at com.kms.katalon.core.webui.keyword.internal.WebUIKeywordMain$_runKeywordUntilTimeout_closure1.call(WebUIKeywordMain.groovy)
	at com.kms.katalon.core.webui.keyword.internal.WebUIKeywordMain.runKeyword(WebUIKeywordMain.groovy:41)
	at com.kms.katalon.core.webui.keyword.internal.WebUIKeywordMain.runKeywordUntilTimeout(WebUIKeywordMain.groovy:132)
	at com.kms.katalon.core.webui.keyword.builtin.GetTextKeyword.getText(GetTextKeyword.groovy:90)
	at com.kms.katalon.core.webui.keyword.builtin.GetTextKeyword.execute(GetTextKeyword.groovy:67)
	at com.kms.katalon.core.keyword.internal.KeywordExecutor.executeKeywordForPlatform(KeywordExecutor.groovy:79)
	at com.kms.katalon.core.webui.keyword.WebUiBuiltInKeywords.getText(WebUiBuiltInKeywords.groovy:1019)
	at Script1749664002301.run(Script1749664002301.groovy:133)
	... 15 more
)
2026-01-14 13:58:08.153 ERROR c.k.katalon.core.main.TestCaseExecutor   - ‚ùå Test Cases/Euromundo/Paquete_Basico/paquetes_inter_auv_1adl_1cnn FAILED.
Reason:
com.kms.katalon.core.exception.StepFailedException: Unable to get text of object 'tituloDinamico'
	at com.kms.katalon.core.webui.keyword.internal.WebUIKeywordMain.stepFailed(WebUIKeywordMain.groovy:175)
	at com.kms.katalon.core.webui.keyword.internal.WebUIKeywordMain.runKeyword(WebUIKeywordMain.groovy:49)
	at com.kms.katalon.core.webui.keyword.internal.WebUIKeywordMain.runKeywordUntilTimeout(WebUIKeywordMain.groovy:132)
	at com.kms.katalon.core.webui.keyword.builtin.GetTextKeyword.getText(GetTextKeyword.groovy:90)
	at com.kms.katalon.core.webui.keyword.builtin.GetTextKeyword.execute(GetTextKeyword.groovy:67)
	at com.kms.katalon.core.keyword.internal.KeywordExecutor.executeKeywordForPlatform(KeywordExecutor.groovy:79)
	at com.kms.katalon.core.webui.keyword.WebUiBuiltInKeywords.getText(WebUiBuiltInKeywords.groovy:1019)
	at paquetes_inter_auv_1adl_1cnn.run(paquetes_inter_auv_1adl_1cnn:133)
	at com.kms.katalon.core.main.ScriptEngine.run(ScriptEngine.java:194)
	at com.kms.katalon.core.main.ScriptEngine.runScriptAsRawText(ScriptEngine.java:119)
	at com.kms.katalon.core.main.TestCaseExecutor.runScript(TestCaseExecutor.java:486)
	at com.kms.katalon.core.main.TestCaseExecutor.doExecute(TestCaseExecutor.java:477)
	at com.kms.katalon.core.main.TestCaseExecutor.processExecutionPhase(TestCaseExecutor.java:456)
	at com.kms.katalon.core.main.TestCaseExecutor.accessMainPhase(TestCaseExecutor.java:448)
	at com.kms.katalon.core.main.TestCaseExecutor.execute(TestCaseExecutor.java:322)
	at com.kms.katalon.core.common.CommonExecutor.accessTestCaseMainPhase(CommonExecutor.java:71)
	at com.kms.katalon.core.main.TestSuiteExecutor.accessTestSuiteMainPhase(TestSuiteExecutor.java:145)
	at com.kms.katalon.core.main.TestSuiteExecutor.execute(TestSuiteExecutor.java:104)
	at com.kms.katalon.core.main.TestCaseMain.startTestSuite(TestCaseMain.java:205)
	at TempTestSuite1768416679792.run(TempTestSuite1768416679792.groovy:35)
	at java.base/jdk.internal.reflect.NativeMethodAccessorImpl.invoke0(Native Method)
	at java.base/jdk.internal.reflect.NativeMethodAccessorImpl.invoke(NativeMethodAccessorImpl.java:77)
	at java.base/jdk.internal.reflect.DelegatingMethodAccessorImpl.invoke(DelegatingMethodAccessorImpl.java:43)
Caused by: com.kms.katalon.core.webui.exception.WebElementNotFoundException: Web element with id: 'tituloDinamico' located by 'By.xpath: //div[@class='info-card__title']' not found
	at com.kms.katalon.core.webui.model.WebUiElementFinder.findElementByNormalMethods(WebUiElementFinder.java:193)
	at com.kms.katalon.core.webui.model.WebUiElementFinder.findElementsBySelectedMethod(WebUiElementFinder.java:86)
	at com.kms.katalon.core.webui.model.WebUiElementFinder.findElementsBySelectedMethod(WebUiElementFinder.java:74)
	at com.kms.katalon.core.webui.model.WebUiElementFinder.findElementsBySelectedMethod(WebUiElementFinder.java:69)
	at com.kms.katalon.core.webui.model.WebUiElementFinder.findElement(WebUiElementFinder.java:43)
	at com.kms.katalon.core.webui.model.WebUiElementFinderWithTimeout.basicFindElement(WebUiElementFinderWithTimeout.java:50)
	at com.kms.katalon.core.webui.model.WebUiElementFinderWithTimeout.lambda$0(WebUiElementFinderWithTimeout.java:29)
	at com.kms.katalon.core.webui.model.SeleniumActionRetryController.performAction(SeleniumActionRetryController.java:96)
	at com.kms.katalon.core.webui.model.SeleniumActionRetryController.performAction(SeleniumActionRetryController.java:83)
	at com.kms.katalon.core.webui.model.WebUiElementFinderWithTimeout.findElement(WebUiElementFinderWithTimeout.java:28)
	at com.kms.katalon.core.webui.keyword.internal.WebUIAbstractKeyword.findWebElement(WebUIAbstractKeyword.groovy:96)
	at com.kms.katalon.core.webui.keyword.builtin.GetTextKeyword$_getText_closure1.doCall(GetTextKeyword.groovy:80)
	at java.base/jdk.internal.reflect.NativeMethodAccessorImpl.invoke0(Native Method)
	at java.base/jdk.internal.reflect.NativeMethodAccessorImpl.invoke(NativeMethodAccessorImpl.java:77)
	at java.base/jdk.internal.reflect.DelegatingMethodAccessorImpl.invoke(DelegatingMethodAccessorImpl.java:43)
	at jdk.proxy2/jdk.proxy2.$Proxy51.execute(Unknown Source)
	at com.kms.katalon.core.webui.model.SeleniumActionRetryController.performAction(SeleniumActionRetryController.java:96)
	at com.kms.katalon.core.webui.model.SeleniumActionRetryController.performAction(SeleniumActionRetryController.java:83)
	at com.kms.katalon.core.webui.keyword.internal.WebUIKeywordMain$_runKeywordUntilTimeout_closure1.doCall(WebUIKeywordMain.groovy:135)
	at com.kms.katalon.core.webui.keyword.internal.WebUIKeywordMain$_runKeywordUntilTimeout_closure1.call(WebUIKeywordMain.groovy)
	at com.kms.katalon.core.webui.keyword.internal.WebUIKeywordMain.runKeyword(WebUIKeywordMain.groovy:41)
	... 21 more

2026-01-14 13:58:08.510 INFO  c.kms.katalon.core.webui.util.FileUtil   - 0 hidden object(s)
2026-01-14 13:58:08.725 INFO  c.k.k.c.keyword.builtin.CommentKeyword   - ‚ùå Error detectado: se captur√≥ imagen en C:/TempSourceSafe/Katalon Studio/Katalon Websites/Euromundo/Capturas/Test_Suites_Stabilization_Testing_stabilization_test_2ADL_1CNN_20260114_135205/Error_Test_Cases_Euromundo_Paquete_Basico_paquetes_inter_auv_1adl_1cnn.png
2026-01-14 13:58:08.727 INFO  c.k.k.c.keyword.builtin.CommentKeyword   - <p style='color:red;font-weight:bold;'>‚ùå Captura de error del test: Test_Cases_Euromundo_Paquete_Basico_paquetes_inter_auv_1adl_1cnn</p>
2026-01-14 13:58:08.731 INFO  c.k.k.c.keyword.builtin.CommentKeyword   - <img src='C:/TempSourceSafe/Katalon Studio/Katalon Websites/Euromundo/Capturas/Test_Suites_Stabilization_Testing_stabilization_test_2ADL_1CNN_20260114_135205/Error_Test_Cases_Euromundo_Paquete_Basico_paquetes_inter_auv_1adl_1cnn.png' width='800'/>
2026-01-14 13:58:11.854 WARN  c.k.k.core.keyword.internal.KeywordMain  - com.kms.katalon.core.webui.exception.WebElementNotFoundException: Web element with id: 'localizadorReserva' located by 'By.xpath: //h4[contains(@class,'booking-details__booking-code')]' not found (Root cause: com.kms.katalon.core.exception.StepFailedException: com.kms.katalon.core.webui.exception.WebElementNotFoundException: Web element with id: 'localizadorReserva' located by 'By.xpath: //h4[contains(@class,'booking-details__booking-code')]' not found
	at com.kms.katalon.core.webui.keyword.internal.WebUIKeywordMain.stepFailed(WebUIKeywordMain.groovy:175)
	at com.kms.katalon.core.webui.keyword.builtin.VerifyElementPresentKeyword$_verifyElementPresent_closure1.doCall(VerifyElementPresentKeyword.groovy:88)
	at com.kms.katalon.core.webui.keyword.builtin.VerifyElementPresentKeyword$_verifyElementPresent_closure1.call(VerifyElementPresentKeyword.groovy)
	at com.kms.katalon.core.webui.keyword.internal.WebUIKeywordMain.runKeyword(WebUIKeywordMain.groovy:41)
	at com.kms.katalon.core.webui.keyword.builtin.VerifyElementPresentKeyword.verifyElementPresent(VerifyElementPresentKeyword.groovy:95)
	at com.kms.katalon.core.webui.keyword.builtin.VerifyElementPresentKeyword.execute(VerifyElementPresentKeyword.groovy:68)
	at com.kms.katalon.core.keyword.internal.KeywordExecutor.executeKeywordForPlatform(KeywordExecutor.groovy:79)
	at com.kms.katalon.core.webui.keyword.WebUiBuiltInKeywords.verifyElementPresent(WebUiBuiltInKeywords.groovy:1549)
	at Listener_LocalizadorReserva.capturarLocalizador(Listener_Localizador.groovy:27)
	at java.base/jdk.internal.reflect.NativeMethodAccessorImpl.invoke0(Native Method)
	at java.base/jdk.internal.reflect.NativeMethodAccessorImpl.invoke(NativeMethodAccessorImpl.java:77)
	at java.base/jdk.internal.reflect.DelegatingMethodAccessorImpl.invoke(DelegatingMethodAccessorImpl.java:43)
	at com.kms.katalon.core.context.internal.TestHooker.invokeMethod(TestHooker.java:111)
	at com.kms.katalon.core.context.internal.TestHooker.lambda$3(TestHooker.java:95)
	at com.kms.katalon.core.context.internal.TestHooker.invokeContextMethods(TestHooker.java:94)
	at com.kms.katalon.core.context.internal.TestListenerCollector.lambda$3(TestListenerCollector.java:88)
	at com.kms.katalon.core.context.internal.TestListenerCollector.handleListenerEvent(TestListenerCollector.java:85)
	at com.kms.katalon.core.context.internal.ExecutionEventManager.publicEvent(ExecutionEventManager.java:36)
	at com.kms.katalon.core.main.TestCaseExecutor.execute(TestCaseExecutor.java:352)
	at com.kms.katalon.core.common.CommonExecutor.accessTestCaseMainPhase(CommonExecutor.java:71)
	at com.kms.katalon.core.main.TestSuiteExecutor.accessTestSuiteMainPhase(TestSuiteExecutor.java:145)
	at com.kms.katalon.core.main.TestSuiteExecutor.execute(TestSuiteExecutor.java:104)
	at com.kms.katalon.core.main.TestCaseMain.startTestSuite(TestCaseMain.java:205)
	at TempTestSuite1768416679792.run(TempTestSuite1768416679792.groovy:35)
	at java.base/jdk.internal.reflect.NativeMethodAccessorImpl.invoke0(Native Method)
	at java.base/jdk.internal.reflect.NativeMethodAccessorImpl.invoke(NativeMethodAccessorImpl.java:77)
	at java.base/jdk.internal.reflect.DelegatingMethodAccessorImpl.invoke(DelegatingMethodAccessorImpl.java:43)
)
2026-01-14 13:58:15.129 WARN  c.k.k.core.keyword.internal.KeywordMain  - com.kms.katalon.core.webui.exception.WebElementNotFoundException: Web element with id: 'localizadorGenerico' located by 'By.xpath: //*[contains(translate(text(),'LOCALIZADOR','localizador'),'localizador:')]' not found (Root cause: com.kms.katalon.core.exception.StepFailedException: com.kms.katalon.core.webui.exception.WebElementNotFoundException: Web element with id: 'localizadorGenerico' located by 'By.xpath: //*[contains(translate(text(),'LOCALIZADOR','localizador'),'localizador:')]' not found
	at com.kms.katalon.core.webui.keyword.internal.WebUIKeywordMain.stepFailed(WebUIKeywordMain.groovy:175)
	at com.kms.katalon.core.webui.keyword.builtin.VerifyElementPresentKeyword$_verifyElementPresent_closure1.doCall(VerifyElementPresentKeyword.groovy:88)
	at com.kms.katalon.core.webui.keyword.builtin.VerifyElementPresentKeyword$_verifyElementPresent_closure1.call(VerifyElementPresentKeyword.groovy)
	at com.kms.katalon.core.webui.keyword.internal.WebUIKeywordMain.runKeyword(WebUIKeywordMain.groovy:41)
	at com.kms.katalon.core.webui.keyword.builtin.VerifyElementPresentKeyword.verifyElementPresent(VerifyElementPresentKeyword.groovy:95)
	at com.kms.katalon.core.webui.keyword.builtin.VerifyElementPresentKeyword.execute(VerifyElementPresentKeyword.groovy:68)
	at com.kms.katalon.core.keyword.internal.KeywordExecutor.executeKeywordForPlatform(KeywordExecutor.groovy:79)
	at com.kms.katalon.core.webui.keyword.WebUiBuiltInKeywords.verifyElementPresent(WebUiBuiltInKeywords.groovy:1549)
	at Listener_LocalizadorReserva.capturarLocalizador(Listener_Localizador.groovy:39)
	at java.base/jdk.internal.reflect.NativeMethodAccessorImpl.invoke0(Native Method)
	at java.base/jdk.internal.reflect.NativeMethodAccessorImpl.invoke(NativeMethodAccessorImpl.java:77)
	at java.base/jdk.internal.reflect.DelegatingMethodAccessorImpl.invoke(DelegatingMethodAccessorImpl.java:43)
	at com.kms.katalon.core.context.internal.TestHooker.invokeMethod(TestHooker.java:111)
	at com.kms.katalon.core.context.internal.TestHooker.lambda$3(TestHooker.java:95)
	at com.kms.katalon.core.context.internal.TestHooker.invokeContextMethods(TestHooker.java:94)
	at com.kms.katalon.core.context.internal.TestListenerCollector.lambda$3(TestListenerCollector.java:88)
	at com.kms.katalon.core.context.internal.TestListenerCollector.handleListenerEvent(TestListenerCollector.java:85)
	at com.kms.katalon.core.context.internal.ExecutionEventManager.publicEvent(ExecutionEventManager.java:36)
	at com.kms.katalon.core.main.TestCaseExecutor.execute(TestCaseExecutor.java:352)
	at com.kms.katalon.core.common.CommonExecutor.accessTestCaseMainPhase(CommonExecutor.java:71)
	at com.kms.katalon.core.main.TestSuiteExecutor.accessTestSuiteMainPhase(TestSuiteExecutor.java:145)
	at com.kms.katalon.core.main.TestSuiteExecutor.execute(TestSuiteExecutor.java:104)
	at com.kms.katalon.core.main.TestCaseMain.startTestSuite(TestCaseMain.java:205)
	at TempTestSuite1768416679792.run(TempTestSuite1768416679792.groovy:35)
	at java.base/jdk.internal.reflect.NativeMethodAccessorImpl.invoke0(Native Method)
	at java.base/jdk.internal.reflect.NativeMethodAccessorImpl.invoke(NativeMethodAccessorImpl.java:77)
	at java.base/jdk.internal.reflect.DelegatingMethodAccessorImpl.invoke(DelegatingMethodAccessorImpl.java:43)
)
2026-01-14 13:58:15.138 INFO  c.k.k.c.keyword.builtin.CommentKeyword   - ‚ö†Ô∏è No se detect√≥ localizador en el escenario actual.
2026-01-14 13:58:17.684 INFO  c.kms.katalon.core.webui.util.FileUtil   - 0 hidden object(s)
