<?xml version="1.0" encoding="UTF-8"?>
<testsuites name="stabilization_test_2ADL_1CNN" time="182.904" tests="1" failures="0" errors="1">
   <testsuite name="stabilization_test_2ADL_1CNN" tests="1" failures="0" errors="1" time="182.904" skipped="0" timestamp="2025-12-27T02:25:48.694Z" hostname="johana.gomez - CMANJGOMEZ2.JUNIPER" id="Test Suites/Stabilization Testing/stabilization_test_2ADL_1CNN">
      <properties>
         <property name="deviceName" value=""/>
         <property name="devicePlatform"/>
         <property name="logFolder" value="C:\\TempSourceSafe\\Katalon Studio\\Katalon Websites\\Euromundo\\Reports\\20251226_212539\\Stabilization Testing\\stabilization_test_2ADL_1CNN\\20251226_212539"/>
         <property name="logFiles" value="C:\\TempSourceSafe\\Katalon Studio\\Katalon Websites\\Euromundo\\Reports\\20251226_212539\\Stabilization Testing\\stabilization_test_2ADL_1CNN\\20251226_212539\\console0.log, C:\\TempSourceSafe\\Katalon Studio\\Katalon Websites\\Euromundo\\Reports\\20251226_212539\\Stabilization Testing\\stabilization_test_2ADL_1CNN\\20251226_212539\\execution0.log"/>
         <property name="attachments" value="C:\\TempSourceSafe\\Katalon Studio\\Katalon Websites\\Euromundo\\Reports\\20251226_212539\\Stabilization Testing\\stabilization_test_2ADL_1CNN\\20251226_212539\\C:/TempSourceSafe/Katalon Studio/Katalon Websites/Euromundo/Capturas/Test_Suites_Stabilization_Testing_stabilization_test_2ADL_1CNN_20251226_212548/Fin_Test_Cases_Euromundo_Paquete_Basico_paquete_nal_para_1adl_1cnn_canal_mxn.png, C:\TempSourceSafe\Katalon Studio\Katalon Websites\Euromundo\Reports\20251226_212539\Stabilization Testing\stabilization_test_2ADL_1CNN\20251226_212539/Report_PMO/screenshots/ERROR_paquete_nal_para_1adl_1cnn_canal_mxn_2025-12-26_21-28-43.png"/>
         <property name="hostName" value="johana.gomez - CMANJGOMEZ2.JUNIPER"/>
         <property name="os" value="Windows 11 64bit"/>
         <property name="katalonVersion" value="10.3.2.0"/>
         <property name="browser" value="Chrome 143.0.7499.170"/>
         <property name="userFullName" value="Johana Natali Gomez Munar"/>
         <property name="hostAddress" value="192.168.0.35"/>
         <property name="sessionId" value="c3b04d90cf22511511f5109b2df864b5"/>
         <property name="projectName" value="Euromundo"/>
         <property name="seleniumVersion" value="4.28.1"/>
         <property name="proxyInformation" value="ProxyInformation { proxyOption=NO_PROXY, proxyServerType=HTTP, username=, password=********, proxyServerAddress=, proxyServerPort=0, executionList=&quot;&quot;, isApplyToDesiredCapabilities=true }"/>
         <property name="platform" value="Windows 11"/>
      </properties>
      <testcase name="Test Cases/Euromundo/Paquete_Basico/paquete_nal_para_1adl_1cnn_canal_mxn" time="182.098" classname="Test Cases/Euromundo/Paquete_Basico/paquete_nal_para_1adl_1cnn_canal_mxn" status="ERROR">
         <error type="ERROR" message="Test Cases/Euromundo/Paquete_Basico/paquete_nal_para_1adl_1cnn_canal_mxn FAILED.&#xa;Reason:&#xa;com.kms.katalon.core.webui.exception.WebElementNotFoundException: Web element with id: 'dynamicPaxSelect' located by '//select[contains(@class,'js-set-confirm-pax-data')]' not found&#xa;	at com.kms.katalon.core.webui.common.WebUiCommonHelper.findWebElement(WebUiCommonHelper.java:1553)&#xa;	at paquete_nal_para_1adl_1cnn_canal_mxn.run(paquete_nal_para_1adl_1cnn_canal_mxn:270)&#xa;	at com.kms.katalon.core.main.ScriptEngine.run(ScriptEngine.java:194)&#xa;	at com.kms.katalon.core.main.ScriptEngine.runScriptAsRawText(ScriptEngine.java:119)&#xa;	at com.kms.katalon.core.main.TestCaseExecutor.runScript(TestCaseExecutor.java:486)&#xa;	at com.kms.katalon.core.main.TestCaseExecutor.doExecute(TestCaseExecutor.java:477)&#xa;	at com.kms.katalon.core.main.TestCaseExecutor.processExecutionPhase(TestCaseExecutor.java:456)&#xa;	at com.kms.katalon.core.main.TestCaseExecutor.accessMainPhase(TestCaseExecutor.java:448)&#xa;	at com.kms.katalon.core.main.TestCaseExecutor.execute(TestCaseExecutor.java:322)&#xa;	at com.kms.katalon.core.common.CommonExecutor.accessTestCaseMainPhase(CommonExecutor.java:71)&#xa;	at com.kms.katalon.core.main.TestSuiteExecutor.accessTestSuiteMainPhase(TestSuiteExecutor.java:145)&#xa;	at com.kms.katalon.core.main.TestSuiteExecutor.execute(TestSuiteExecutor.java:104)&#xa;	at com.kms.katalon.core.main.TestCaseMain.startTestSuite(TestCaseMain.java:205)&#xa;	at TempTestSuite1766802339781.run(TempTestSuite1766802339781.groovy:35)&#xa;	at java.base/jdk.internal.reflect.NativeMethodAccessorImpl.invoke0(Native Method)&#xa;	at java.base/jdk.internal.reflect.NativeMethodAccessorImpl.invoke(NativeMethodAccessorImpl.java:77)&#xa;	at java.base/jdk.internal.reflect.DelegatingMethodAccessorImpl.invoke(DelegatingMethodAccessorImpl.java:43)&#xa;"/>
         <system-out><![CDATA[26-12-2025T21:25:49 - [TEST_CASE][ERROR] - Test Cases/Euromundo/Paquete_Basico/paquete_nal_para_1adl_1cnn_canal_mxn: Test Cases/Euromundo/Paquete_Basico/paquete_nal_para_1adl_1cnn_canal_mxn FAILED.
Reason:
com.kms.katalon.core.webui.exception.WebElementNotFoundException: Web element with id: 'dynamicPaxSelect' located by '//select[contains(@class,'js-set-confirm-pax-data')]' not found
	at com.kms.katalon.core.webui.common.WebUiCommonHelper.findWebElement(WebUiCommonHelper.java:1553)
	at paquete_nal_para_1adl_1cnn_canal_mxn.run(paquete_nal_para_1adl_1cnn_canal_mxn:270)
	at com.kms.katalon.core.main.ScriptEngine.run(ScriptEngine.java:194)
	at com.kms.katalon.core.main.ScriptEngine.runScriptAsRawText(ScriptEngine.java:119)
	at com.kms.katalon.core.main.TestCaseExecutor.runScript(TestCaseExecutor.java:486)
	at com.kms.katalon.core.main.TestCaseExecutor.doExecute(TestCaseExecutor.java:477)
	at com.kms.katalon.core.main.TestCaseExecutor.processExecutionPhase(TestCaseExecutor.java:456)
	at com.kms.katalon.core.main.TestCaseExecutor.accessMainPhase(TestCaseExecutor.java:448)
	at com.kms.katalon.core.main.TestCaseExecutor.execute(TestCaseExecutor.java:322)
	at com.kms.katalon.core.common.CommonExecutor.accessTestCaseMainPhase(CommonExecutor.java:71)
	at com.kms.katalon.core.main.TestSuiteExecutor.accessTestSuiteMainPhase(TestSuiteExecutor.java:145)
	at com.kms.katalon.core.main.TestSuiteExecutor.execute(TestSuiteExecutor.java:104)
	at com.kms.katalon.core.main.TestCaseMain.startTestSuite(TestCaseMain.java:205)
	at TempTestSuite1766802339781.run(TempTestSuite1766802339781.groovy:35)
	at java.base/jdk.internal.reflect.NativeMethodAccessorImpl.invoke0(Native Method)
	at java.base/jdk.internal.reflect.NativeMethodAccessorImpl.invoke(NativeMethodAccessorImpl.java:77)
	at java.base/jdk.internal.reflect.DelegatingMethodAccessorImpl.invoke(DelegatingMethodAccessorImpl.java:43)


26-12-2025T21:25:49 - [TEST_STEP][PASSED] - Start listener action : logDLLVersion: üì¶ Versi√≥n de DLL: 6.25.1224.1

26-12-2025T21:25:49 - [TEST_STEP][PASSED] - try: üì¶ Versi√≥n de DLL: 6.25.1224.1

26-12-2025T21:25:49 - [TEST_STEP][PASSED] - dominioPorTipo = ["otn":"https://euromundootn.juniper.es", "oti":"https://euromundooti.juniper.es", "mxn":"https://euromundomxn.juniper.es", ... ]: null

26-12-2025T21:25:49 - [TEST_STEP][PASSED] - testCaseId = getTestCaseId().toLowerCase(): null

26-12-2025T21:25:49 - [TEST_STEP][PASSED] - dominio = value: null

26-12-2025T21:25:49 - [TEST_STEP][PASSED] - if (dominio == null): null

26-12-2025T21:25:49 - [TEST_STEP][PASSED] - version = utils.DLLUtils.getVersionDLL(dominio): utils.DLLUtils.getVersionDLL is PASSED

26-12-2025T21:25:51 - [MESSAGE][INFO] - üì¶ Versi√≥n de DLL detectada y guardada globalmente: 6.25.1224.1

26-12-2025T21:25:51 - [MESSAGE][PASSED] - utils.DLLUtils.getVersionDLL is PASSED

26-12-2025T21:25:51 - [TEST_STEP][PASSED] - comment(üåê TestCase: $testCaseId): üåê TestCase: test cases/euromundo/paquete_basico/paquete_nal_para_1adl_1cnn_canal_mxn

26-12-2025T21:25:51 - [MESSAGE][INFO] - üåê TestCase: test cases/euromundo/paquete_basico/paquete_nal_para_1adl_1cnn_canal_mxn

26-12-2025T21:25:51 - [TEST_STEP][PASSED] - comment(üîó Dominio detectado: $dominio): üîó Dominio detectado: https://euromundomxn.juniper.es

26-12-2025T21:25:51 - [MESSAGE][INFO] - üîó Dominio detectado: https://euromundomxn.juniper.es

26-12-2025T21:25:51 - [TEST_STEP][PASSED] - comment(üì¶ Versi√≥n de DLL: $version): üì¶ Versi√≥n de DLL: 6.25.1224.1

26-12-2025T21:25:51 - [MESSAGE][INFO] - üì¶ Versi√≥n de DLL: 6.25.1224.1

26-12-2025T21:25:51 - [TEST_STEP][PASSED] - callTestCase(findTestCase("Euromundo/Login/Login_mxn"), [:], STOP_ON_FAILURE): Call Test Case 'Test Cases/Euromundo/Login/Login_mxn' successfully

26-12-2025T21:25:51 - [TEST_CASE][PASSED] - Test Cases/Euromundo/Login/Login_mxn: Test Cases/Euromundo/Login/Login_mxn

26-12-2025T21:25:51 - [TEST_STEP][PASSED] - url = "https://euromundomxn.juniper.es": null

26-12-2025T21:25:51 - [TEST_STEP][PASSED] - openBrowser("https://euromundomxn.juniper.es"): Browser is opened with url: 'https://euromundomxn.juniper.es'

26-12-2025T21:25:51 - [MESSAGE][INFO] - Starting 'Chrome' driver

26-12-2025T21:25:51 - [MESSAGE][INFO] - Action delay is set to 0 milliseconds

26-12-2025T21:25:59 - [MESSAGE][PASSED] - Browser is opened with url: 'https://euromundomxn.juniper.es'

26-12-2025T21:25:59 - [TEST_STEP][PASSED] - maximizeWindow(): Current window maximized

26-12-2025T21:25:59 - [MESSAGE][PASSED] - Current window maximized

26-12-2025T21:25:59 - [TEST_STEP][PASSED] - version = utils.DLLUtils.getVersionDLL(url): utils.DLLUtils.getVersionDLL is PASSED

26-12-2025T21:26:00 - [MESSAGE][INFO] - üì¶ Versi√≥n de DLL detectada y guardada globalmente: 6.25.1224.1

26-12-2025T21:26:00 - [MESSAGE][PASSED] - utils.DLLUtils.getVersionDLL is PASSED

26-12-2025T21:26:00 - [TEST_STEP][PASSED] - comment(üì¶ Versi√≥n de DLL detectada: $version): üì¶ Versi√≥n de DLL detectada: 6.25.1224.1

26-12-2025T21:26:00 - [MESSAGE][INFO] - üì¶ Versi√≥n de DLL detectada: 6.25.1224.1

26-12-2025T21:26:00 - [TEST_STEP][PASSED] - setText(findTestObject("Euromundo/login/input_User"), username): Text 'AGV2873' is set on object 'Object Repository/Euromundo/login/input_User'

26-12-2025T21:26:01 - [MESSAGE][PASSED] - Text 'AGV2873' is set on object 'Object Repository/Euromundo/login/input_User'

26-12-2025T21:26:01 - [TEST_STEP][PASSED] - setText(findTestObject("Euromundo/login/input_Pss"), password): Text '‚Ä¢‚Ä¢‚Ä¢‚Ä¢‚Ä¢‚Ä¢‚Ä¢‚Ä¢' is set on object 'Object Repository/Euromundo/login/input_Pss'

26-12-2025T21:26:02 - [MESSAGE][PASSED] - Text '‚Ä¢‚Ä¢‚Ä¢‚Ä¢‚Ä¢‚Ä¢‚Ä¢‚Ä¢' is set on object 'Object Repository/Euromundo/login/input_Pss'

26-12-2025T21:26:02 - [TEST_STEP][PASSED] - click(findTestObject("Euromundo/login/checkbox_TyC")): Object: 'Object Repository/Euromundo/login/checkbox_TyC' is clicked on

26-12-2025T21:26:02 - [MESSAGE][PASSED] - Object: 'Object Repository/Euromundo/login/checkbox_TyC' is clicked on

26-12-2025T21:26:02 - [TEST_STEP][PASSED] - click(findTestObject("Euromundo/login/button_Login")): Object: 'Object Repository/Euromundo/login/button_Login' is clicked on

26-12-2025T21:26:03 - [MESSAGE][PASSED] - Object: 'Object Repository/Euromundo/login/button_Login' is clicked on

26-12-2025T21:26:03 - [TEST_STEP][WARNING] - waitForElementClickable(findTestObject("Euromundo/gran_deal/repository_GD_nal/button_Search_GD"), 10): Web element with id: 'Object Repository/Euromundo/gran_deal/repository_GD_nal/button_Search_GD' located by 'By.xpath: //*[@id="packagespot-searcher"]/div[2]/div/div[1]/div[5]/button' not found

26-12-2025T21:26:13 - [MESSAGE][WARNING] - Web element with id: 'Object Repository/Euromundo/gran_deal/repository_GD_nal/button_Search_GD' located by 'By.xpath: //*[@id="packagespot-searcher"]/div[2]/div/div[1]/div[5]/button' not found

26-12-2025T21:26:13 - [MESSAGE][PASSED] - Call Test Case 'Test Cases/Euromundo/Login/Login_mxn' successfully

26-12-2025T21:26:13 - [TEST_STEP][PASSED] - waitForElementClickable(findTestObject("Euromundo/paquete_basico/repository_paquete_nal/menu_paquete_basico"), 10): Object 'Object Repository/Euromundo/paquete_basico/repository_paquete_nal/menu_paquete_basico' is NOT clickable

26-12-2025T21:26:13 - [MESSAGE][PASSED] - Object 'Object Repository/Euromundo/paquete_basico/repository_paquete_nal/menu_paquete_basico' is NOT clickable

26-12-2025T21:26:13 - [TEST_STEP][PASSED] - mouseOver(findTestObject("Euromundo/paquete_basico/repository_paquete_nal/menu_paquete_basico")): Object: 'Object Repository/Euromundo/paquete_basico/repository_paquete_nal/menu_paquete_basico' is hovered

26-12-2025T21:26:14 - [MESSAGE][PASSED] - Object: 'Object Repository/Euromundo/paquete_basico/repository_paquete_nal/menu_paquete_basico' is hovered

26-12-2025T21:26:14 - [TEST_STEP][PASSED] - click(findTestObject("Euromundo/paquete_basico/repository_paquete_nal/select_paquete_nal")): Object: 'Object Repository/Euromundo/paquete_basico/repository_paquete_nal/select_paquete_nal' is clicked on

26-12-2025T21:26:15 - [MESSAGE][PASSED] - Object: 'Object Repository/Euromundo/paquete_basico/repository_paquete_nal/select_paquete_nal' is clicked on

26-12-2025T21:26:15 - [TEST_STEP][PASSED] - click(findTestObject("Euromundo/book_steps/button_close_cookies")): Object: 'Object Repository/Euromundo/book_steps/button_close_cookies' is clicked on

26-12-2025T21:26:16 - [MESSAGE][PASSED] - Object: 'Object Repository/Euromundo/book_steps/button_close_cookies' is clicked on

26-12-2025T21:26:16 - [TEST_STEP][PASSED] - waitForElementClickable(findTestObject("Euromundo/book_steps/input_destination_inter"), 25): Object 'Object Repository/Euromundo/book_steps/input_destination_inter' is NOT clickable

26-12-2025T21:26:41 - [MESSAGE][WARNING] - Waiting for element timed out

26-12-2025T21:26:41 - [MESSAGE][PASSED] - Object 'Object Repository/Euromundo/book_steps/input_destination_inter' is NOT clickable

26-12-2025T21:26:41 - [TEST_STEP][PASSED] - selectOptionByValue(findTestObject("Euromundo/book_steps/input_destination_inter"), "35163", true): All options with value '35163' are selected in object 'Object Repository/Euromundo/book_steps/input_destination_inter'  using regular expression

26-12-2025T21:26:51 - [MESSAGE][WARNING] - Waiting for element timed out

26-12-2025T21:26:52 - [MESSAGE][PASSED] - All options with value '35163' are selected in object 'Object Repository/Euromundo/book_steps/input_destination_inter'  using regular expression

26-12-2025T21:26:52 - [TEST_STEP][PASSED] - waitForElementClickable(findTestObject("Euromundo/book_steps/select_origin_inter"), 25): Object 'Object Repository/Euromundo/book_steps/select_origin_inter' is NOT clickable

26-12-2025T21:27:17 - [MESSAGE][WARNING] - Waiting for element timed out

26-12-2025T21:27:17 - [MESSAGE][PASSED] - Object 'Object Repository/Euromundo/book_steps/select_origin_inter' is NOT clickable

26-12-2025T21:27:17 - [TEST_STEP][PASSED] - selectOptionByValue(findTestObject("Euromundo/book_steps/select_origin_inter"), "35908", true): All options with value '35908' are selected in object 'Object Repository/Euromundo/book_steps/select_origin_inter'  using regular expression

26-12-2025T21:27:27 - [MESSAGE][WARNING] - Waiting for element timed out

26-12-2025T21:27:28 - [MESSAGE][PASSED] - All options with value '35908' are selected in object 'Object Repository/Euromundo/book_steps/select_origin_inter'  using regular expression

26-12-2025T21:27:28 - [TEST_STEP][PASSED] - waitForElementClickable(findTestObject("Euromundo/book_steps/origin_date_inter"), 25): Object 'Object Repository/Euromundo/book_steps/origin_date_inter' is NOT clickable

26-12-2025T21:27:30 - [MESSAGE][PASSED] - Object 'Object Repository/Euromundo/book_steps/origin_date_inter' is NOT clickable

26-12-2025T21:27:30 - [TEST_STEP][PASSED] - utils.FechaUtils.setFechaAleatoriaDesdeTresMesesFuturo("Euromundo/book_steps/origin_date_inter"): utils.FechaUtils.setFechaAleatoriaDesdeTresMesesFuturo is PASSED

26-12-2025T21:27:31 - [MESSAGE][PASSED] - Text '26/03/2026' is set on object 'Object Repository/Euromundo/book_steps/origin_date_inter'

26-12-2025T21:27:31 - [MESSAGE][INFO] - üìÖ Fecha aleatoria entre 3 y 4 meses: 26/03/2026

26-12-2025T21:27:31 - [MESSAGE][PASSED] - utils.FechaUtils.setFechaAleatoriaDesdeTresMesesFuturo is PASSED

26-12-2025T21:27:31 - [TEST_STEP][PASSED] - waitForElementClickable(findTestObject("Euromundo/widget/set_rooms_pax_inter"), 25): Object 'Object Repository/Euromundo/widget/set_rooms_pax_inter' is NOT clickable

26-12-2025T21:27:31 - [MESSAGE][PASSED] - Object 'Object Repository/Euromundo/widget/set_rooms_pax_inter' is NOT clickable

26-12-2025T21:27:31 - [TEST_STEP][PASSED] - helpers.WebUIHelper.safeClick(findTestObject("Euromundo/widget/set_rooms_pax_inter")): helpers.WebUIHelper.safeClick is PASSED

26-12-2025T21:27:32 - [MESSAGE][PASSED] - Object 'Object Repository/Euromundo/widget/set_rooms_pax_inter' is present

26-12-2025T21:27:32 - [MESSAGE][PASSED] - Object 'Object Repository/Euromundo/widget/set_rooms_pax_inter' is visible

26-12-2025T21:27:32 - [MESSAGE][PASSED] - Object 'Object Repository/Euromundo/widget/set_rooms_pax_inter' is NOT clickable

26-12-2025T21:27:33 - [MESSAGE][PASSED] - Scroll to object 'Object Repository/Euromundo/widget/set_rooms_pax_inter' successfully

26-12-2025T21:27:33 - [MESSAGE][PASSED] - Object: 'Object Repository/Euromundo/widget/set_rooms_pax_inter' is clicked on

26-12-2025T21:27:33 - [MESSAGE][PASSED] - helpers.WebUIHelper.safeClick is PASSED

26-12-2025T21:27:33 - [TEST_STEP][PASSED] - habitaciones = 1: null

26-12-2025T21:27:33 - [TEST_STEP][PASSED] - adultos = [1]: null

26-12-2025T21:27:33 - [TEST_STEP][PASSED] - ninos = [1]: null

26-12-2025T21:27:33 - [TEST_STEP][PASSED] - infantes = [0]: null

26-12-2025T21:27:33 - [TEST_STEP][PASSED] - edadesNinos =  }).collect({ -> ... }): null

26-12-2025T21:27:33 - [TEST_STEP][PASSED] - edadesInfantes =  }).collect({ -> ... }): null

26-12-2025T21:27:33 - [TEST_STEP][PASSED] - edadesNinosValidas = edadesNinos.every({ -> ... }): null

26-12-2025T21:27:33 - [TEST_STEP][PASSED] - edadesInfantesValidas = edadesInfantes.every({ -> ... }): null

26-12-2025T21:27:33 - [TEST_STEP][PASSED] - if (!(edadesNinosValidas) || !(edadesInfantesValidas)): null

26-12-2025T21:27:33 - [TEST_STEP][PASSED] - else: ‚úÖ Edades v√°lidas: Ni√±os [10], Infantes []

26-12-2025T21:27:33 - [TEST_STEP][PASSED] - markPassed(‚úÖ Edades v√°lidas: Ni√±os $edadesNinos, Infantes $edadesInfantes): ‚úÖ Edades v√°lidas: Ni√±os [10], Infantes []

26-12-2025T21:27:33 - [MESSAGE][PASSED] - ‚úÖ Edades v√°lidas: Ni√±os [10], Infantes []

26-12-2025T21:27:33 - [TEST_STEP][PASSED] - utils.configuration_rooms.configurarHabitacionesYPasajerosV2(habitaciones, adultos, ninos, infantes, edadesNinos, edadesInfantes): utils.configuration_rooms.configurarHabitacionesYPasajerosV2 is PASSED

26-12-2025T21:27:34 - [MESSAGE][PASSED] - Object: 'select2-room-selector-1-room-selector-nrooms-container' is clicked on

26-12-2025T21:27:35 - [MESSAGE][PASSED] - Object: 'opcion_1' is clicked on

26-12-2025T21:27:35 - [MESSAGE][PASSED] - Object 'select2-room-selector-1-room-selector-adults-selector-1-container' is NOT clickable

26-12-2025T21:27:36 - [MESSAGE][PASSED] - Object: 'select2-room-selector-1-room-selector-adults-selector-1-container' is clicked on

26-12-2025T21:27:36 - [MESSAGE][PASSED] - Object 'opcion_1' is visible

26-12-2025T21:27:37 - [MESSAGE][PASSED] - Object: 'opcion_1' is clicked on

26-12-2025T21:27:37 - [MESSAGE][PASSED] - Object 'select2-room-selector-1-room-selector-children-selector-1-container' is NOT clickable

26-12-2025T21:27:38 - [MESSAGE][PASSED] - Object: 'select2-room-selector-1-room-selector-children-selector-1-container' is clicked on

26-12-2025T21:27:38 - [MESSAGE][PASSED] - Object 'opcion_1' is visible

26-12-2025T21:27:39 - [MESSAGE][PASSED] - Object: 'opcion_1' is clicked on

26-12-2025T21:27:39 - [MESSAGE][PASSED] - Object 'select2-room-selector-1-room-selector-babies-selector-1-container' is NOT clickable

26-12-2025T21:27:40 - [MESSAGE][PASSED] - Object: 'select2-room-selector-1-room-selector-babies-selector-1-container' is clicked on

26-12-2025T21:27:40 - [MESSAGE][PASSED] - Object 'opcion_0' is visible

26-12-2025T21:27:41 - [MESSAGE][PASSED] - Object: 'opcion_0' is clicked on

26-12-2025T21:27:41 - [MESSAGE][PASSED] - Object 'select2-room-selector-1-children-age-1-1-container' is NOT clickable

26-12-2025T21:27:41 - [MESSAGE][PASSED] - Object: 'select2-room-selector-1-children-age-1-1-container' is clicked on

26-12-2025T21:27:42 - [MESSAGE][PASSED] - Object 'opcion_10' is visible

26-12-2025T21:27:42 - [MESSAGE][PASSED] - Object: 'opcion_10' is clicked on

26-12-2025T21:27:42 - [MESSAGE][INFO] - üßí Edades ni√±os por habitaci√≥n: [10]

26-12-2025T21:27:42 - [MESSAGE][INFO] - üë∂ Edades infantes por habitaci√≥n: []

26-12-2025T21:27:42 - [MESSAGE][PASSED] - utils.configuration_rooms.configurarHabitacionesYPasajerosV2 is PASSED

26-12-2025T21:27:42 - [TEST_STEP][PASSED] - edadesCapturadasNinos = []: null

26-12-2025T21:27:42 - [TEST_STEP][PASSED] - edadesCapturadasInfantes = []: null

26-12-2025T21:27:42 - [TEST_STEP][PASSED] - if (ninos.sum() > 0): üßí Edad Ni√±o 1 capturada: 10

26-12-2025T21:27:42 - [TEST_STEP][PASSED] - for ([i = 1, i <= ninos[0], (i++)]): üßí Edad Ni√±o 1 capturada: 10

26-12-2025T21:27:42 - [TEST_STEP][PASSED] - objNino = new com.kms.katalon.core.testobject.TestObject(edad_nino_$i): null

26-12-2025T21:27:42 - [TEST_STEP][PASSED] - objNino.addProperty("xpath", EQUALS, //*[@id='select2-room-selector-1-children-age-1-$i-container']): null

26-12-2025T21:27:42 - [TEST_STEP][PASSED] - waitForElementVisible(objNino, 5): Object 'edad_nino_1' is visible

26-12-2025T21:27:43 - [MESSAGE][PASSED] - Object 'edad_nino_1' is visible

26-12-2025T21:27:43 - [TEST_STEP][PASSED] - edadTexto = getText(objNino).replaceAll("\D", ""): Text of object 'edad_nino_1' is: '10'

26-12-2025T21:27:43 - [MESSAGE][PASSED] - Text of object 'edad_nino_1' is: '10'

26-12-2025T21:27:43 - [TEST_STEP][PASSED] - edad = (edadTexto?.isInteger()) ? edadTexto.toInteger() : -1: null

26-12-2025T21:27:43 - [TEST_STEP][PASSED] - if (edad in (2..17)): üßí Edad Ni√±o 1 capturada: 10

26-12-2025T21:27:43 - [TEST_STEP][PASSED] - edadesCapturadasNinos.add(edad): null

26-12-2025T21:27:43 - [TEST_STEP][PASSED] - comment(üßí Edad Ni√±o $i capturada: $edad): üßí Edad Ni√±o 1 capturada: 10

26-12-2025T21:27:43 - [MESSAGE][INFO] - üßí Edad Ni√±o 1 capturada: 10

26-12-2025T21:27:43 - [TEST_STEP][PASSED] - if (infantes.sum() > 0): null

26-12-2025T21:27:43 - [TEST_STEP][PASSED] - click(findTestObject("Euromundo/book_steps/button_search_inter")): Object: 'Object Repository/Euromundo/book_steps/button_search_inter' is clicked on

26-12-2025T21:27:44 - [MESSAGE][PASSED] - Object: 'Object Repository/Euromundo/book_steps/button_search_inter' is clicked on

26-12-2025T21:27:44 - [TEST_STEP][PASSED] - tituloObj = new com.kms.katalon.core.testobject.TestObject(tituloDinamico): null

26-12-2025T21:27:44 - [TEST_STEP][PASSED] - tituloObj.addProperty("xpath", EQUALS, "(//div[contains(@class,'info-card__title')])[1]"): null

26-12-2025T21:27:44 - [TEST_STEP][PASSED] - waitForElementVisible(tituloObj, 20): Object 'tituloDinamico' is visible

26-12-2025T21:27:56 - [MESSAGE][PASSED] - Object 'tituloDinamico' is visible

26-12-2025T21:27:56 - [TEST_STEP][PASSED] - tituloGuardado = getText(tituloObj): Text of object 'tituloDinamico' is: 'PRUEBAS TARIFAS ESPECIALES Y4'

26-12-2025T21:27:56 - [MESSAGE][PASSED] - Text of object 'tituloDinamico' is: 'PRUEBAS TARIFAS ESPECIALES Y4'

26-12-2025T21:27:56 - [TEST_STEP][PASSED] - mejorPrecioObj = TestObject().addProperty("xpath", EQUALS, "//span[contains(@class,'bestprice__amount')]"): null

26-12-2025T21:27:56 - [TEST_STEP][PASSED] - mejorPrecio = utils.ValidacionPrecios.validarMejorPrecioEnResultados(mejorPrecioObj): utils.ValidacionPrecios.validarMejorPrecioEnResultados is PASSED

26-12-2025T21:27:56 - [MESSAGE][PASSED] - Object '' is present

26-12-2025T21:27:57 - [MESSAGE][PASSED] - Scroll to object '' successfully

26-12-2025T21:27:57 - [MESSAGE][PASSED] - Attribute 'data-amount' of object '' is: 'null'

26-12-2025T21:27:57 - [MESSAGE][PASSED] - Text of object '' is: '$ 5,512 MXN'

26-12-2025T21:27:57 - [MESSAGE][INFO] - üíæ Mejor precio capturado del texto visible: 5512.0

26-12-2025T21:27:57 - [MESSAGE][INFO] - ‚úÖ Validaci√≥n de mejor precio exitosa. Precio final: 5512.0

26-12-2025T21:27:57 - [MESSAGE][PASSED] - utils.ValidacionPrecios.validarMejorPrecioEnResultados is PASSED

26-12-2025T21:27:57 - [TEST_STEP][PASSED] - waitForElementClickable(findTestObject("Euromundo/book_steps/button_prebook_gd_nal"), 15): Object 'Object Repository/Euromundo/book_steps/button_prebook_gd_nal' is NOT clickable

26-12-2025T21:27:58 - [MESSAGE][PASSED] - Object 'Object Repository/Euromundo/book_steps/button_prebook_gd_nal' is NOT clickable

26-12-2025T21:27:58 - [TEST_STEP][PASSED] - click(findTestObject("Euromundo/book_steps/button_prebook_gd_nal")): Object: 'Object Repository/Euromundo/book_steps/button_prebook_gd_nal' is clicked on

26-12-2025T21:28:02 - [MESSAGE][PASSED] - Object: 'Object Repository/Euromundo/book_steps/button_prebook_gd_nal' is clicked on

26-12-2025T21:28:02 - [TEST_STEP][PASSED] - waitForElementClickable(findTestObject("Euromundo/book_steps/button_finalization_prebook"), 10): Object 'Object Repository/Euromundo/book_steps/button_finalization_prebook' is NOT clickable

26-12-2025T21:28:03 - [MESSAGE][PASSED] - Object 'Object Repository/Euromundo/book_steps/button_finalization_prebook' is NOT clickable

26-12-2025T21:28:03 - [TEST_STEP][PASSED] - policyFees = new com.kms.katalon.core.testobject.TestObject(policyFees): null

26-12-2025T21:28:03 - [TEST_STEP][PASSED] - policyFees.addProperty("xpath", EQUALS, "//div[contains(@class,'col-sm-12') and contains(normalize-space(.),'Reserva sujeta a gastos de cancelaci√≥n')]"): null

26-12-2025T21:28:03 - [TEST_STEP][WARNING] - if (waitForElementPresent(policyFees, 5, OPTIONAL)): Object 'policyFees' is not present after 5 second(s)

26-12-2025T21:28:08 - [MESSAGE][WARNING] - Object 'policyFees' is not present after 5 second(s)

26-12-2025T21:28:08 - [TEST_STEP][PASSED] - else: ‚úÖ No se detect√≥ pol√≠tica restrictiva, el flujo contin√∫a.

26-12-2025T21:28:08 - [TEST_STEP][PASSED] - logInfo("‚úÖ No se detect√≥ pol√≠tica restrictiva, el flujo contin√∫a."): ‚úÖ No se detect√≥ pol√≠tica restrictiva, el flujo contin√∫a.

26-12-2025T21:28:08 - [MESSAGE][INFO] - ‚úÖ No se detect√≥ pol√≠tica restrictiva, el flujo contin√∫a.

26-12-2025T21:28:08 - [TEST_STEP][PASSED] - edadesValidas = edadesCapturadasNinos.every({ -> ... }) && edadesCapturadasInfantes.every({ -> ... }): null

26-12-2025T21:28:08 - [TEST_STEP][PASSED] - if (!(edadesValidas)): null

26-12-2025T21:28:08 - [TEST_STEP][PASSED] - else: utils.PassengerFormHelper.fillPassengerData is PASSED

26-12-2025T21:28:08 - [TEST_STEP][PASSED] - utils.PassengerFormHelper.fillPassengerData(edadesCapturadasNinos, edadesCapturadasInfantes): utils.PassengerFormHelper.fillPassengerData is PASSED

26-12-2025T21:28:09 - [MESSAGE][INFO] - üßí Tratamiento MR asignado por JavaScript para pax 1

26-12-2025T21:28:09 - [MESSAGE][INFO] - üßæ Rellenando datos para pax 1 ‚ûú Tratamiento: MR, Edad: 30

26-12-2025T21:28:09 - [MESSAGE][INFO] - üìÖ Formato de fecha final usado: dd/MM/yyyy

26-12-2025T21:28:11 - [MESSAGE][INFO] - ‚ö†Ô∏è No se encontr√≥ campo de correo para pax 1, se contin√∫a sin error.

26-12-2025T21:28:11 - [MESSAGE][INFO] - ‚úÖ Pax 1: Catalina Rodriguez, 30 a√±os, nacido el 19/06/1995

26-12-2025T21:28:12 - [MESSAGE][INFO] - üßí Tratamiento MISS asignado por JavaScript para pax 2

26-12-2025T21:28:12 - [MESSAGE][INFO] - üßæ Rellenando datos para pax 2 ‚ûú Tratamiento: MISS, Edad: 10

26-12-2025T21:28:12 - [MESSAGE][INFO] - üìÖ Formato de fecha final usado: dd/MM/yyyy

26-12-2025T21:28:14 - [MESSAGE][INFO] - ‚ö†Ô∏è No se encontr√≥ campo de correo para pax 2, se contin√∫a sin error.

26-12-2025T21:28:14 - [MESSAGE][INFO] - ‚úÖ Pax 2: Laura Leal, 10 a√±os, nacido el 20/03/2015

26-12-2025T21:28:14 - [MESSAGE][PASSED] - utils.PassengerFormHelper.fillPassengerData is PASSED

26-12-2025T21:28:14 - [TEST_STEP][PASSED] - otroTituloObj = new com.kms.katalon.core.testobject.TestObject(otroTitulo): null

26-12-2025T21:28:14 - [TEST_STEP][PASSED] - otroTituloObj.addProperty("xpath", EQUALS, "//*[@id="main-content"]/div[2]/div/div[3]/div[1]/div/div/div/div[1]/div[2]/div[1]"): null

26-12-2025T21:28:14 - [TEST_STEP][PASSED] - tituloNuevo = getText(otroTituloObj): Text of object 'otroTitulo' is: 'PRUEBAS TARIFAS ESPECIALES Y4'

26-12-2025T21:28:15 - [MESSAGE][PASSED] - Text of object 'otroTitulo' is: 'PRUEBAS TARIFAS ESPECIALES Y4'

26-12-2025T21:28:15 - [TEST_STEP][PASSED] - if (tituloGuardado.equals(tituloNuevo)): null

26-12-2025T21:28:15 - [TEST_STEP][PASSED] - println("‚úÖ Los t√≠tulos son iguales"): null

26-12-2025T21:28:15 - [TEST_STEP][PASSED] - warningPrecioObj = new com.kms.katalon.core.testobject.TestObject(warningPrecio): null

26-12-2025T21:28:15 - [TEST_STEP][PASSED] - warningPrecioObj.addProperty("xpath", EQUALS, "//div[@class='booking-warning__content']"): null

26-12-2025T21:28:15 - [TEST_STEP][WARNING] - if (verifyElementPresent(warningPrecioObj, 5, OPTIONAL)): com.kms.katalon.core.webui.exception.WebElementNotFoundException: Web element with id: 'warningPrecio' located by 'By.xpath: //div[@class='booking-warning__content']' not found (Root cause: com.kms.katalon.core.exception.StepFailedException: com.kms.katalon.core.webui.exception.WebElementNotFoundException: Web element with id: 'warningPrecio' located by 'By.xpath: //div[@class='booking-warning__content']' not found
	at com.kms.katalon.core.webui.keyword.internal.WebUIKeywordMain.stepFailed(WebUIKeywordMain.groovy:175)
	at com.kms.katalon.core.webui.keyword.builtin.VerifyElementPresentKeyword$_verifyElementPresent_closure1.doCall(VerifyElementPresentKeyword.groovy:88)
	at com.kms.katalon.core.webui.keyword.builtin.VerifyElementPresentKeyword$_verifyElementPresent_closure1.call(VerifyElementPresentKeyword.groovy)
	at com.kms.katalon.core.webui.keyword.internal.WebUIKeywordMain.runKeyword(WebUIKeywordMain.groovy:41)
	at com.kms.katalon.core.webui.keyword.builtin.VerifyElementPresentKeyword.verifyElementPresent(VerifyElementPresentKeyword.groovy:95)
	at com.kms.katalon.core.webui.keyword.builtin.VerifyElementPresentKeyword.execute(VerifyElementPresentKeyword.groovy:68)
	at com.kms.katalon.core.keyword.internal.KeywordExecutor.executeKeywordForPlatform(KeywordExecutor.groovy:79)
	at com.kms.katalon.core.webui.keyword.WebUiBuiltInKeywords.verifyElementPresent(WebUiBuiltInKeywords.groovy:1549)
	at paquete_nal_para_1adl_1cnn_canal_mxn.run(paquete_nal_para_1adl_1cnn_canal_mxn:204)
	at com.kms.katalon.core.main.ScriptEngine.run(ScriptEngine.java:194)
	at com.kms.katalon.core.main.ScriptEngine.runScriptAsRawText(ScriptEngine.java:119)
	at com.kms.katalon.core.main.TestCaseExecutor.runScript(TestCaseExecutor.java:486)
	at com.kms.katalon.core.main.TestCaseExecutor.doExecute(TestCaseExecutor.java:477)
	at com.kms.katalon.core.main.TestCaseExecutor.processExecutionPhase(TestCaseExecutor.java:456)
	at com.kms.katalon.core.main.TestCaseExecutor.accessMainPhase(TestCaseExecutor.java:448)
	at com.kms.katalon.core.main.TestCaseExecutor.execute(TestCaseExecutor.java:322)
	at com.kms.katalon.core.common.CommonExecutor.accessTestCaseMainPhase(CommonExecutor.java:71)
	at com.kms.katalon.core.main.TestSuiteExecutor.accessTestSuiteMainPhase(TestSuiteExecutor.java:145)
	at com.kms.katalon.core.main.TestSuiteExecutor.execute(TestSuiteExecutor.java:104)
	at com.kms.katalon.core.main.TestCaseMain.startTestSuite(TestCaseMain.java:205)
	at TempTestSuite1766802339781.run(TempTestSuite1766802339781.groovy:35)
	at java.base/jdk.internal.reflect.NativeMethodAccessorImpl.invoke0(Native Method)
	at java.base/jdk.internal.reflect.NativeMethodAccessorImpl.invoke(NativeMethodAccessorImpl.java:77)
	at java.base/jdk.internal.reflect.DelegatingMethodAccessorImpl.invoke(DelegatingMethodAccessorImpl.java:43)
)

26-12-2025T21:28:20 - [MESSAGE][WARNING] - com.kms.katalon.core.webui.exception.WebElementNotFoundException: Web element with id: 'warningPrecio' located by 'By.xpath: //div[@class='booking-warning__content']' not found (Root cause: com.kms.katalon.core.exception.StepFailedException: com.kms.katalon.core.webui.exception.WebElementNotFoundException: Web element with id: 'warningPrecio' located by 'By.xpath: //div[@class='booking-warning__content']' not found
	at com.kms.katalon.core.webui.keyword.internal.WebUIKeywordMain.stepFailed(WebUIKeywordMain.groovy:175)
	at com.kms.katalon.core.webui.keyword.builtin.VerifyElementPresentKeyword$_verifyElementPresent_closure1.doCall(VerifyElementPresentKeyword.groovy:88)
	at com.kms.katalon.core.webui.keyword.builtin.VerifyElementPresentKeyword$_verifyElementPresent_closure1.call(VerifyElementPresentKeyword.groovy)
	at com.kms.katalon.core.webui.keyword.internal.WebUIKeywordMain.runKeyword(WebUIKeywordMain.groovy:41)
	at com.kms.katalon.core.webui.keyword.builtin.VerifyElementPresentKeyword.verifyElementPresent(VerifyElementPresentKeyword.groovy:95)
	at com.kms.katalon.core.webui.keyword.builtin.VerifyElementPresentKeyword.execute(VerifyElementPresentKeyword.groovy:68)
	at com.kms.katalon.core.keyword.internal.KeywordExecutor.executeKeywordForPlatform(KeywordExecutor.groovy:79)
	at com.kms.katalon.core.webui.keyword.WebUiBuiltInKeywords.verifyElementPresent(WebUiBuiltInKeywords.groovy:1549)
	at paquete_nal_para_1adl_1cnn_canal_mxn.run(paquete_nal_para_1adl_1cnn_canal_mxn:204)
	at com.kms.katalon.core.main.ScriptEngine.run(ScriptEngine.java:194)
	at com.kms.katalon.core.main.ScriptEngine.runScriptAsRawText(ScriptEngine.java:119)
	at com.kms.katalon.core.main.TestCaseExecutor.runScript(TestCaseExecutor.java:486)
	at com.kms.katalon.core.main.TestCaseExecutor.doExecute(TestCaseExecutor.java:477)
	at com.kms.katalon.core.main.TestCaseExecutor.processExecutionPhase(TestCaseExecutor.java:456)
	at com.kms.katalon.core.main.TestCaseExecutor.accessMainPhase(TestCaseExecutor.java:448)
	at com.kms.katalon.core.main.TestCaseExecutor.execute(TestCaseExecutor.java:322)
	at com.kms.katalon.core.common.CommonExecutor.accessTestCaseMainPhase(CommonExecutor.java:71)
	at com.kms.katalon.core.main.TestSuiteExecutor.accessTestSuiteMainPhase(TestSuiteExecutor.java:145)
	at com.kms.katalon.core.main.TestSuiteExecutor.execute(TestSuiteExecutor.java:104)
	at com.kms.katalon.core.main.TestCaseMain.startTestSuite(TestCaseMain.java:205)
	at TempTestSuite1766802339781.run(TempTestSuite1766802339781.groovy:35)
	at java.base/jdk.internal.reflect.NativeMethodAccessorImpl.invoke0(Native Method)
	at java.base/jdk.internal.reflect.NativeMethodAccessorImpl.invoke(NativeMethodAccessorImpl.java:77)
	at java.base/jdk.internal.reflect.DelegatingMethodAccessorImpl.invoke(DelegatingMethodAccessorImpl.java:43)
)

26-12-2025T21:28:20 - [TEST_STEP][PASSED] - else: ‚úÖ No apareci√≥ ning√∫n warning de cambio de precio

26-12-2025T21:28:20 - [TEST_STEP][PASSED] - logInfo("‚úÖ No apareci√≥ ning√∫n warning de cambio de precio"): ‚úÖ No apareci√≥ ning√∫n warning de cambio de precio

26-12-2025T21:28:20 - [MESSAGE][INFO] - ‚úÖ No apareci√≥ ning√∫n warning de cambio de precio

26-12-2025T21:28:20 - [TEST_STEP][PASSED] - precioObj = new com.kms.katalon.core.testobject.TestObject(precio): null

26-12-2025T21:28:20 - [TEST_STEP][PASSED] - precioObj.addProperty("xpath", EQUALS, "//div[@class='booking-breakdown__item booking-breakdown__item--total booking-breakdown__item--is-pay-web']//span[@class='booking-breakdown__item-price']"): null

26-12-2025T21:28:20 - [TEST_STEP][PASSED] - comisionObj = new com.kms.katalon.core.testobject.TestObject(comision): null

26-12-2025T21:28:20 - [TEST_STEP][PASSED] - comisionObj.addProperty("xpath", EQUALS, "//div[@class='booking-breakdown__item']//span[contains(text(),'Comisiones')]/following-sibling::span"): null

26-12-2025T21:28:20 - [TEST_STEP][PASSED] - precioFinalObj = new com.kms.katalon.core.testobject.TestObject(precioFinal): null

26-12-2025T21:28:20 - [TEST_STEP][PASSED] - precioFinalObj.addProperty("xpath", EQUALS, "//div[@class='booking-breakdown__item']//span[contains(text(),'Precio final')]/following-sibling::span"): null

26-12-2025T21:28:20 - [TEST_STEP][PASSED] - totalAdeudadoObj = new com.kms.katalon.core.testobject.TestObject(totalAdeudado): null

26-12-2025T21:28:20 - [TEST_STEP][PASSED] - totalAdeudadoObj.addProperty("xpath", EQUALS, "//span[@class='agent-markup__total-due-price']"): null

26-12-2025T21:28:20 - [TEST_STEP][PASSED] - utils.ValidacionesPrebook.validarPrecioPrebook(precioObj, comisionObj, precioFinalObj, totalAdeudadoObj, mejorPrecio): utils.ValidacionesPrebook.validarPrecioPrebook is PASSED

26-12-2025T21:28:20 - [MESSAGE][PASSED] - Object 'precio' is visible

26-12-2025T21:28:21 - [MESSAGE][PASSED] - Text of object 'precio' is: '$ 5,512.00 MXN'

26-12-2025T21:28:21 - [MESSAGE][INFO] - üîé Precio: $ 5,512.00 MXN

26-12-2025T21:28:21 - [MESSAGE][INFO] - üîé parseMoney ‚Üí raw='$ 5,512.00 MXN' | cleaned='5,512.00' | normalized='5512.00'

26-12-2025T21:28:21 - [MESSAGE][PASSED] - Object 'comision' is visible

26-12-2025T21:28:21 - [MESSAGE][PASSED] - Text of object 'comision' is: '$ 0.00 MXN'

26-12-2025T21:28:21 - [MESSAGE][INFO] - üîé Comisi√≥n: $ 0.00 MXN

26-12-2025T21:28:21 - [MESSAGE][INFO] - üîé parseMoney ‚Üí raw='$ 0.00 MXN' | cleaned='0.00' | normalized='0.00'

26-12-2025T21:28:22 - [MESSAGE][PASSED] - Object 'precioFinal' is visible

26-12-2025T21:28:22 - [MESSAGE][PASSED] - Text of object 'precioFinal' is: '$ 5,512.00 MXN'

26-12-2025T21:28:22 - [MESSAGE][INFO] - üîé Precio Final: $ 5,512.00 MXN

26-12-2025T21:28:22 - [MESSAGE][INFO] - üîé parseMoney ‚Üí raw='$ 5,512.00 MXN' | cleaned='5,512.00' | normalized='5512.00'

26-12-2025T21:28:22 - [MESSAGE][PASSED] - Object 'totalAdeudado' is visible

26-12-2025T21:28:22 - [MESSAGE][PASSED] - Text of object 'totalAdeudado' is: '$ 5,512.00 MXN'

26-12-2025T21:28:22 - [MESSAGE][INFO] - üîé Total Adeudado: $ 5,512.00 MXN

26-12-2025T21:28:22 - [MESSAGE][INFO] - üîé parseMoney ‚Üí raw='$ 5,512.00 MXN' | cleaned='5,512.00' | normalized='5512.00'

26-12-2025T21:28:22 - [MESSAGE][INFO] - üìå Precio: 5512.0 | Comisi√≥n: 0.0 | Precio Final: 5512.0 | Total Adeudado: 5512.0 | Mejor Precio: 5512.0

26-12-2025T21:28:22 - [MESSAGE][INFO] - ‚úÖ Precio Final (5512.0) ‚âà Precio (5512.0) - Comisi√≥n (0.0)

26-12-2025T21:28:22 - [MESSAGE][INFO] - ‚úÖ Precio (5512.0) ‚âà Total Adeudado (5512.0)

26-12-2025T21:28:22 - [MESSAGE][INFO] - ‚úÖ Mejor Precio (5512.0) ‚âà Total Adeudado (5512.0)

26-12-2025T21:28:22 - [MESSAGE][INFO] - ‚úÖ Todas las validaciones de precios OK

26-12-2025T21:28:22 - [MESSAGE][PASSED] - utils.ValidacionesPrebook.validarPrecioPrebook is PASSED

26-12-2025T21:28:22 - [TEST_STEP][PASSED] - click(findTestObject("Euromundo/book_steps/button_finalization_prebook")): Object: 'Object Repository/Euromundo/book_steps/button_finalization_prebook' is clicked on

26-12-2025T21:28:24 - [MESSAGE][PASSED] - Object: 'Object Repository/Euromundo/book_steps/button_finalization_prebook' is clicked on

26-12-2025T21:28:24 - [TEST_STEP][PASSED] - paxDropdown = new com.kms.katalon.core.testobject.TestObject(dynamicPaxSelect): null

26-12-2025T21:28:24 - [TEST_STEP][PASSED] - paxDropdown.addProperty("xpath", EQUALS, "//select[contains(@class,'js-set-confirm-pax-data')]"): null

26-12-2025T21:28:24 - [TEST_STEP][ERROR] - dropdownElem = findWebElement(paxDropdown, 10): Test Cases/Euromundo/Paquete_Basico/paquete_nal_para_1adl_1cnn_canal_mxn FAILED.
Reason:
com.kms.katalon.core.webui.exception.WebElementNotFoundException: Web element with id: 'dynamicPaxSelect' located by '//select[contains(@class,'js-set-confirm-pax-data')]' not found
	at com.kms.katalon.core.webui.common.WebUiCommonHelper.findWebElement(WebUiCommonHelper.java:1553)
	at paquete_nal_para_1adl_1cnn_canal_mxn.run(paquete_nal_para_1adl_1cnn_canal_mxn:270)
	at com.kms.katalon.core.main.ScriptEngine.run(ScriptEngine.java:194)
	at com.kms.katalon.core.main.ScriptEngine.runScriptAsRawText(ScriptEngine.java:119)
	at com.kms.katalon.core.main.TestCaseExecutor.runScript(TestCaseExecutor.java:486)
	at com.kms.katalon.core.main.TestCaseExecutor.doExecute(TestCaseExecutor.java:477)
	at com.kms.katalon.core.main.TestCaseExecutor.processExecutionPhase(TestCaseExecutor.java:456)
	at com.kms.katalon.core.main.TestCaseExecutor.accessMainPhase(TestCaseExecutor.java:448)
	at com.kms.katalon.core.main.TestCaseExecutor.execute(TestCaseExecutor.java:322)
	at com.kms.katalon.core.common.CommonExecutor.accessTestCaseMainPhase(CommonExecutor.java:71)
	at com.kms.katalon.core.main.TestSuiteExecutor.accessTestSuiteMainPhase(TestSuiteExecutor.java:145)
	at com.kms.katalon.core.main.TestSuiteExecutor.execute(TestSuiteExecutor.java:104)
	at com.kms.katalon.core.main.TestCaseMain.startTestSuite(TestCaseMain.java:205)
	at TempTestSuite1766802339781.run(TempTestSuite1766802339781.groovy:35)
	at java.base/jdk.internal.reflect.NativeMethodAccessorImpl.invoke0(Native Method)
	at java.base/jdk.internal.reflect.NativeMethodAccessorImpl.invoke(NativeMethodAccessorImpl.java:77)
	at java.base/jdk.internal.reflect.DelegatingMethodAccessorImpl.invoke(DelegatingMethodAccessorImpl.java:43)


26-12-2025T21:28:35 - [MESSAGE][INFO] - Unable to find the element located by 'By.xpath: //select[contains(@class,'js-set-confirm-pax-data')]'. Please recheck the objects properties to make sure the desired element is located. 

26-12-2025T21:28:35 - [MESSAGE][ERROR] - Test Cases/Euromundo/Paquete_Basico/paquete_nal_para_1adl_1cnn_canal_mxn FAILED.
Reason:
com.kms.katalon.core.webui.exception.WebElementNotFoundException: Web element with id: 'dynamicPaxSelect' located by '//select[contains(@class,'js-set-confirm-pax-data')]' not found
	at com.kms.katalon.core.webui.common.WebUiCommonHelper.findWebElement(WebUiCommonHelper.java:1553)
	at paquete_nal_para_1adl_1cnn_canal_mxn.run(paquete_nal_para_1adl_1cnn_canal_mxn:270)
	at com.kms.katalon.core.main.ScriptEngine.run(ScriptEngine.java:194)
	at com.kms.katalon.core.main.ScriptEngine.runScriptAsRawText(ScriptEngine.java:119)
	at com.kms.katalon.core.main.TestCaseExecutor.runScript(TestCaseExecutor.java:486)
	at com.kms.katalon.core.main.TestCaseExecutor.doExecute(TestCaseExecutor.java:477)
	at com.kms.katalon.core.main.TestCaseExecutor.processExecutionPhase(TestCaseExecutor.java:456)
	at com.kms.katalon.core.main.TestCaseExecutor.accessMainPhase(TestCaseExecutor.java:448)
	at com.kms.katalon.core.main.TestCaseExecutor.execute(TestCaseExecutor.java:322)
	at com.kms.katalon.core.common.CommonExecutor.accessTestCaseMainPhase(CommonExecutor.java:71)
	at com.kms.katalon.core.main.TestSuiteExecutor.accessTestSuiteMainPhase(TestSuiteExecutor.java:145)
	at com.kms.katalon.core.main.TestSuiteExecutor.execute(TestSuiteExecutor.java:104)
	at com.kms.katalon.core.main.TestCaseMain.startTestSuite(TestCaseMain.java:205)
	at TempTestSuite1766802339781.run(TempTestSuite1766802339781.groovy:35)
	at java.base/jdk.internal.reflect.NativeMethodAccessorImpl.invoke0(Native Method)
	at java.base/jdk.internal.reflect.NativeMethodAccessorImpl.invoke(NativeMethodAccessorImpl.java:77)
	at java.base/jdk.internal.reflect.DelegatingMethodAccessorImpl.invoke(DelegatingMethodAccessorImpl.java:43)


26-12-2025T21:28:35 - [TEST_STEP][PASSED] - Start listener action : capturarFin: <img src='C:/TempSourceSafe/Katalon Studio/Katalon Websites/Euromundo/Capturas/Test_Suites_Stabilization_Testing_stabilization_test_2ADL_1CNN_20251226_212548/Fin_Test_Cases_Euromundo_Paquete_Basico_paquete_nal_para_1adl_1cnn_canal_mxn.png' width='800'/>

26-12-2025T21:28:35 - [TEST_STEP][PASSED] - try: <img src='C:/TempSourceSafe/Katalon Studio/Katalon Websites/Euromundo/Capturas/Test_Suites_Stabilization_Testing_stabilization_test_2ADL_1CNN_20251226_212548/Fin_Test_Cases_Euromundo_Paquete_Basico_paquete_nal_para_1adl_1cnn_canal_mxn.png' width='800'/>

26-12-2025T21:28:35 - [TEST_STEP][PASSED] - driver = getWebDriver(): null

26-12-2025T21:28:35 - [TEST_STEP][PASSED] - if (driver == null): null

26-12-2025T21:28:35 - [TEST_STEP][PASSED] - id = getTestCaseId().replaceAll("[^a-zA-Z0-9_-]", "_"): null

26-12-2025T21:28:35 - [TEST_STEP][PASSED] - estado = testCaseContext.getTestCaseStatus(): null

26-12-2025T21:28:35 - [TEST_STEP][PASSED] - nombreArchivo = ((estado == FAILED)) ? Error_$id.png : Fin_$id.png: null

26-12-2025T21:28:35 - [TEST_STEP][PASSED] - ruta = $basePath/$nombreArchivo: null

26-12-2025T21:28:35 - [TEST_STEP][PASSED] - takeFullPageScreenshot(ruta): Taking screenshot successfully

26-12-2025T21:28:36 - [MESSAGE][INFO] - 0 hidden object(s)

26-12-2025T21:28:37 - [MESSAGE][PASSED] - Taking screenshot successfully
[[ATTACHMENT|C:\\TempSourceSafe\\Katalon Studio\\Katalon Websites\\Euromundo\\Reports\\20251226_212539\\Stabilization Testing\\stabilization_test_2ADL_1CNN\\20251226_212539\\C:/TempSourceSafe/Katalon Studio/Katalon Websites/Euromundo/Capturas/Test_Suites_Stabilization_Testing_stabilization_test_2ADL_1CNN_20251226_212548/Fin_Test_Cases_Euromundo_Paquete_Basico_paquete_nal_para_1adl_1cnn_canal_mxn.png]]

26-12-2025T21:28:37 - [TEST_STEP][PASSED] - if (estado == "FAILED"): null

26-12-2025T21:28:37 - [TEST_STEP][PASSED] - else: üì∏ Captura final guardada en: C:/TempSourceSafe/Katalon Studio/Katalon Websites/Euromundo/Capturas/Test_Suites_Stabilization_Testing_stabilization_test_2ADL_1CNN_20251226_212548/Fin_Test_Cases_Euromundo_Paquete_Basico_paquete_nal_para_1adl_1cnn_canal_mxn.png

26-12-2025T21:28:37 - [TEST_STEP][PASSED] - comment(üì∏ Captura final guardada en: $ruta): üì∏ Captura final guardada en: C:/TempSourceSafe/Katalon Studio/Katalon Websites/Euromundo/Capturas/Test_Suites_Stabilization_Testing_stabilization_test_2ADL_1CNN_20251226_212548/Fin_Test_Cases_Euromundo_Paquete_Basico_paquete_nal_para_1adl_1cnn_canal_mxn.png

26-12-2025T21:28:37 - [MESSAGE][INFO] - üì∏ Captura final guardada en: C:/TempSourceSafe/Katalon Studio/Katalon Websites/Euromundo/Capturas/Test_Suites_Stabilization_Testing_stabilization_test_2ADL_1CNN_20251226_212548/Fin_Test_Cases_Euromundo_Paquete_Basico_paquete_nal_para_1adl_1cnn_canal_mxn.png

26-12-2025T21:28:37 - [TEST_STEP][PASSED] - comment(<img src='$ruta' width='800'/>): <img src='C:/TempSourceSafe/Katalon Studio/Katalon Websites/Euromundo/Capturas/Test_Suites_Stabilization_Testing_stabilization_test_2ADL_1CNN_20251226_212548/Fin_Test_Cases_Euromundo_Paquete_Basico_paquete_nal_para_1adl_1cnn_canal_mxn.png' width='800'/>

26-12-2025T21:28:37 - [MESSAGE][INFO] - <img src='C:/TempSourceSafe/Katalon Studio/Katalon Websites/Euromundo/Capturas/Test_Suites_Stabilization_Testing_stabilization_test_2ADL_1CNN_20251226_212548/Fin_Test_Cases_Euromundo_Paquete_Basico_paquete_nal_para_1adl_1cnn_canal_mxn.png' width='800'/>

26-12-2025T21:28:37 - [TEST_STEP][PASSED] - Start listener action : capturarLocalizador: null

26-12-2025T21:28:37 - [TEST_STEP][PASSED] - try: ‚ö†Ô∏è No se detect√≥ localizador en el escenario actual.

26-12-2025T21:28:37 - [TEST_STEP][PASSED] - driver = getWebDriver(): null

26-12-2025T21:28:37 - [TEST_STEP][PASSED] - if (driver == null): null

26-12-2025T21:28:37 - [TEST_STEP][PASSED] - localizador = "": null

26-12-2025T21:28:37 - [TEST_STEP][PASSED] - locator = new com.kms.katalon.core.testobject.TestObject(localizadorReserva): null

26-12-2025T21:28:37 - [TEST_STEP][PASSED] - locator.addProperty("xpath", EQUALS, "//h4[contains(@class,'booking-details__booking-code')]"): null

26-12-2025T21:28:37 - [TEST_STEP][WARNING] - if (verifyElementPresent(locator, 3, OPTIONAL)): com.kms.katalon.core.webui.exception.WebElementNotFoundException: Web element with id: 'localizadorReserva' located by 'By.xpath: //h4[contains(@class,'booking-details__booking-code')]' not found (Root cause: com.kms.katalon.core.exception.StepFailedException: com.kms.katalon.core.webui.exception.WebElementNotFoundException: Web element with id: 'localizadorReserva' located by 'By.xpath: //h4[contains(@class,'booking-details__booking-code')]' not found
	at com.kms.katalon.core.webui.keyword.internal.WebUIKeywordMain.stepFailed(WebUIKeywordMain.groovy:175)
	at com.kms.katalon.core.webui.keyword.builtin.VerifyElementPresentKeyword$_verifyElementPresent_closure1.doCall(VerifyElementPresentKeyword.groovy:88)
	at com.kms.katalon.core.webui.keyword.builtin.VerifyElementPresentKeyword$_verifyElementPresent_closure1.call(VerifyElementPresentKeyword.groovy)
	at com.kms.katalon.core.webui.keyword.internal.WebUIKeywordMain.runKeyword(WebUIKeywordMain.groovy:41)
	at com.kms.katalon.core.webui.keyword.builtin.VerifyElementPresentKeyword.verifyElementPresent(VerifyElementPresentKeyword.groovy:95)
	at com.kms.katalon.core.webui.keyword.builtin.VerifyElementPresentKeyword.execute(VerifyElementPresentKeyword.groovy:68)
	at com.kms.katalon.core.keyword.internal.KeywordExecutor.executeKeywordForPlatform(KeywordExecutor.groovy:79)
	at com.kms.katalon.core.webui.keyword.WebUiBuiltInKeywords.verifyElementPresent(WebUiBuiltInKeywords.groovy:1549)
	at Listener_LocalizadorReserva.capturarLocalizador(Listener_Localizador.groovy:27)
	at java.base/jdk.internal.reflect.NativeMethodAccessorImpl.invoke0(Native Method)
	at java.base/jdk.internal.reflect.NativeMethodAccessorImpl.invoke(NativeMethodAccessorImpl.java:77)
	at java.base/jdk.internal.reflect.DelegatingMethodAccessorImpl.invoke(DelegatingMethodAccessorImpl.java:43)
	at com.kms.katalon.core.context.internal.TestHooker.invokeMethod(TestHooker.java:111)
	at com.kms.katalon.core.context.internal.TestHooker.lambda$3(TestHooker.java:95)
	at com.kms.katalon.core.context.internal.TestHooker.invokeContextMethods(TestHooker.java:94)
	at com.kms.katalon.core.context.internal.TestListenerCollector.lambda$3(TestListenerCollector.java:88)
	at com.kms.katalon.core.context.internal.TestListenerCollector.handleListenerEvent(TestListenerCollector.java:85)
	at com.kms.katalon.core.context.internal.ExecutionEventManager.publicEvent(ExecutionEventManager.java:36)
	at com.kms.katalon.core.main.TestCaseExecutor.execute(TestCaseExecutor.java:352)
	at com.kms.katalon.core.common.CommonExecutor.accessTestCaseMainPhase(CommonExecutor.java:71)
	at com.kms.katalon.core.main.TestSuiteExecutor.accessTestSuiteMainPhase(TestSuiteExecutor.java:145)
	at com.kms.katalon.core.main.TestSuiteExecutor.execute(TestSuiteExecutor.java:104)
	at com.kms.katalon.core.main.TestCaseMain.startTestSuite(TestCaseMain.java:205)
	at TempTestSuite1766802339781.run(TempTestSuite1766802339781.groovy:35)
	at java.base/jdk.internal.reflect.NativeMethodAccessorImpl.invoke0(Native Method)
	at java.base/jdk.internal.reflect.NativeMethodAccessorImpl.invoke(NativeMethodAccessorImpl.java:77)
	at java.base/jdk.internal.reflect.DelegatingMethodAccessorImpl.invoke(DelegatingMethodAccessorImpl.java:43)
)

26-12-2025T21:28:40 - [MESSAGE][WARNING] - com.kms.katalon.core.webui.exception.WebElementNotFoundException: Web element with id: 'localizadorReserva' located by 'By.xpath: //h4[contains(@class,'booking-details__booking-code')]' not found (Root cause: com.kms.katalon.core.exception.StepFailedException: com.kms.katalon.core.webui.exception.WebElementNotFoundException: Web element with id: 'localizadorReserva' located by 'By.xpath: //h4[contains(@class,'booking-details__booking-code')]' not found
	at com.kms.katalon.core.webui.keyword.internal.WebUIKeywordMain.stepFailed(WebUIKeywordMain.groovy:175)
	at com.kms.katalon.core.webui.keyword.builtin.VerifyElementPresentKeyword$_verifyElementPresent_closure1.doCall(VerifyElementPresentKeyword.groovy:88)
	at com.kms.katalon.core.webui.keyword.builtin.VerifyElementPresentKeyword$_verifyElementPresent_closure1.call(VerifyElementPresentKeyword.groovy)
	at com.kms.katalon.core.webui.keyword.internal.WebUIKeywordMain.runKeyword(WebUIKeywordMain.groovy:41)
	at com.kms.katalon.core.webui.keyword.builtin.VerifyElementPresentKeyword.verifyElementPresent(VerifyElementPresentKeyword.groovy:95)
	at com.kms.katalon.core.webui.keyword.builtin.VerifyElementPresentKeyword.execute(VerifyElementPresentKeyword.groovy:68)
	at com.kms.katalon.core.keyword.internal.KeywordExecutor.executeKeywordForPlatform(KeywordExecutor.groovy:79)
	at com.kms.katalon.core.webui.keyword.WebUiBuiltInKeywords.verifyElementPresent(WebUiBuiltInKeywords.groovy:1549)
	at Listener_LocalizadorReserva.capturarLocalizador(Listener_Localizador.groovy:27)
	at java.base/jdk.internal.reflect.NativeMethodAccessorImpl.invoke0(Native Method)
	at java.base/jdk.internal.reflect.NativeMethodAccessorImpl.invoke(NativeMethodAccessorImpl.java:77)
	at java.base/jdk.internal.reflect.DelegatingMethodAccessorImpl.invoke(DelegatingMethodAccessorImpl.java:43)
	at com.kms.katalon.core.context.internal.TestHooker.invokeMethod(TestHooker.java:111)
	at com.kms.katalon.core.context.internal.TestHooker.lambda$3(TestHooker.java:95)
	at com.kms.katalon.core.context.internal.TestHooker.invokeContextMethods(TestHooker.java:94)
	at com.kms.katalon.core.context.internal.TestListenerCollector.lambda$3(TestListenerCollector.java:88)
	at com.kms.katalon.core.context.internal.TestListenerCollector.handleListenerEvent(TestListenerCollector.java:85)
	at com.kms.katalon.core.context.internal.ExecutionEventManager.publicEvent(ExecutionEventManager.java:36)
	at com.kms.katalon.core.main.TestCaseExecutor.execute(TestCaseExecutor.java:352)
	at com.kms.katalon.core.common.CommonExecutor.accessTestCaseMainPhase(CommonExecutor.java:71)
	at com.kms.katalon.core.main.TestSuiteExecutor.accessTestSuiteMainPhase(TestSuiteExecutor.java:145)
	at com.kms.katalon.core.main.TestSuiteExecutor.execute(TestSuiteExecutor.java:104)
	at com.kms.katalon.core.main.TestCaseMain.startTestSuite(TestCaseMain.java:205)
	at TempTestSuite1766802339781.run(TempTestSuite1766802339781.groovy:35)
	at java.base/jdk.internal.reflect.NativeMethodAccessorImpl.invoke0(Native Method)
	at java.base/jdk.internal.reflect.NativeMethodAccessorImpl.invoke(NativeMethodAccessorImpl.java:77)
	at java.base/jdk.internal.reflect.DelegatingMethodAccessorImpl.invoke(DelegatingMethodAccessorImpl.java:43)
)

26-12-2025T21:28:40 - [TEST_STEP][PASSED] - if (!(localizador)): com.kms.katalon.core.webui.exception.WebElementNotFoundException: Web element with id: 'localizadorGenerico' located by 'By.xpath: //*[contains(translate(text(),'LOCALIZADOR','localizador'),'localizador:')]' not found (Root cause: com.kms.katalon.core.exception.StepFailedException: com.kms.katalon.core.webui.exception.WebElementNotFoundException: Web element with id: 'localizadorGenerico' located by 'By.xpath: //*[contains(translate(text(),'LOCALIZADOR','localizador'),'localizador:')]' not found
	at com.kms.katalon.core.webui.keyword.internal.WebUIKeywordMain.stepFailed(WebUIKeywordMain.groovy:175)
	at com.kms.katalon.core.webui.keyword.builtin.VerifyElementPresentKeyword$_verifyElementPresent_closure1.doCall(VerifyElementPresentKeyword.groovy:88)
	at com.kms.katalon.core.webui.keyword.builtin.VerifyElementPresentKeyword$_verifyElementPresent_closure1.call(VerifyElementPresentKeyword.groovy)
	at com.kms.katalon.core.webui.keyword.internal.WebUIKeywordMain.runKeyword(WebUIKeywordMain.groovy:41)
	at com.kms.katalon.core.webui.keyword.builtin.VerifyElementPresentKeyword.verifyElementPresent(VerifyElementPresentKeyword.groovy:95)
	at com.kms.katalon.core.webui.keyword.builtin.VerifyElementPresentKeyword.execute(VerifyElementPresentKeyword.groovy:68)
	at com.kms.katalon.core.keyword.internal.KeywordExecutor.executeKeywordForPlatform(KeywordExecutor.groovy:79)
	at com.kms.katalon.core.webui.keyword.WebUiBuiltInKeywords.verifyElementPresent(WebUiBuiltInKeywords.groovy:1549)
	at Listener_LocalizadorReserva.capturarLocalizador(Listener_Localizador.groovy:39)
	at java.base/jdk.internal.reflect.NativeMethodAccessorImpl.invoke0(Native Method)
	at java.base/jdk.internal.reflect.NativeMethodAccessorImpl.invoke(NativeMethodAccessorImpl.java:77)
	at java.base/jdk.internal.reflect.DelegatingMethodAccessorImpl.invoke(DelegatingMethodAccessorImpl.java:43)
	at com.kms.katalon.core.context.internal.TestHooker.invokeMethod(TestHooker.java:111)
	at com.kms.katalon.core.context.internal.TestHooker.lambda$3(TestHooker.java:95)
	at com.kms.katalon.core.context.internal.TestHooker.invokeContextMethods(TestHooker.java:94)
	at com.kms.katalon.core.context.internal.TestListenerCollector.lambda$3(TestListenerCollector.java:88)
	at com.kms.katalon.core.context.internal.TestListenerCollector.handleListenerEvent(TestListenerCollector.java:85)
	at com.kms.katalon.core.context.internal.ExecutionEventManager.publicEvent(ExecutionEventManager.java:36)
	at com.kms.katalon.core.main.TestCaseExecutor.execute(TestCaseExecutor.java:352)
	at com.kms.katalon.core.common.CommonExecutor.accessTestCaseMainPhase(CommonExecutor.java:71)
	at com.kms.katalon.core.main.TestSuiteExecutor.accessTestSuiteMainPhase(TestSuiteExecutor.java:145)
	at com.kms.katalon.core.main.TestSuiteExecutor.execute(TestSuiteExecutor.java:104)
	at com.kms.katalon.core.main.TestCaseMain.startTestSuite(TestCaseMain.java:205)
	at TempTestSuite1766802339781.run(TempTestSuite1766802339781.groovy:35)
	at java.base/jdk.internal.reflect.NativeMethodAccessorImpl.invoke0(Native Method)
	at java.base/jdk.internal.reflect.NativeMethodAccessorImpl.invoke(NativeMethodAccessorImpl.java:77)
	at java.base/jdk.internal.reflect.DelegatingMethodAccessorImpl.invoke(DelegatingMethodAccessorImpl.java:43)
)

26-12-2025T21:28:40 - [TEST_STEP][PASSED] - genericLocator = new com.kms.katalon.core.testobject.TestObject(localizadorGenerico): null

26-12-2025T21:28:40 - [TEST_STEP][PASSED] - genericLocator.addProperty("xpath", CONTAINS, "//*[contains(translate(text(),'LOCALIZADOR','localizador'),'localizador:')]"): null

26-12-2025T21:28:40 - [TEST_STEP][WARNING] - if (verifyElementPresent(genericLocator, 3, OPTIONAL)): com.kms.katalon.core.webui.exception.WebElementNotFoundException: Web element with id: 'localizadorGenerico' located by 'By.xpath: //*[contains(translate(text(),'LOCALIZADOR','localizador'),'localizador:')]' not found (Root cause: com.kms.katalon.core.exception.StepFailedException: com.kms.katalon.core.webui.exception.WebElementNotFoundException: Web element with id: 'localizadorGenerico' located by 'By.xpath: //*[contains(translate(text(),'LOCALIZADOR','localizador'),'localizador:')]' not found
	at com.kms.katalon.core.webui.keyword.internal.WebUIKeywordMain.stepFailed(WebUIKeywordMain.groovy:175)
	at com.kms.katalon.core.webui.keyword.builtin.VerifyElementPresentKeyword$_verifyElementPresent_closure1.doCall(VerifyElementPresentKeyword.groovy:88)
	at com.kms.katalon.core.webui.keyword.builtin.VerifyElementPresentKeyword$_verifyElementPresent_closure1.call(VerifyElementPresentKeyword.groovy)
	at com.kms.katalon.core.webui.keyword.internal.WebUIKeywordMain.runKeyword(WebUIKeywordMain.groovy:41)
	at com.kms.katalon.core.webui.keyword.builtin.VerifyElementPresentKeyword.verifyElementPresent(VerifyElementPresentKeyword.groovy:95)
	at com.kms.katalon.core.webui.keyword.builtin.VerifyElementPresentKeyword.execute(VerifyElementPresentKeyword.groovy:68)
	at com.kms.katalon.core.keyword.internal.KeywordExecutor.executeKeywordForPlatform(KeywordExecutor.groovy:79)
	at com.kms.katalon.core.webui.keyword.WebUiBuiltInKeywords.verifyElementPresent(WebUiBuiltInKeywords.groovy:1549)
	at Listener_LocalizadorReserva.capturarLocalizador(Listener_Localizador.groovy:39)
	at java.base/jdk.internal.reflect.NativeMethodAccessorImpl.invoke0(Native Method)
	at java.base/jdk.internal.reflect.NativeMethodAccessorImpl.invoke(NativeMethodAccessorImpl.java:77)
	at java.base/jdk.internal.reflect.DelegatingMethodAccessorImpl.invoke(DelegatingMethodAccessorImpl.java:43)
	at com.kms.katalon.core.context.internal.TestHooker.invokeMethod(TestHooker.java:111)
	at com.kms.katalon.core.context.internal.TestHooker.lambda$3(TestHooker.java:95)
	at com.kms.katalon.core.context.internal.TestHooker.invokeContextMethods(TestHooker.java:94)
	at com.kms.katalon.core.context.internal.TestListenerCollector.lambda$3(TestListenerCollector.java:88)
	at com.kms.katalon.core.context.internal.TestListenerCollector.handleListenerEvent(TestListenerCollector.java:85)
	at com.kms.katalon.core.context.internal.ExecutionEventManager.publicEvent(ExecutionEventManager.java:36)
	at com.kms.katalon.core.main.TestCaseExecutor.execute(TestCaseExecutor.java:352)
	at com.kms.katalon.core.common.CommonExecutor.accessTestCaseMainPhase(CommonExecutor.java:71)
	at com.kms.katalon.core.main.TestSuiteExecutor.accessTestSuiteMainPhase(TestSuiteExecutor.java:145)
	at com.kms.katalon.core.main.TestSuiteExecutor.execute(TestSuiteExecutor.java:104)
	at com.kms.katalon.core.main.TestCaseMain.startTestSuite(TestCaseMain.java:205)
	at TempTestSuite1766802339781.run(TempTestSuite1766802339781.groovy:35)
	at java.base/jdk.internal.reflect.NativeMethodAccessorImpl.invoke0(Native Method)
	at java.base/jdk.internal.reflect.NativeMethodAccessorImpl.invoke(NativeMethodAccessorImpl.java:77)
	at java.base/jdk.internal.reflect.DelegatingMethodAccessorImpl.invoke(DelegatingMethodAccessorImpl.java:43)
)

26-12-2025T21:28:43 - [MESSAGE][WARNING] - com.kms.katalon.core.webui.exception.WebElementNotFoundException: Web element with id: 'localizadorGenerico' located by 'By.xpath: //*[contains(translate(text(),'LOCALIZADOR','localizador'),'localizador:')]' not found (Root cause: com.kms.katalon.core.exception.StepFailedException: com.kms.katalon.core.webui.exception.WebElementNotFoundException: Web element with id: 'localizadorGenerico' located by 'By.xpath: //*[contains(translate(text(),'LOCALIZADOR','localizador'),'localizador:')]' not found
	at com.kms.katalon.core.webui.keyword.internal.WebUIKeywordMain.stepFailed(WebUIKeywordMain.groovy:175)
	at com.kms.katalon.core.webui.keyword.builtin.VerifyElementPresentKeyword$_verifyElementPresent_closure1.doCall(VerifyElementPresentKeyword.groovy:88)
	at com.kms.katalon.core.webui.keyword.builtin.VerifyElementPresentKeyword$_verifyElementPresent_closure1.call(VerifyElementPresentKeyword.groovy)
	at com.kms.katalon.core.webui.keyword.internal.WebUIKeywordMain.runKeyword(WebUIKeywordMain.groovy:41)
	at com.kms.katalon.core.webui.keyword.builtin.VerifyElementPresentKeyword.verifyElementPresent(VerifyElementPresentKeyword.groovy:95)
	at com.kms.katalon.core.webui.keyword.builtin.VerifyElementPresentKeyword.execute(VerifyElementPresentKeyword.groovy:68)
	at com.kms.katalon.core.keyword.internal.KeywordExecutor.executeKeywordForPlatform(KeywordExecutor.groovy:79)
	at com.kms.katalon.core.webui.keyword.WebUiBuiltInKeywords.verifyElementPresent(WebUiBuiltInKeywords.groovy:1549)
	at Listener_LocalizadorReserva.capturarLocalizador(Listener_Localizador.groovy:39)
	at java.base/jdk.internal.reflect.NativeMethodAccessorImpl.invoke0(Native Method)
	at java.base/jdk.internal.reflect.NativeMethodAccessorImpl.invoke(NativeMethodAccessorImpl.java:77)
	at java.base/jdk.internal.reflect.DelegatingMethodAccessorImpl.invoke(DelegatingMethodAccessorImpl.java:43)
	at com.kms.katalon.core.context.internal.TestHooker.invokeMethod(TestHooker.java:111)
	at com.kms.katalon.core.context.internal.TestHooker.lambda$3(TestHooker.java:95)
	at com.kms.katalon.core.context.internal.TestHooker.invokeContextMethods(TestHooker.java:94)
	at com.kms.katalon.core.context.internal.TestListenerCollector.lambda$3(TestListenerCollector.java:88)
	at com.kms.katalon.core.context.internal.TestListenerCollector.handleListenerEvent(TestListenerCollector.java:85)
	at com.kms.katalon.core.context.internal.ExecutionEventManager.publicEvent(ExecutionEventManager.java:36)
	at com.kms.katalon.core.main.TestCaseExecutor.execute(TestCaseExecutor.java:352)
	at com.kms.katalon.core.common.CommonExecutor.accessTestCaseMainPhase(CommonExecutor.java:71)
	at com.kms.katalon.core.main.TestSuiteExecutor.accessTestSuiteMainPhase(TestSuiteExecutor.java:145)
	at com.kms.katalon.core.main.TestSuiteExecutor.execute(TestSuiteExecutor.java:104)
	at com.kms.katalon.core.main.TestCaseMain.startTestSuite(TestCaseMain.java:205)
	at TempTestSuite1766802339781.run(TempTestSuite1766802339781.groovy:35)
	at java.base/jdk.internal.reflect.NativeMethodAccessorImpl.invoke0(Native Method)
	at java.base/jdk.internal.reflect.NativeMethodAccessorImpl.invoke(NativeMethodAccessorImpl.java:77)
	at java.base/jdk.internal.reflect.DelegatingMethodAccessorImpl.invoke(DelegatingMethodAccessorImpl.java:43)
)

26-12-2025T21:28:43 - [TEST_STEP][PASSED] - if (localizador && localizador == (internal.GlobalVariable.localizadorActual) ? internal.GlobalVariable.localizadorActual : ): null

26-12-2025T21:28:43 - [TEST_STEP][PASSED] - if (localizador): null

26-12-2025T21:28:43 - [TEST_STEP][PASSED] - else: ‚ö†Ô∏è No se detect√≥ localizador en el escenario actual.

26-12-2025T21:28:43 - [TEST_STEP][PASSED] - localizadorActual = "": null

26-12-2025T21:28:43 - [TEST_STEP][PASSED] - comment("‚ö†Ô∏è No se detect√≥ localizador en el escenario actual."): ‚ö†Ô∏è No se detect√≥ localizador en el escenario actual.

26-12-2025T21:28:43 - [MESSAGE][INFO] - ‚ö†Ô∏è No se detect√≥ localizador en el escenario actual.

26-12-2025T21:28:43 - [TEST_STEP][PASSED] - Finally: null

26-12-2025T21:28:43 - [TEST_STEP][PASSED] - if (localizadorActual == null): null

26-12-2025T21:28:43 - [TEST_STEP][PASSED] - Start listener action : generarReporte: null

26-12-2025T21:28:43 - [TEST_STEP][PASSED] - try: null

26-12-2025T21:28:43 - [TEST_STEP][PASSED] - driver = getWebDriver(): null

26-12-2025T21:28:43 - [TEST_STEP][PASSED] - reportFolder = getReportFolder(): null

26-12-2025T21:28:43 - [TEST_STEP][PASSED] - if (!(reportFolder)): null

26-12-2025T21:28:43 - [TEST_STEP][PASSED] - reportFolder = reportFolder + "/Report_PMO": null

26-12-2025T21:28:43 - [TEST_STEP][PASSED] - baseDir = new java.io.File(reportFolder): null

26-12-2025T21:28:43 - [TEST_STEP][PASSED] - if (!(baseDir.exists())): null

26-12-2025T21:28:43 - [TEST_STEP][PASSED] - evidenceFolder = $reportFolder/screenshots: null

26-12-2025T21:28:43 - [TEST_STEP][PASSED] - eDir = new java.io.File(evidenceFolder): null

26-12-2025T21:28:43 - [TEST_STEP][PASSED] - if (!(eDir.exists())): null

26-12-2025T21:28:43 - [TEST_STEP][PASSED] - suiteName = (com.kms.katalon.core.configuration.RunConfiguration.getExecutionSourceName()) ? com.kms.katalon.core.configuration.RunConfiguration.getExecutionSourceName() : DefaultSuite: null

26-12-2025T21:28:43 - [TEST_STEP][PASSED] - consecutivo = File(reportFolder).getName(): null

26-12-2025T21:28:43 - [TEST_STEP][PASSED] - testName = tokenize("/").last(): null

26-12-2025T21:28:43 - [TEST_STEP][PASSED] - estado = testCaseContext.getTestCaseStatus(): null

26-12-2025T21:28:43 - [TEST_STEP][PASSED] - timestamp = SimpleDateFormat(yyyy-MM-dd_HH-mm-ss).format(new java.util.Date()): null

26-12-2025T21:28:43 - [TEST_STEP][PASSED] - imgName = $estado_$testName_$timestamp.png: null

26-12-2025T21:28:43 - [TEST_STEP][PASSED] - imgAbsPath = $evidenceFolder/$imgName: null

26-12-2025T21:28:43 - [TEST_STEP][PASSED] - if (driver != null): Taking screenshot successfully

26-12-2025T21:28:43 - [TEST_STEP][PASSED] - try: Taking screenshot successfully

26-12-2025T21:28:43 - [TEST_STEP][PASSED] - takeFullPageScreenshot(imgAbsPath): Taking screenshot successfully

26-12-2025T21:28:44 - [MESSAGE][INFO] - 0 hidden object(s)

26-12-2025T21:28:45 - [MESSAGE][PASSED] - Taking screenshot successfully
[[ATTACHMENT|C:\TempSourceSafe\Katalon Studio\Katalon Websites\Euromundo\Reports\20251226_212539\Stabilization Testing\stabilization_test_2ADL_1CNN\20251226_212539/Report_PMO/screenshots/ERROR_paquete_nal_para_1adl_1cnn_canal_mxn_2025-12-26_21-28-43.png]]

26-12-2025T21:28:45 - [TEST_STEP][PASSED] - try: null

26-12-2025T21:28:45 - [TEST_STEP][PASSED] - evidenciaTabla =  }).max({ -> ... }): null

26-12-2025T21:28:45 - [TEST_STEP][PASSED] - if (evidenciaTabla): null

26-12-2025T21:28:45 - [TEST_STEP][PASSED] - localizador = "": null

26-12-2025T21:28:45 - [TEST_STEP][PASSED] - try: null

26-12-2025T21:28:45 - [TEST_STEP][PASSED] - if (localizadorGuardado && localizadorGuardado.trim()): null

26-12-2025T21:28:45 - [TEST_STEP][PASSED] - if (!(localizador)): null

26-12-2025T21:28:45 - [TEST_STEP][PASSED] - locator = new com.kms.katalon.core.testobject.TestObject(locator): null

26-12-2025T21:28:45 - [TEST_STEP][PASSED] - locator.addProperty("xpath", EQUALS, "//*[contains(translate(text(),'LOCALIZADOR','localizador'),'localizador')]"): null

26-12-2025T21:28:45 - [TEST_STEP][WARNING] - found = waitForElementVisible(locator, 6, OPTIONAL): Web element with id: 'locator' located by 'By.xpath: //*[contains(translate(text(),'LOCALIZADOR','localizador'),'localizador')]' not found

26-12-2025T21:28:51 - [MESSAGE][WARNING] - Web element with id: 'locator' located by 'By.xpath: //*[contains(translate(text(),'LOCALIZADOR','localizador'),'localizador')]' not found

26-12-2025T21:28:51 - [TEST_STEP][PASSED] - if (found): null

26-12-2025T21:28:51 - [TEST_STEP][PASSED] - if (!(localizador) && localizadorActual): null

26-12-2025T21:28:51 - [TEST_STEP][PASSED] - failReason = "": null

26-12-2025T21:28:51 - [TEST_STEP][PASSED] - if (!("PASSED".equalsIgnoreCase(estado))): null

26-12-2025T21:28:51 - [TEST_STEP][PASSED] - try: null

26-12-2025T21:28:51 - [TEST_STEP][PASSED] - failReason = getMessage() : .trim(): null

26-12-2025T21:28:51 - [TEST_STEP][PASSED] - try: null

26-12-2025T21:28:51 - [TEST_STEP][PASSED] - if (versionDLL && versionDLL.trim()): null

26-12-2025T21:28:51 - [TEST_STEP][PASSED] - versionDLL = versionDLL: null

26-12-2025T21:28:51 - [TEST_STEP][PASSED] - reservaURL = (localizador) ? https://euromundootn.juniper.es/users/bookings.aspx?onlyQuotations=false&bookingCode=$localizador : : null

26-12-2025T21:28:51 - [TEST_STEP][PASSED] - resultados << ["fecha":timestamp, "testCase":testName, "estado":estado, "localizador":localizador, "evidencia":imgAbsPath, "reserva":reservaURL, ... ]: null

26-12-2025T21:28:51 - [TEST_STEP][PASSED] - generarReportes(reportFolder, suiteName, consecutivo): null

26-12-2025T21:28:51 - [TEST_STEP][PASSED] - try: null

26-12-2025T21:28:51 - [TEST_STEP][PASSED] - fecha = SimpleDateFormat(yyyy-MM-dd HH:mm:ss).format(new java.util.Date()): null

26-12-2025T21:28:51 - [TEST_STEP][PASSED] - csvName = $suiteName_PMO_Log_$consecutivo.csv: null

26-12-2025T21:28:51 - [TEST_STEP][PASSED] - File($basePath/$csvName).withWriter("UTF-8", { java.lang.Object w -> ... }): null

26-12-2025T21:28:51 - [TEST_STEP][PASSED] - logoPath = file:///$RunConfiguration.getProjectDir().replace(\, /)/Include/images/juniper-logo.png: null

26-12-2025T21:28:51 - [TEST_STEP][PASSED] - duracionSuite = "N/A": null

26-12-2025T21:28:51 - [TEST_STEP][PASSED] - try: ‚è±Ô∏è Duraci√≥n suite calculada internamente: 00:03:02

26-12-2025T21:28:51 - [TEST_STEP][PASSED] - ahora = System.currentTimeMillis(): null

26-12-2025T21:28:51 - [TEST_STEP][PASSED] - duracionMs = ahora - inicioSuite: null

26-12-2025T21:28:51 - [TEST_STEP][PASSED] - totalSeg = duracionMs / 1000: null

26-12-2025T21:28:51 - [TEST_STEP][PASSED] - horas = totalSeg / 3600: null

26-12-2025T21:28:51 - [TEST_STEP][PASSED] - mins = totalSeg % 3600 / 60: null

26-12-2025T21:28:51 - [TEST_STEP][PASSED] - secs = totalSeg % 60: null

26-12-2025T21:28:51 - [TEST_STEP][PASSED] - duracionSuite = String.format("%02d:%02d:%02d", horas, mins, secs): null

26-12-2025T21:28:51 - [TEST_STEP][PASSED] - comment(‚è±Ô∏è Duraci√≥n suite calculada internamente: $duracionSuite): ‚è±Ô∏è Duraci√≥n suite calculada internamente: 00:03:02

26-12-2025T21:28:51 - [MESSAGE][INFO] - ‚è±Ô∏è Duraci√≥n suite calculada internamente: 00:03:02

26-12-2025T21:28:51 - [TEST_STEP][PASSED] - estilo = "
			<style>
				body{font-family:'Segoe UI',Arial;background:#F5F7FA;color:#2f4050;padding:25px;}
				.header{background:#fff;padding:15px 20px;border-radius:10px;
						box-shadow:0 2px 8px rgba(0,0,0,0.08);margin-bottom:25px;}
				.header img{max-width:160px;margin-bottom:8px;}
				h2{color:#1a2b49;margin:5px 0;}
				p{margin:5px 0;color:#555;}

				table{width:98%;margin:0 auto;border-collapse:collapse;text-align:center;
					  background:white;border-radius:10px;box-shadow:0 2px 8px rgba(0,0,0,0.08);}
				th,td{padding:12px 10px;border-bottom:1px solid #D9D9D9;color:#2f4050;
					  text-align:center;vertical-align:middle;}
				th{background:#2F3A56;color:white;text-transform:uppercase;font-weight:600;}
				td a{color:#1a2b49;text-decoration:underline;font-weight:500;display:inline-block;}

				.passed { color:#00C853;font-weight:bold;text-shadow:0 0 6px rgba(0,200,83,0.45); }
				.failed { color:#FB8C00;font-weight:bold;text-shadow:0 0 6px rgba(251,140,0,0.45); }
				.error  { color:#FF1744;font-weight:bold;text-shadow:0 0 6px rgba(255,23,68,0.5); }

				.card{
					background:#fff;border-radius:10px;box-shadow:0 2px 6px rgba(0,0,0,0.08);
					padding:14px;margin-bottom:18px;
				}
				.toggle-btn{color:#007bff;cursor:pointer;font-size:13px;margin-left:6px;}
				.hidden-text{display:none;margin-top:5px;font-size:13px;color:#555;}

				a.csv,a.pdf{
					background:#2F3A56;color:white;padding:6px 12px;border-radius:6px;
					text-decoration:none;font-size:13px;margin-top:12px;display:inline-block;margin-right:10px;
				}
				img.evidencia {max-width:600px;width:100%;border-radius:8px;
					box-shadow:0 2px 8px rgba(0,0,0,0.15);margin:12px auto;display:block;}

				.report-filter-bar{display:flex;gap:12px;align-items:center;
					background:#f4f6f8;padding:10px 14px;border-radius:12px;
					margin:18px 0;border:1px solid #e5e9ef;font-family:'Segoe UI',Arial;}

				.report-filter-bar input{flex:1;padding:10px 12px;border:1px solid #cfd6e4;
					border-radius:10px;font-size:14px;outline:none;transition:0.2s;}
				.report-filter-bar input:focus{border-color:#0078D4;box-shadow:0 0 3px rgba(0,120,212,0.3);}

				@media print {
				  #filtro,#contadorFilas,.report-filter-bar{display:none !important;}
				}
			</style>
			": null

26-12-2025T21:28:51 - [TEST_STEP][PASSED] - buildDashboard = { -> ... }: null

26-12-2025T21:28:51 - [TEST_STEP][PASSED] - filtroUniversalHTML = "
			<div class='report-filter-bar'>
			  <span class='label'>Filtro:</span>
			  <input id='filtro' type='text' placeholder='Filtrar por Escenario, Localizador o Estado...'>
			</div>
			<p id='contadorFilas' style='font-size:13px;color:#555;margin-top:-10px;'>
				Mostrando todos los resultados
			</p>
			": null

26-12-2025T21:28:51 - [TEST_STEP][PASSED] - filtroUniversalScript = "
			<script>
			  (function(){
				function applyFilter(itemSelector){
				  const input = document.getElementById('filtro');
				  const counter = document.getElementById('contadorFilas');
				  const items = document.querySelectorAll(itemSelector);
				  if(!input || !items.length) return;
				  input.addEventListener('keyup', function(){
					const text = this.value.toLowerCase().trim();
					let visibles = 0;
					items.forEach(item=>{
					  const show = item.textContent.toLowerCase().includes(text);
					  item.style.display = show ? '' : 'none';
					  if(show) visibles++;
					});
					counter.textContent = visibles === items.length
					  ? "Mostrando todos los resultados"
					  : "Mostrando " + visibles + " de " + items.length + " resultados";
				  });
				}
				if(document.querySelectorAll('tbody tr').length > 0){
				  applyFilter('tbody tr');
				}else if(document.querySelectorAll('.card').length > 0){
				  applyFilter('.card');
				}
			  })();

			  function toggleText(id, triggerId){
				var el = document.getElementById(id);
				var t  = document.getElementById(triggerId);
				if(!el || !t) return;
				var visible = (el.style.display === 'block');
				el.style.display = visible ? 'none' : 'block';
				t.textContent = visible ? 'View more' : 'View less';
			  }
			</script>
			": null

26-12-2025T21:28:51 - [TEST_STEP][PASSED] - botonesFinal = 
			  <div style='margin-top:10px;'>
				<a href='$csvName' class='csv'>‚¨áÔ∏è Download CSV</a>
			  </div>
			: null

26-12-2025T21:28:51 - [TEST_STEP][PASSED] - allHtml = new java.io.File($basePath/Report_PMO_All.html): null

26-12-2025T21:28:51 - [TEST_STEP][PASSED] - allHtml.withWriter("UTF-8", { java.lang.Object w -> ... }): null

26-12-2025T21:28:51 - [TEST_STEP][PASSED] - resumen = new java.io.File($basePath/Report_PMO_Final.html): null

26-12-2025T21:28:51 - [TEST_STEP][PASSED] - resumen.withWriter("UTF-8", { java.lang.Object w -> ... }): null

26-12-2025T21:28:51 - [TEST_STEP][PASSED] - exportHtmlToPdf($reportFolder/Report_PMO_All.html, $reportFolder/Report_PMO_All.pdf): null

26-12-2025T21:28:51 - [TEST_STEP][PASSED] - System.setProperty("webdriver.chrome.driver", getChromeDriverPath()): null

26-12-2025T21:28:51 - [TEST_STEP][PASSED] - catch (Exception e): ‚ùå Error in Report_PMO: MissingMethodException - No signature of method: static com.kms.katalon.core.webui.driver.DriverFactory.getChromeDriverPath() is applicable for argument types: () values: []

26-12-2025T21:28:51 - [TEST_STEP][PASSED] - comment("‚ùå Error in Report_PMO: " + simpleName + " - " + message): ‚ùå Error in Report_PMO: MissingMethodException - No signature of method: static com.kms.katalon.core.webui.driver.DriverFactory.getChromeDriverPath() is applicable for argument types: () values: []

26-12-2025T21:28:51 - [MESSAGE][INFO] - ‚ùå Error in Report_PMO: MissingMethodException - No signature of method: static com.kms.katalon.core.webui.driver.DriverFactory.getChromeDriverPath() is applicable for argument types: () values: []

26-12-2025T21:28:51 - [TEST_STEP][PASSED] - Finally: null

26-12-2025T21:28:51 - [TEST_STEP][PASSED] - localizadorActual = "": null

26-12-2025T21:28:51 - [TEST_STEP][PASSED] - localizadorGuardado = "": null]]></system-out>
         <system-err><![CDATA[26-12-2025T21:25:49 - [TEST_CASE][ERROR] - Test Cases/Euromundo/Paquete_Basico/paquete_nal_para_1adl_1cnn_canal_mxn: Test Cases/Euromundo/Paquete_Basico/paquete_nal_para_1adl_1cnn_canal_mxn FAILED.
Reason:
com.kms.katalon.core.webui.exception.WebElementNotFoundException: Web element with id: 'dynamicPaxSelect' located by '//select[contains(@class,'js-set-confirm-pax-data')]' not found
	at com.kms.katalon.core.webui.common.WebUiCommonHelper.findWebElement(WebUiCommonHelper.java:1553)
	at paquete_nal_para_1adl_1cnn_canal_mxn.run(paquete_nal_para_1adl_1cnn_canal_mxn:270)
	at com.kms.katalon.core.main.ScriptEngine.run(ScriptEngine.java:194)
	at com.kms.katalon.core.main.ScriptEngine.runScriptAsRawText(ScriptEngine.java:119)
	at com.kms.katalon.core.main.TestCaseExecutor.runScript(TestCaseExecutor.java:486)
	at com.kms.katalon.core.main.TestCaseExecutor.doExecute(TestCaseExecutor.java:477)
	at com.kms.katalon.core.main.TestCaseExecutor.processExecutionPhase(TestCaseExecutor.java:456)
	at com.kms.katalon.core.main.TestCaseExecutor.accessMainPhase(TestCaseExecutor.java:448)
	at com.kms.katalon.core.main.TestCaseExecutor.execute(TestCaseExecutor.java:322)
	at com.kms.katalon.core.common.CommonExecutor.accessTestCaseMainPhase(CommonExecutor.java:71)
	at com.kms.katalon.core.main.TestSuiteExecutor.accessTestSuiteMainPhase(TestSuiteExecutor.java:145)
	at com.kms.katalon.core.main.TestSuiteExecutor.execute(TestSuiteExecutor.java:104)
	at com.kms.katalon.core.main.TestCaseMain.startTestSuite(TestCaseMain.java:205)
	at TempTestSuite1766802339781.run(TempTestSuite1766802339781.groovy:35)
	at java.base/jdk.internal.reflect.NativeMethodAccessorImpl.invoke0(Native Method)
	at java.base/jdk.internal.reflect.NativeMethodAccessorImpl.invoke(NativeMethodAccessorImpl.java:77)
	at java.base/jdk.internal.reflect.DelegatingMethodAccessorImpl.invoke(DelegatingMethodAccessorImpl.java:43)]]></system-err>
      </testcase>
      <system-out><![CDATA[26-12-2025T21:25:48 - [TEST_STEP][PASSED] - Start listener action : crearRutaCaptura: üìÅ Carpeta de capturas creada: C:/TempSourceSafe/Katalon Studio/Katalon Websites/Euromundo/Capturas/Test_Suites_Stabilization_Testing_stabilization_test_2ADL_1CNN_20251226_212548

26-12-2025T21:25:48 - [TEST_STEP][PASSED] - fecha = now().format(DateTimeFormatter.ofPattern("yyyyMMdd_HHmmss")): null

26-12-2025T21:25:48 - [TEST_STEP][PASSED] - suite = (testSuiteContext.getTestSuiteId()?.replaceAll([^a-zA-Z0-9_-], _)) ? testSuiteContext.getTestSuiteId()?.replaceAll([^a-zA-Z0-9_-], _) : TestSuite: null

26-12-2025T21:25:48 - [TEST_STEP][PASSED] - basePath = $RunConfiguration.getProjectDir()/Capturas/$suite_$fecha: null

26-12-2025T21:25:48 - [TEST_STEP][PASSED] - File(basePath).mkdirs(): null

26-12-2025T21:25:48 - [TEST_STEP][PASSED] - comment(üìÅ Carpeta de capturas creada: $basePath): üìÅ Carpeta de capturas creada: C:/TempSourceSafe/Katalon Studio/Katalon Websites/Euromundo/Capturas/Test_Suites_Stabilization_Testing_stabilization_test_2ADL_1CNN_20251226_212548

26-12-2025T21:25:48 - [MESSAGE][INFO] - üìÅ Carpeta de capturas creada: C:/TempSourceSafe/Katalon Studio/Katalon Websites/Euromundo/Capturas/Test_Suites_Stabilization_Testing_stabilization_test_2ADL_1CNN_20251226_212548

26-12-2025T21:25:48 - [TEST_STEP][PASSED] - Start listener action : registrarInicio: null

26-12-2025T21:25:48 - [TEST_STEP][PASSED] - inicioSuite = System.currentTimeMillis(): null

26-12-2025T21:25:48 - [TEST_SUITE][ERROR] - stabilization_test_2ADL_1CNN: null

26-12-2025T21:28:51 - [TEST_STEP][PASSED] - Start listener action : generarLogFinal: null

26-12-2025T21:28:51 - [TEST_STEP][PASSED] - try: null

26-12-2025T21:28:51 - [TEST_STEP][PASSED] - reportDir = getReportFolder(): null

26-12-2025T21:28:51 - [TEST_STEP][PASSED] - htmlReport = new java.io.File($reportDir/execution0.html): null

26-12-2025T21:28:51 - [TEST_STEP][PASSED] - if (!(htmlReport.exists())): null

26-12-2025T21:28:51 - [TEST_STEP][PASSED] - comment(‚ö†Ô∏è No se encontr√≥ el reporte HTML en: $reportDir): ‚ö†Ô∏è No se encontr√≥ el reporte HTML en: C:\TempSourceSafe\Katalon Studio\Katalon Websites\Euromundo\Reports\20251226_212539\Stabilization Testing\stabilization_test_2ADL_1CNN\20251226_212539

26-12-2025T21:28:51 - [MESSAGE][INFO] - ‚ö†Ô∏è No se encontr√≥ el reporte HTML en: C:\TempSourceSafe\Katalon Studio\Katalon Websites\Euromundo\Reports\20251226_212539\Stabilization Testing\stabilization_test_2ADL_1CNN\20251226_212539

26-12-2025T21:28:51 - [TEST_STEP][PASSED] - return null: null

26-12-2025T21:28:51 - [TEST_STEP][PASSED] - Start listener action : registrarFin: üíæ Duraci√≥n escrita en archivo temporal: C:\TempSourceSafe\Katalon Studio\Katalon Websites\Euromundo\Reports\20251226_212539\Stabilization Testing\stabilization_test_2ADL_1CNN\20251226_212539\duracionSuite.txt

26-12-2025T21:28:51 - [TEST_STEP][PASSED] - finSuite = System.currentTimeMillis(): null

26-12-2025T21:28:51 - [TEST_STEP][PASSED] - duracionMs = finSuite - inicioSuite: null

26-12-2025T21:28:51 - [TEST_STEP][PASSED] - segundosTotales = duracionMs / 1000: null

26-12-2025T21:28:51 - [TEST_STEP][PASSED] - horas = segundosTotales / 3600: null

26-12-2025T21:28:51 - [TEST_STEP][PASSED] - minutos = segundosTotales % 3600 / 60: null

26-12-2025T21:28:51 - [TEST_STEP][PASSED] - segundos = segundosTotales % 60: null

26-12-2025T21:28:51 - [TEST_STEP][PASSED] - duracionFormateada = String.format("%02d:%02d:%02d", horas, minutos, segundos): null

26-12-2025T21:28:51 - [TEST_STEP][PASSED] - logInfo(‚è±Ô∏è [Listener_TiempoSuite_PMO] Duraci√≥n total de la suite: $duracionFormateada): ‚è±Ô∏è [Listener_TiempoSuite_PMO] Duraci√≥n total de la suite: 00:03:02

26-12-2025T21:28:51 - [MESSAGE][INFO] - ‚è±Ô∏è [Listener_TiempoSuite_PMO] Duraci√≥n total de la suite: 00:03:02

26-12-2025T21:28:51 - [TEST_STEP][PASSED] - duracionSuite = duracionFormateada: null

26-12-2025T21:28:51 - [TEST_STEP][PASSED] - try: üíæ Duraci√≥n escrita en archivo temporal: C:\TempSourceSafe\Katalon Studio\Katalon Websites\Euromundo\Reports\20251226_212539\Stabilization Testing\stabilization_test_2ADL_1CNN\20251226_212539\duracionSuite.txt

26-12-2025T21:28:51 - [TEST_STEP][PASSED] - reportFolder = getReportFolder(): null

26-12-2025T21:28:51 - [TEST_STEP][PASSED] - duracionFile = new java.io.File($reportFolder/duracionSuite.txt): null

26-12-2025T21:28:51 - [TEST_STEP][PASSED] - duracionFile.write(duracionFormateada, "UTF-8"): null

26-12-2025T21:28:51 - [TEST_STEP][PASSED] - logInfo(üíæ Duraci√≥n escrita en archivo temporal: $duracionFile.absolutePath): üíæ Duraci√≥n escrita en archivo temporal: C:\TempSourceSafe\Katalon Studio\Katalon Websites\Euromundo\Reports\20251226_212539\Stabilization Testing\stabilization_test_2ADL_1CNN\20251226_212539\duracionSuite.txt

26-12-2025T21:28:51 - [MESSAGE][INFO] - üíæ Duraci√≥n escrita en archivo temporal: C:\TempSourceSafe\Katalon Studio\Katalon Websites\Euromundo\Reports\20251226_212539\Stabilization Testing\stabilization_test_2ADL_1CNN\20251226_212539\duracionSuite.txt]]></system-out>
      <system-err><![CDATA[26-12-2025T21:25:48 - [TEST_SUITE][ERROR] - stabilization_test_2ADL_1CNN: null]]></system-err>
   </testsuite>
</testsuites>
