2025-12-26 23:59:58.257 INFO  c.k.katalon.core.main.TestSuiteExecutor  - START Test Suites/Stabilization Testing/stabilization_test_2ADL_1CNN
2025-12-26 23:59:58.367 INFO  c.k.katalon.core.main.TestSuiteExecutor  - userFullName = Johana Natali Gomez Munar
2025-12-26 23:59:58.368 INFO  c.k.katalon.core.main.TestSuiteExecutor  - projectName = Euromundo
2025-12-26 23:59:58.369 INFO  c.k.katalon.core.main.TestSuiteExecutor  - hostName = johana.gomez - CMANJGOMEZ2.JUNIPER
2025-12-26 23:59:58.370 INFO  c.k.katalon.core.main.TestSuiteExecutor  - os = Windows 11 64bit
2025-12-26 23:59:58.370 INFO  c.k.katalon.core.main.TestSuiteExecutor  - hostAddress = 192.168.0.35
2025-12-26 23:59:58.371 INFO  c.k.katalon.core.main.TestSuiteExecutor  - katalonVersion = 10.3.2.0
2025-12-26 23:59:58.602 INFO  c.k.k.c.keyword.builtin.CommentKeyword   - üìÅ Carpeta de capturas creada: C:/TempSourceSafe/Katalon Studio/Katalon Websites/Euromundo/Capturas/Test_Suites_Stabilization_Testing_stabilization_test_2ADL_1CNN_20251226_235958
2025-12-26 23:59:59.127 INFO  c.k.katalon.core.main.TestCaseExecutor   - --------------------
2025-12-26 23:59:59.127 INFO  c.k.katalon.core.main.TestCaseExecutor   - START Test Cases/Euromundo/Paquete_Basico/paquete_nal_para_1adl_1cnn_canal_mxn
2025-12-27 00:00:00.924 INFO  c.k.k.c.keyword.builtin.CommentKeyword   - üì¶ Versi√≥n de DLL detectada y guardada globalmente: 6.25.1224.1
2025-12-27 00:00:00.925 INFO  k.k.c.m.CustomKeywordDelegatingMetaClass - utils.DLLUtils.getVersionDLL is PASSED
2025-12-27 00:00:00.929 INFO  c.k.k.c.keyword.builtin.CommentKeyword   - üåê TestCase: test cases/euromundo/paquete_basico/paquete_nal_para_1adl_1cnn_canal_mxn
2025-12-27 00:00:00.934 INFO  c.k.k.c.keyword.builtin.CommentKeyword   - üîó Dominio detectado: https://euromundomxn.juniper.es
2025-12-27 00:00:00.938 INFO  c.k.k.c.keyword.builtin.CommentKeyword   - üì¶ Versi√≥n de DLL: 6.25.1224.1
2025-12-27 00:00:01.246 DEBUG t.paquete_nal_para_1adl_1cnn_canal_mxn   - 1: callTestCase(findTestCase("Euromundo/Login/Login_mxn"), [:], STOP_ON_FAILURE)
2025-12-27 00:00:01.330 INFO  c.k.katalon.core.main.TestCaseExecutor   - --------------------
2025-12-27 00:00:01.330 INFO  c.k.katalon.core.main.TestCaseExecutor   - CALL Test Cases/Euromundo/Login/Login_mxn
2025-12-27 00:00:01.432 DEBUG testcase.Login_mxn                       - 1: url = "https://euromundomxn.juniper.es"
2025-12-27 00:00:01.437 DEBUG testcase.Login_mxn                       - 2: openBrowser("https://euromundomxn.juniper.es")
2025-12-27 00:00:01.639 INFO  c.k.k.core.webui.driver.DriverFactory    - Starting 'Chrome' driver
2025-12-27 00:00:01.706 INFO  c.k.k.core.webui.driver.DriverFactory    - Action delay is set to 0 milliseconds
dic. 27, 2025 12:00:03 A.¬†M. org.openqa.selenium.devtools.CdpVersionFinder findNearestMatch
ADVERTENCIA: Unable to find CDP implementation matching 143
dic. 27, 2025 12:00:03 A.¬†M. org.openqa.selenium.chromium.ChromiumDriver lambda$new$4
ADVERTENCIA: Unable to find version of CDP to use for 143.0.7499.170. You may need to include a dependency on a specific version of the CDP using something similar to `org.seleniumhq.selenium:selenium-devtools-v86:4.28.1` where the version ("v86") matches the version of the chromium-based browser you're using and the version number of the artifact is the same as Selenium's.
2025-12-27 00:00:03.768 INFO  c.k.k.core.webui.driver.DriverFactory    - sessionId = 96b0492962f1d13851e836e4e1ae562b
2025-12-27 00:00:03.770 INFO  c.k.k.core.webui.driver.DriverFactory    - browser = Chrome 143.0.7499.170
2025-12-27 00:00:03.770 INFO  c.k.k.core.webui.driver.DriverFactory    - platform = Windows 11
2025-12-27 00:00:03.771 INFO  c.k.k.core.webui.driver.DriverFactory    - seleniumVersion = 4.28.1
2025-12-27 00:00:03.780 INFO  c.k.k.core.webui.driver.DriverFactory    - proxyInformation = ProxyInformation { proxyOption=NO_PROXY, proxyServerType=HTTP, username=, password=********, proxyServerAddress=, proxyServerPort=0, executionList="", isApplyToDesiredCapabilities=true }
2025-12-27 00:00:09.440 DEBUG testcase.Login_mxn                       - 3: maximizeWindow()
2025-12-27 00:00:09.494 DEBUG testcase.Login_mxn                       - 4: version = utils.DLLUtils.getVersionDLL(url)
2025-12-27 00:00:10.523 INFO  c.k.k.c.keyword.builtin.CommentKeyword   - üì¶ Versi√≥n de DLL detectada y guardada globalmente: 6.25.1224.1
2025-12-27 00:00:10.524 INFO  k.k.c.m.CustomKeywordDelegatingMetaClass - utils.DLLUtils.getVersionDLL is PASSED
2025-12-27 00:00:10.525 DEBUG testcase.Login_mxn                       - 5: comment(üì¶ Versi√≥n de DLL detectada: $version)
2025-12-27 00:00:10.529 INFO  c.k.k.c.keyword.builtin.CommentKeyword   - üì¶ Versi√≥n de DLL detectada: 6.25.1224.1
2025-12-27 00:00:10.531 DEBUG testcase.Login_mxn                       - 6: setText(findTestObject("Euromundo/login/input_User"), username)
2025-12-27 00:00:11.489 DEBUG testcase.Login_mxn                       - 7: setText(findTestObject("Euromundo/login/input_Pss"), password)
2025-12-27 00:00:12.245 DEBUG testcase.Login_mxn                       - 8: click(findTestObject("Euromundo/login/checkbox_TyC"))
2025-12-27 00:00:12.685 DEBUG testcase.Login_mxn                       - 9: click(findTestObject("Euromundo/login/button_Login"))
2025-12-27 00:00:13.098 DEBUG testcase.Login_mxn                       - 10: waitForElementClickable(findTestObject("Euromundo/gran_deal/repository_GD_nal/button_Search_GD"), 10)
2025-12-27 00:00:23.425 WARN  k.c.w.k.b.WaitForElementClickableKeyword - Web element with id: 'Object Repository/Euromundo/gran_deal/repository_GD_nal/button_Search_GD' located by 'By.xpath: //*[@id="packagespot-searcher"]/div[2]/div/div[1]/div[5]/button' not found
2025-12-27 00:00:23.428 INFO  c.k.katalon.core.main.TestCaseExecutor   - END CALL Test Cases/Euromundo/Login/Login_mxn
2025-12-27 00:00:23.428 INFO  c.k.katalon.core.main.TestCaseExecutor   - --------------------
2025-12-27 00:00:23.436 DEBUG t.paquete_nal_para_1adl_1cnn_canal_mxn   - 2: waitForElementClickable(findTestObject("Euromundo/paquete_basico/repository_paquete_nal/menu_paquete_basico"), 10)
2025-12-27 00:00:23.732 DEBUG t.paquete_nal_para_1adl_1cnn_canal_mxn   - 3: mouseOver(findTestObject("Euromundo/paquete_basico/repository_paquete_nal/menu_paquete_basico"))
2025-12-27 00:00:24.171 DEBUG t.paquete_nal_para_1adl_1cnn_canal_mxn   - 4: click(findTestObject("Euromundo/paquete_basico/repository_paquete_nal/select_paquete_nal"))
2025-12-27 00:00:25.327 DEBUG t.paquete_nal_para_1adl_1cnn_canal_mxn   - 5: click(findTestObject("Euromundo/book_steps/button_close_cookies"))
2025-12-27 00:00:26.364 DEBUG t.paquete_nal_para_1adl_1cnn_canal_mxn   - 6: waitForElementClickable(findTestObject("Euromundo/book_steps/input_destination_inter"), 25)
2025-12-27 00:00:51.394 WARN  k.c.w.k.b.WaitForElementClickableKeyword - Waiting for element timed out
2025-12-27 00:00:51.404 DEBUG t.paquete_nal_para_1adl_1cnn_canal_mxn   - 7: selectOptionByValue(findTestObject("Euromundo/book_steps/input_destination_inter"), "35163", true)
2025-12-27 00:01:01.459 WARN  c.k.k.c.w.k.b.SelectOptionByValueKeyword - Waiting for element timed out
2025-12-27 00:01:02.259 DEBUG t.paquete_nal_para_1adl_1cnn_canal_mxn   - 8: waitForElementClickable(findTestObject("Euromundo/book_steps/select_origin_inter"), 25)
2025-12-27 00:01:27.285 WARN  k.c.w.k.b.WaitForElementClickableKeyword - Waiting for element timed out
2025-12-27 00:01:27.294 DEBUG t.paquete_nal_para_1adl_1cnn_canal_mxn   - 9: selectOptionByValue(findTestObject("Euromundo/book_steps/select_origin_inter"), "35908", true)
2025-12-27 00:01:37.352 WARN  c.k.k.c.w.k.b.SelectOptionByValueKeyword - Waiting for element timed out
2025-12-27 00:01:38.236 DEBUG t.paquete_nal_para_1adl_1cnn_canal_mxn   - 10: waitForElementClickable(findTestObject("Euromundo/book_steps/origin_date_inter"), 25)
2025-12-27 00:01:39.786 DEBUG t.paquete_nal_para_1adl_1cnn_canal_mxn   - 11: utils.FechaUtils.setFechaAleatoriaDesdeTresMesesFuturo("Euromundo/book_steps/origin_date_inter")
2025-12-27 00:01:40.970 INFO  c.k.k.c.keyword.builtin.CommentKeyword   - üìÖ Fecha aleatoria entre 3 y 4 meses: 27/03/2026
2025-12-27 00:01:40.970 INFO  k.k.c.m.CustomKeywordDelegatingMetaClass - utils.FechaUtils.setFechaAleatoriaDesdeTresMesesFuturo is PASSED
2025-12-27 00:01:40.970 DEBUG t.paquete_nal_para_1adl_1cnn_canal_mxn   - 12: waitForElementClickable(findTestObject("Euromundo/widget/set_rooms_pax_inter"), 25)
2025-12-27 00:01:41.318 DEBUG t.paquete_nal_para_1adl_1cnn_canal_mxn   - 13: helpers.WebUIHelper.safeClick(findTestObject("Euromundo/widget/set_rooms_pax_inter"))
2025-12-27 00:01:43.157 INFO  k.k.c.m.CustomKeywordDelegatingMetaClass - helpers.WebUIHelper.safeClick is PASSED
2025-12-27 00:01:43.163 DEBUG t.paquete_nal_para_1adl_1cnn_canal_mxn   - 14: habitaciones = 1
2025-12-27 00:01:43.167 DEBUG t.paquete_nal_para_1adl_1cnn_canal_mxn   - 15: adultos = [1]
2025-12-27 00:01:43.167 DEBUG t.paquete_nal_para_1adl_1cnn_canal_mxn   - 16: ninos = [1]
2025-12-27 00:01:43.171 DEBUG t.paquete_nal_para_1adl_1cnn_canal_mxn   - 17: infantes = [0]
2025-12-27 00:01:43.171 DEBUG t.paquete_nal_para_1adl_1cnn_canal_mxn   - 18: edadesNinos =  }).collect({ -> ... })
2025-12-27 00:01:43.189 DEBUG t.paquete_nal_para_1adl_1cnn_canal_mxn   - 19: edadesInfantes =  }).collect({ -> ... })
2025-12-27 00:01:43.189 DEBUG t.paquete_nal_para_1adl_1cnn_canal_mxn   - 20: edadesNinosValidas = edadesNinos.every({ -> ... })
2025-12-27 00:01:43.218 DEBUG t.paquete_nal_para_1adl_1cnn_canal_mxn   - 21: edadesInfantesValidas = edadesInfantes.every({ -> ... })
2025-12-27 00:01:43.218 DEBUG t.paquete_nal_para_1adl_1cnn_canal_mxn   - 22: if (!(edadesNinosValidas) || !(edadesInfantesValidas))
2025-12-27 00:01:43.218 DEBUG t.paquete_nal_para_1adl_1cnn_canal_mxn   - 23: else
2025-12-27 00:01:43.236 DEBUG t.paquete_nal_para_1adl_1cnn_canal_mxn   - 1: markPassed(‚úÖ Edades v√°lidas: Ni√±os $edadesNinos, Infantes $edadesInfantes)
2025-12-27 00:01:43.241 DEBUG com.kms.katalon.core.util.KeywordUtil    - ‚úì ‚úÖ Edades v√°lidas: Ni√±os [10], Infantes []
2025-12-27 00:01:43.251 DEBUG t.paquete_nal_para_1adl_1cnn_canal_mxn   - 24: utils.configuration_rooms.configurarHabitacionesYPasajerosV2(habitaciones, adultos, ninos, infantes, edadesNinos, edadesInfantes)
2025-12-27 00:01:52.373 INFO  c.k.k.c.keyword.builtin.CommentKeyword   - üßí Edades ni√±os por habitaci√≥n: [10]
2025-12-27 00:01:52.375 INFO  c.k.k.c.keyword.builtin.CommentKeyword   - üë∂ Edades infantes por habitaci√≥n: []
2025-12-27 00:01:52.375 INFO  k.k.c.m.CustomKeywordDelegatingMetaClass - utils.configuration_rooms.configurarHabitacionesYPasajerosV2 is PASSED
2025-12-27 00:01:52.375 DEBUG t.paquete_nal_para_1adl_1cnn_canal_mxn   - 25: edadesCapturadasNinos = []
2025-12-27 00:01:52.386 DEBUG t.paquete_nal_para_1adl_1cnn_canal_mxn   - 26: edadesCapturadasInfantes = []
2025-12-27 00:01:52.387 DEBUG t.paquete_nal_para_1adl_1cnn_canal_mxn   - 27: if (ninos.sum() > 0)
2025-12-27 00:01:52.389 DEBUG t.paquete_nal_para_1adl_1cnn_canal_mxn   - 1: for ([i = 1, i <= ninos[0], (i++)])
2025-12-27 00:01:52.392 DEBUG t.paquete_nal_para_1adl_1cnn_canal_mxn   - 1: objNino = new com.kms.katalon.core.testobject.TestObject(edad_nino_$i)
2025-12-27 00:01:52.395 DEBUG t.paquete_nal_para_1adl_1cnn_canal_mxn   - 2: objNino.addProperty("xpath", EQUALS, //*[@id='select2-room-selector-1-children-age-1-$i-container'])
2025-12-27 00:01:52.399 DEBUG t.paquete_nal_para_1adl_1cnn_canal_mxn   - 3: waitForElementVisible(objNino, 5)
2025-12-27 00:01:52.826 DEBUG t.paquete_nal_para_1adl_1cnn_canal_mxn   - 4: edadTexto = getText(objNino).replaceAll("\D", "")
2025-12-27 00:01:53.136 DEBUG t.paquete_nal_para_1adl_1cnn_canal_mxn   - 5: edad = (edadTexto?.isInteger()) ? edadTexto.toInteger() : -1
2025-12-27 00:01:53.151 DEBUG t.paquete_nal_para_1adl_1cnn_canal_mxn   - 6: if (edad in (2..17))
2025-12-27 00:01:53.155 DEBUG t.paquete_nal_para_1adl_1cnn_canal_mxn   - 1: edadesCapturadasNinos.add(edad)
2025-12-27 00:01:53.155 DEBUG t.paquete_nal_para_1adl_1cnn_canal_mxn   - 2: comment(üßí Edad Ni√±o $i capturada: $edad)
2025-12-27 00:01:53.161 INFO  c.k.k.c.keyword.builtin.CommentKeyword   - üßí Edad Ni√±o 1 capturada: 10
2025-12-27 00:01:53.168 DEBUG t.paquete_nal_para_1adl_1cnn_canal_mxn   - 28: if (infantes.sum() > 0)
2025-12-27 00:01:53.170 DEBUG t.paquete_nal_para_1adl_1cnn_canal_mxn   - 29: click(findTestObject("Euromundo/book_steps/button_search_inter"))
2025-12-27 00:01:53.641 DEBUG t.paquete_nal_para_1adl_1cnn_canal_mxn   - 30: tituloObj = new com.kms.katalon.core.testobject.TestObject(tituloDinamico)
2025-12-27 00:01:53.643 DEBUG t.paquete_nal_para_1adl_1cnn_canal_mxn   - 31: tituloObj.addProperty("xpath", EQUALS, "(//div[contains(@class,'info-card__title')])[1]")
2025-12-27 00:01:53.643 DEBUG t.paquete_nal_para_1adl_1cnn_canal_mxn   - 32: waitForElementVisible(tituloObj, 20)
2025-12-27 00:02:05.419 DEBUG t.paquete_nal_para_1adl_1cnn_canal_mxn   - 33: tituloGuardado = getText(tituloObj)
2025-12-27 00:02:05.700 DEBUG t.paquete_nal_para_1adl_1cnn_canal_mxn   - 34: mejorPrecioObj = TestObject().addProperty("xpath", EQUALS, "//span[contains(@class,'bestprice__amount')]")
2025-12-27 00:02:05.700 DEBUG t.paquete_nal_para_1adl_1cnn_canal_mxn   - 35: mejorPrecio = utils.ValidacionPrecios.validarMejorPrecioEnResultados(mejorPrecioObj)
2025-12-27 00:02:06.885 INFO  com.kms.katalon.core.util.KeywordUtil    - üíæ Mejor precio capturado del texto visible: 7470.0
2025-12-27 00:02:06.885 INFO  com.kms.katalon.core.util.KeywordUtil    - ‚úÖ Validaci√≥n de mejor precio exitosa. Precio final: 7470.0
2025-12-27 00:02:06.885 INFO  k.k.c.m.CustomKeywordDelegatingMetaClass - utils.ValidacionPrecios.validarMejorPrecioEnResultados is PASSED
2025-12-27 00:02:06.885 DEBUG t.paquete_nal_para_1adl_1cnn_canal_mxn   - 36: waitForElementClickable(findTestObject("Euromundo/book_steps/button_prebook_gd_nal"), 15)
2025-12-27 00:02:07.202 DEBUG t.paquete_nal_para_1adl_1cnn_canal_mxn   - 37: click(findTestObject("Euromundo/book_steps/button_prebook_gd_nal"))
2025-12-27 00:02:11.608 DEBUG t.paquete_nal_para_1adl_1cnn_canal_mxn   - 38: waitForElementClickable(findTestObject("Euromundo/book_steps/button_finalization_prebook"), 10)
2025-12-27 00:02:12.144 DEBUG t.paquete_nal_para_1adl_1cnn_canal_mxn   - 39: policyFees = new com.kms.katalon.core.testobject.TestObject(policyFees)
2025-12-27 00:02:12.147 DEBUG t.paquete_nal_para_1adl_1cnn_canal_mxn   - 40: policyFees.addProperty("xpath", EQUALS, "//div[contains(@class,'col-sm-12') and contains(normalize-space(.),'Reserva sujeta a gastos de cancelaci√≥n')]")
2025-12-27 00:02:12.151 DEBUG t.paquete_nal_para_1adl_1cnn_canal_mxn   - 41: if (waitForElementPresent(policyFees, 5, OPTIONAL))
2025-12-27 00:02:17.317 WARN  k.k.c.w.k.b.WaitForElementPresentKeyword - Object 'policyFees' is not present after 5 second(s)
2025-12-27 00:02:17.322 DEBUG t.paquete_nal_para_1adl_1cnn_canal_mxn   - 42: else
2025-12-27 00:02:17.326 DEBUG t.paquete_nal_para_1adl_1cnn_canal_mxn   - 1: logInfo("‚úÖ No se detect√≥ pol√≠tica restrictiva, el flujo contin√∫a.")
2025-12-27 00:02:17.335 INFO  com.kms.katalon.core.util.KeywordUtil    - ‚úÖ No se detect√≥ pol√≠tica restrictiva, el flujo contin√∫a.
2025-12-27 00:02:17.338 DEBUG t.paquete_nal_para_1adl_1cnn_canal_mxn   - 43: edadesValidas = edadesCapturadasNinos.every({ -> ... }) && edadesCapturadasInfantes.every({ -> ... })
2025-12-27 00:02:17.347 DEBUG t.paquete_nal_para_1adl_1cnn_canal_mxn   - 44: if (!(edadesValidas))
2025-12-27 00:02:17.351 DEBUG t.paquete_nal_para_1adl_1cnn_canal_mxn   - 45: else
2025-12-27 00:02:17.354 DEBUG t.paquete_nal_para_1adl_1cnn_canal_mxn   - 1: utils.PassengerFormHelper.fillPassengerData(edadesCapturadasNinos, edadesCapturadasInfantes)
2025-12-27 00:02:18.064 INFO  c.k.k.c.keyword.builtin.CommentKeyword   - üßí Tratamiento MR asignado por JavaScript para pax 1
2025-12-27 00:02:18.068 INFO  c.k.k.c.keyword.builtin.CommentKeyword   - üßæ Rellenando datos para pax 1 ‚ûú Tratamiento: MR, Edad: 30
2025-12-27 00:02:18.638 INFO  c.k.k.c.keyword.builtin.CommentKeyword   - üìÖ Formato de fecha final usado: dd/MM/yyyy
2025-12-27 00:02:20.522 INFO  c.k.k.c.keyword.builtin.CommentKeyword   - ‚ö†Ô∏è No se encontr√≥ campo de correo para pax 1, se contin√∫a sin error.
2025-12-27 00:02:20.528 INFO  c.k.k.c.keyword.builtin.CommentKeyword   - ‚úÖ Pax 1: Camila P√©rez, 30 a√±os, nacido el 05/07/1995
2025-12-27 00:02:20.943 INFO  c.k.k.c.keyword.builtin.CommentKeyword   - üßí Tratamiento MISS asignado por JavaScript para pax 2
2025-12-27 00:02:20.946 INFO  c.k.k.c.keyword.builtin.CommentKeyword   - üßæ Rellenando datos para pax 2 ‚ûú Tratamiento: MISS, Edad: 10
2025-12-27 00:02:21.441 INFO  c.k.k.c.keyword.builtin.CommentKeyword   - üìÖ Formato de fecha final usado: dd/MM/yyyy
2025-12-27 00:02:23.251 INFO  c.k.k.c.keyword.builtin.CommentKeyword   - ‚ö†Ô∏è No se encontr√≥ campo de correo para pax 2, se contin√∫a sin error.
2025-12-27 00:02:23.254 INFO  c.k.k.c.keyword.builtin.CommentKeyword   - ‚úÖ Pax 2: Johana Gomez, 10 a√±os, nacido el 04/03/2015
2025-12-27 00:02:23.255 INFO  k.k.c.m.CustomKeywordDelegatingMetaClass - utils.PassengerFormHelper.fillPassengerData is PASSED
2025-12-27 00:02:23.257 DEBUG t.paquete_nal_para_1adl_1cnn_canal_mxn   - 46: otroTituloObj = new com.kms.katalon.core.testobject.TestObject(otroTitulo)
2025-12-27 00:02:23.260 DEBUG t.paquete_nal_para_1adl_1cnn_canal_mxn   - 47: otroTituloObj.addProperty("xpath", EQUALS, "//*[@id="main-content"]/div[2]/div/div[3]/div[1]/div/div/div/div[1]/div[2]/div[1]")
2025-12-27 00:02:23.262 DEBUG t.paquete_nal_para_1adl_1cnn_canal_mxn   - 48: tituloNuevo = getText(otroTituloObj)
2025-12-27 00:02:23.541 DEBUG t.paquete_nal_para_1adl_1cnn_canal_mxn   - 49: if (tituloGuardado.equals(tituloNuevo))
2025-12-27 00:02:23.544 DEBUG t.paquete_nal_para_1adl_1cnn_canal_mxn   - 1: println("‚úÖ Los t√≠tulos son iguales")
‚úÖ Los t√≠tulos son iguales
2025-12-27 00:02:23.551 DEBUG t.paquete_nal_para_1adl_1cnn_canal_mxn   - 51: warningPrecioObj = new com.kms.katalon.core.testobject.TestObject(warningPrecio)
2025-12-27 00:02:23.554 DEBUG t.paquete_nal_para_1adl_1cnn_canal_mxn   - 52: warningPrecioObj.addProperty("xpath", EQUALS, "//div[@class='booking-warning__content']")
2025-12-27 00:02:23.555 DEBUG t.paquete_nal_para_1adl_1cnn_canal_mxn   - 53: if (verifyElementPresent(warningPrecioObj, 5, OPTIONAL))
2025-12-27 00:02:28.784 WARN  c.k.k.core.keyword.internal.KeywordMain  - com.kms.katalon.core.webui.exception.WebElementNotFoundException: Web element with id: 'warningPrecio' located by 'By.xpath: //div[@class='booking-warning__content']' not found (Root cause: com.kms.katalon.core.exception.StepFailedException: com.kms.katalon.core.webui.exception.WebElementNotFoundException: Web element with id: 'warningPrecio' located by 'By.xpath: //div[@class='booking-warning__content']' not found
	at com.kms.katalon.core.webui.keyword.internal.WebUIKeywordMain.stepFailed(WebUIKeywordMain.groovy:175)
	at com.kms.katalon.core.webui.keyword.builtin.VerifyElementPresentKeyword$_verifyElementPresent_closure1.doCall(VerifyElementPresentKeyword.groovy:88)
	at com.kms.katalon.core.webui.keyword.builtin.VerifyElementPresentKeyword$_verifyElementPresent_closure1.call(VerifyElementPresentKeyword.groovy)
	at com.kms.katalon.core.webui.keyword.internal.WebUIKeywordMain.runKeyword(WebUIKeywordMain.groovy:41)
	at com.kms.katalon.core.webui.keyword.builtin.VerifyElementPresentKeyword.verifyElementPresent(VerifyElementPresentKeyword.groovy:95)
	at com.kms.katalon.core.webui.keyword.builtin.VerifyElementPresentKeyword.execute(VerifyElementPresentKeyword.groovy:68)
	at com.kms.katalon.core.keyword.internal.KeywordExecutor.executeKeywordForPlatform(KeywordExecutor.groovy:79)
	at com.kms.katalon.core.webui.keyword.WebUiBuiltInKeywords.verifyElementPresent(WebUiBuiltInKeywords.groovy:1549)
	at paquete_nal_para_1adl_1cnn_canal_mxn.run(paquete_nal_para_1adl_1cnn_canal_mxn:204)
	at com.kms.katalon.core.main.ScriptEngine.run(ScriptEngine.java:194)
	at com.kms.katalon.core.main.ScriptEngine.runScriptAsRawText(ScriptEngine.java:119)
	at com.kms.katalon.core.main.TestCaseExecutor.runScript(TestCaseExecutor.java:486)
	at com.kms.katalon.core.main.TestCaseExecutor.doExecute(TestCaseExecutor.java:477)
	at com.kms.katalon.core.main.TestCaseExecutor.processExecutionPhase(TestCaseExecutor.java:456)
	at com.kms.katalon.core.main.TestCaseExecutor.accessMainPhase(TestCaseExecutor.java:448)
	at com.kms.katalon.core.main.TestCaseExecutor.execute(TestCaseExecutor.java:322)
	at com.kms.katalon.core.common.CommonExecutor.accessTestCaseMainPhase(CommonExecutor.java:71)
	at com.kms.katalon.core.main.TestSuiteExecutor.accessTestSuiteMainPhase(TestSuiteExecutor.java:145)
	at com.kms.katalon.core.main.TestSuiteExecutor.execute(TestSuiteExecutor.java:104)
	at com.kms.katalon.core.main.TestCaseMain.startTestSuite(TestCaseMain.java:205)
	at TempTestSuite1766811585544.run(TempTestSuite1766811585544.groovy:35)
	at java.base/jdk.internal.reflect.NativeMethodAccessorImpl.invoke0(Native Method)
	at java.base/jdk.internal.reflect.NativeMethodAccessorImpl.invoke(NativeMethodAccessorImpl.java:77)
	at java.base/jdk.internal.reflect.DelegatingMethodAccessorImpl.invoke(DelegatingMethodAccessorImpl.java:43)
)
2025-12-27 00:02:28.789 DEBUG t.paquete_nal_para_1adl_1cnn_canal_mxn   - 54: else
2025-12-27 00:02:28.793 DEBUG t.paquete_nal_para_1adl_1cnn_canal_mxn   - 1: logInfo("‚úÖ No apareci√≥ ning√∫n warning de cambio de precio")
2025-12-27 00:02:28.795 INFO  com.kms.katalon.core.util.KeywordUtil    - ‚úÖ No apareci√≥ ning√∫n warning de cambio de precio
2025-12-27 00:02:28.797 DEBUG t.paquete_nal_para_1adl_1cnn_canal_mxn   - 55: precioObj = new com.kms.katalon.core.testobject.TestObject(precio)
2025-12-27 00:02:28.801 DEBUG t.paquete_nal_para_1adl_1cnn_canal_mxn   - 56: precioObj.addProperty("xpath", EQUALS, "//div[@class='booking-breakdown__item booking-breakdown__item--total booking-breakdown__item--is-pay-web']//span[@class='booking-breakdown__item-price']")
2025-12-27 00:02:28.803 DEBUG t.paquete_nal_para_1adl_1cnn_canal_mxn   - 57: comisionObj = new com.kms.katalon.core.testobject.TestObject(comision)
2025-12-27 00:02:28.805 DEBUG t.paquete_nal_para_1adl_1cnn_canal_mxn   - 58: comisionObj.addProperty("xpath", EQUALS, "//div[@class='booking-breakdown__item']//span[contains(text(),'Comisiones')]/following-sibling::span")
2025-12-27 00:02:28.807 DEBUG t.paquete_nal_para_1adl_1cnn_canal_mxn   - 59: precioFinalObj = new com.kms.katalon.core.testobject.TestObject(precioFinal)
2025-12-27 00:02:28.809 DEBUG t.paquete_nal_para_1adl_1cnn_canal_mxn   - 60: precioFinalObj.addProperty("xpath", EQUALS, "//div[@class='booking-breakdown__item']//span[contains(text(),'Precio final')]/following-sibling::span")
2025-12-27 00:02:28.811 DEBUG t.paquete_nal_para_1adl_1cnn_canal_mxn   - 61: totalAdeudadoObj = new com.kms.katalon.core.testobject.TestObject(totalAdeudado)
2025-12-27 00:02:28.812 DEBUG t.paquete_nal_para_1adl_1cnn_canal_mxn   - 62: totalAdeudadoObj.addProperty("xpath", EQUALS, "//span[@class='agent-markup__total-due-price']")
2025-12-27 00:02:28.813 DEBUG t.paquete_nal_para_1adl_1cnn_canal_mxn   - 63: utils.ValidacionesPrebook.validarPrecioPrebook(precioObj, comisionObj, precioFinalObj, totalAdeudadoObj, mejorPrecio)
2025-12-27 00:02:29.459 INFO  com.kms.katalon.core.util.KeywordUtil    - üîé Precio: $ 7,470.00 MXN
2025-12-27 00:02:29.464 INFO  com.kms.katalon.core.util.KeywordUtil    - üîé parseMoney ‚Üí raw='$ 7,470.00 MXN' | cleaned='7,470.00' | normalized='7470.00'
2025-12-27 00:02:30.021 INFO  com.kms.katalon.core.util.KeywordUtil    - üîé Comisi√≥n: $ 0.00 MXN
2025-12-27 00:02:30.024 INFO  com.kms.katalon.core.util.KeywordUtil    - üîé parseMoney ‚Üí raw='$ 0.00 MXN' | cleaned='0.00' | normalized='0.00'
2025-12-27 00:02:30.607 INFO  com.kms.katalon.core.util.KeywordUtil    - üîé Precio Final: $ 7,470.00 MXN
2025-12-27 00:02:30.608 INFO  com.kms.katalon.core.util.KeywordUtil    - üîé parseMoney ‚Üí raw='$ 7,470.00 MXN' | cleaned='7,470.00' | normalized='7470.00'
2025-12-27 00:02:31.236 INFO  com.kms.katalon.core.util.KeywordUtil    - üîé Total Adeudado: $ 7,470.00 MXN
2025-12-27 00:02:31.236 INFO  com.kms.katalon.core.util.KeywordUtil    - üîé parseMoney ‚Üí raw='$ 7,470.00 MXN' | cleaned='7,470.00' | normalized='7470.00'
2025-12-27 00:02:31.258 INFO  c.k.k.c.keyword.builtin.CommentKeyword   - üìå Precio: 7470.0 | Comisi√≥n: 0.0 | Precio Final: 7470.0 | Total Adeudado: 7470.0 | Mejor Precio: 7470.0
2025-12-27 00:02:31.273 INFO  com.kms.katalon.core.util.KeywordUtil    - ‚úÖ Precio Final (7470.0) ‚âà Precio (7470.0) - Comisi√≥n (0.0)
2025-12-27 00:02:31.275 INFO  com.kms.katalon.core.util.KeywordUtil    - ‚úÖ Precio (7470.0) ‚âà Total Adeudado (7470.0)
2025-12-27 00:02:31.277 INFO  com.kms.katalon.core.util.KeywordUtil    - ‚úÖ Mejor Precio (7470.0) ‚âà Total Adeudado (7470.0)
2025-12-27 00:02:31.281 INFO  c.k.k.c.keyword.builtin.CommentKeyword   - ‚úÖ Todas las validaciones de precios OK
2025-12-27 00:02:31.282 INFO  k.k.c.m.CustomKeywordDelegatingMetaClass - utils.ValidacionesPrebook.validarPrecioPrebook is PASSED
2025-12-27 00:02:31.284 DEBUG t.paquete_nal_para_1adl_1cnn_canal_mxn   - 64: click(findTestObject("Euromundo/book_steps/button_finalization_prebook"))
2025-12-27 00:03:11.956 DEBUG t.paquete_nal_para_1adl_1cnn_canal_mxn   - 65: paxDropdown = new com.kms.katalon.core.testobject.TestObject(dynamicPaxSelect)
2025-12-27 00:03:11.964 DEBUG t.paquete_nal_para_1adl_1cnn_canal_mxn   - 66: paxDropdown.addProperty("xpath", EQUALS, "//select[contains(@class,'js-set-confirm-pax-data')]")
2025-12-27 00:03:11.972 DEBUG t.paquete_nal_para_1adl_1cnn_canal_mxn   - 67: dropdownElem = findWebElement(paxDropdown, 10)
2025-12-27 00:03:23.111 INFO  c.k.k.c.webui.common.WebUiCommonHelper   - Unable to find the element located by 'By.xpath: //select[contains(@class,'js-set-confirm-pax-data')]'. Please recheck the objects properties to make sure the desired element is located. 
2025-12-27 00:03:23.111 ERROR c.k.katalon.core.main.TestCaseExecutor   - ‚ùå Test Cases/Euromundo/Paquete_Basico/paquete_nal_para_1adl_1cnn_canal_mxn FAILED.
Reason:
com.kms.katalon.core.webui.exception.WebElementNotFoundException: Web element with id: 'dynamicPaxSelect' located by '//select[contains(@class,'js-set-confirm-pax-data')]' not found
	at com.kms.katalon.core.webui.common.WebUiCommonHelper.findWebElement(WebUiCommonHelper.java:1553)
	at paquete_nal_para_1adl_1cnn_canal_mxn.run(paquete_nal_para_1adl_1cnn_canal_mxn:270)
	at com.kms.katalon.core.main.ScriptEngine.run(ScriptEngine.java:194)
	at com.kms.katalon.core.main.ScriptEngine.runScriptAsRawText(ScriptEngine.java:119)
	at com.kms.katalon.core.main.TestCaseExecutor.runScript(TestCaseExecutor.java:486)
	at com.kms.katalon.core.main.TestCaseExecutor.doExecute(TestCaseExecutor.java:477)
	at com.kms.katalon.core.main.TestCaseExecutor.processExecutionPhase(TestCaseExecutor.java:456)
	at com.kms.katalon.core.main.TestCaseExecutor.accessMainPhase(TestCaseExecutor.java:448)
	at com.kms.katalon.core.main.TestCaseExecutor.execute(TestCaseExecutor.java:322)
	at com.kms.katalon.core.common.CommonExecutor.accessTestCaseMainPhase(CommonExecutor.java:71)
	at com.kms.katalon.core.main.TestSuiteExecutor.accessTestSuiteMainPhase(TestSuiteExecutor.java:145)
	at com.kms.katalon.core.main.TestSuiteExecutor.execute(TestSuiteExecutor.java:104)
	at com.kms.katalon.core.main.TestCaseMain.startTestSuite(TestCaseMain.java:205)
	at TempTestSuite1766811585544.run(TempTestSuite1766811585544.groovy:35)
	at java.base/jdk.internal.reflect.NativeMethodAccessorImpl.invoke0(Native Method)
	at java.base/jdk.internal.reflect.NativeMethodAccessorImpl.invoke(NativeMethodAccessorImpl.java:77)
	at java.base/jdk.internal.reflect.DelegatingMethodAccessorImpl.invoke(DelegatingMethodAccessorImpl.java:43)

2025-12-27 00:03:23.113 ERROR c.k.katalon.core.main.TestCaseExecutor   - ‚ùå Test Cases/Euromundo/Paquete_Basico/paquete_nal_para_1adl_1cnn_canal_mxn FAILED.
Reason:
com.kms.katalon.core.webui.exception.WebElementNotFoundException: Web element with id: 'dynamicPaxSelect' located by '//select[contains(@class,'js-set-confirm-pax-data')]' not found
	at com.kms.katalon.core.webui.common.WebUiCommonHelper.findWebElement(WebUiCommonHelper.java:1553)
	at paquete_nal_para_1adl_1cnn_canal_mxn.run(paquete_nal_para_1adl_1cnn_canal_mxn:270)
	at com.kms.katalon.core.main.ScriptEngine.run(ScriptEngine.java:194)
	at com.kms.katalon.core.main.ScriptEngine.runScriptAsRawText(ScriptEngine.java:119)
	at com.kms.katalon.core.main.TestCaseExecutor.runScript(TestCaseExecutor.java:486)
	at com.kms.katalon.core.main.TestCaseExecutor.doExecute(TestCaseExecutor.java:477)
	at com.kms.katalon.core.main.TestCaseExecutor.processExecutionPhase(TestCaseExecutor.java:456)
	at com.kms.katalon.core.main.TestCaseExecutor.accessMainPhase(TestCaseExecutor.java:448)
	at com.kms.katalon.core.main.TestCaseExecutor.execute(TestCaseExecutor.java:322)
	at com.kms.katalon.core.common.CommonExecutor.accessTestCaseMainPhase(CommonExecutor.java:71)
	at com.kms.katalon.core.main.TestSuiteExecutor.accessTestSuiteMainPhase(TestSuiteExecutor.java:145)
	at com.kms.katalon.core.main.TestSuiteExecutor.execute(TestSuiteExecutor.java:104)
	at com.kms.katalon.core.main.TestCaseMain.startTestSuite(TestCaseMain.java:205)
	at TempTestSuite1766811585544.run(TempTestSuite1766811585544.groovy:35)
	at java.base/jdk.internal.reflect.NativeMethodAccessorImpl.invoke0(Native Method)
	at java.base/jdk.internal.reflect.NativeMethodAccessorImpl.invoke(NativeMethodAccessorImpl.java:77)
	at java.base/jdk.internal.reflect.DelegatingMethodAccessorImpl.invoke(DelegatingMethodAccessorImpl.java:43)

2025-12-27 00:03:23.917 INFO  c.kms.katalon.core.webui.util.FileUtil   - 0 hidden object(s)
2025-12-27 00:03:24.310 INFO  c.k.k.c.keyword.builtin.CommentKeyword   - üì∏ Captura final guardada en: C:/TempSourceSafe/Katalon Studio/Katalon Websites/Euromundo/Capturas/Test_Suites_Stabilization_Testing_stabilization_test_2ADL_1CNN_20251226_235958/Fin_Test_Cases_Euromundo_Paquete_Basico_paquete_nal_para_1adl_1cnn_canal_mxn.png
2025-12-27 00:03:24.317 INFO  c.k.k.c.keyword.builtin.CommentKeyword   - <img src='C:/TempSourceSafe/Katalon Studio/Katalon Websites/Euromundo/Capturas/Test_Suites_Stabilization_Testing_stabilization_test_2ADL_1CNN_20251226_235958/Fin_Test_Cases_Euromundo_Paquete_Basico_paquete_nal_para_1adl_1cnn_canal_mxn.png' width='800'/>
2025-12-27 00:03:27.555 WARN  c.k.k.core.keyword.internal.KeywordMain  - com.kms.katalon.core.webui.exception.WebElementNotFoundException: Web element with id: 'localizadorReserva' located by 'By.xpath: //h4[contains(@class,'booking-details__booking-code')]' not found (Root cause: com.kms.katalon.core.exception.StepFailedException: com.kms.katalon.core.webui.exception.WebElementNotFoundException: Web element with id: 'localizadorReserva' located by 'By.xpath: //h4[contains(@class,'booking-details__booking-code')]' not found
	at com.kms.katalon.core.webui.keyword.internal.WebUIKeywordMain.stepFailed(WebUIKeywordMain.groovy:175)
	at com.kms.katalon.core.webui.keyword.builtin.VerifyElementPresentKeyword$_verifyElementPresent_closure1.doCall(VerifyElementPresentKeyword.groovy:88)
	at com.kms.katalon.core.webui.keyword.builtin.VerifyElementPresentKeyword$_verifyElementPresent_closure1.call(VerifyElementPresentKeyword.groovy)
	at com.kms.katalon.core.webui.keyword.internal.WebUIKeywordMain.runKeyword(WebUIKeywordMain.groovy:41)
	at com.kms.katalon.core.webui.keyword.builtin.VerifyElementPresentKeyword.verifyElementPresent(VerifyElementPresentKeyword.groovy:95)
	at com.kms.katalon.core.webui.keyword.builtin.VerifyElementPresentKeyword.execute(VerifyElementPresentKeyword.groovy:68)
	at com.kms.katalon.core.keyword.internal.KeywordExecutor.executeKeywordForPlatform(KeywordExecutor.groovy:79)
	at com.kms.katalon.core.webui.keyword.WebUiBuiltInKeywords.verifyElementPresent(WebUiBuiltInKeywords.groovy:1549)
	at Listener_LocalizadorReserva.capturarLocalizador(Listener_Localizador.groovy:27)
	at java.base/jdk.internal.reflect.NativeMethodAccessorImpl.invoke0(Native Method)
	at java.base/jdk.internal.reflect.NativeMethodAccessorImpl.invoke(NativeMethodAccessorImpl.java:77)
	at java.base/jdk.internal.reflect.DelegatingMethodAccessorImpl.invoke(DelegatingMethodAccessorImpl.java:43)
	at com.kms.katalon.core.context.internal.TestHooker.invokeMethod(TestHooker.java:111)
	at com.kms.katalon.core.context.internal.TestHooker.lambda$3(TestHooker.java:95)
	at com.kms.katalon.core.context.internal.TestHooker.invokeContextMethods(TestHooker.java:94)
	at com.kms.katalon.core.context.internal.TestListenerCollector.lambda$3(TestListenerCollector.java:88)
	at com.kms.katalon.core.context.internal.TestListenerCollector.handleListenerEvent(TestListenerCollector.java:85)
	at com.kms.katalon.core.context.internal.ExecutionEventManager.publicEvent(ExecutionEventManager.java:36)
	at com.kms.katalon.core.main.TestCaseExecutor.execute(TestCaseExecutor.java:352)
	at com.kms.katalon.core.common.CommonExecutor.accessTestCaseMainPhase(CommonExecutor.java:71)
	at com.kms.katalon.core.main.TestSuiteExecutor.accessTestSuiteMainPhase(TestSuiteExecutor.java:145)
	at com.kms.katalon.core.main.TestSuiteExecutor.execute(TestSuiteExecutor.java:104)
	at com.kms.katalon.core.main.TestCaseMain.startTestSuite(TestCaseMain.java:205)
	at TempTestSuite1766811585544.run(TempTestSuite1766811585544.groovy:35)
	at java.base/jdk.internal.reflect.NativeMethodAccessorImpl.invoke0(Native Method)
	at java.base/jdk.internal.reflect.NativeMethodAccessorImpl.invoke(NativeMethodAccessorImpl.java:77)
	at java.base/jdk.internal.reflect.DelegatingMethodAccessorImpl.invoke(DelegatingMethodAccessorImpl.java:43)
)
2025-12-27 00:03:30.601 WARN  c.k.k.core.keyword.internal.KeywordMain  - com.kms.katalon.core.webui.exception.WebElementNotFoundException: Web element with id: 'localizadorGenerico' located by 'By.xpath: //*[contains(translate(text(),'LOCALIZADOR','localizador'),'localizador:')]' not found (Root cause: com.kms.katalon.core.exception.StepFailedException: com.kms.katalon.core.webui.exception.WebElementNotFoundException: Web element with id: 'localizadorGenerico' located by 'By.xpath: //*[contains(translate(text(),'LOCALIZADOR','localizador'),'localizador:')]' not found
	at com.kms.katalon.core.webui.keyword.internal.WebUIKeywordMain.stepFailed(WebUIKeywordMain.groovy:175)
	at com.kms.katalon.core.webui.keyword.builtin.VerifyElementPresentKeyword$_verifyElementPresent_closure1.doCall(VerifyElementPresentKeyword.groovy:88)
	at com.kms.katalon.core.webui.keyword.builtin.VerifyElementPresentKeyword$_verifyElementPresent_closure1.call(VerifyElementPresentKeyword.groovy)
	at com.kms.katalon.core.webui.keyword.internal.WebUIKeywordMain.runKeyword(WebUIKeywordMain.groovy:41)
	at com.kms.katalon.core.webui.keyword.builtin.VerifyElementPresentKeyword.verifyElementPresent(VerifyElementPresentKeyword.groovy:95)
	at com.kms.katalon.core.webui.keyword.builtin.VerifyElementPresentKeyword.execute(VerifyElementPresentKeyword.groovy:68)
	at com.kms.katalon.core.keyword.internal.KeywordExecutor.executeKeywordForPlatform(KeywordExecutor.groovy:79)
	at com.kms.katalon.core.webui.keyword.WebUiBuiltInKeywords.verifyElementPresent(WebUiBuiltInKeywords.groovy:1549)
	at Listener_LocalizadorReserva.capturarLocalizador(Listener_Localizador.groovy:39)
	at java.base/jdk.internal.reflect.NativeMethodAccessorImpl.invoke0(Native Method)
	at java.base/jdk.internal.reflect.NativeMethodAccessorImpl.invoke(NativeMethodAccessorImpl.java:77)
	at java.base/jdk.internal.reflect.DelegatingMethodAccessorImpl.invoke(DelegatingMethodAccessorImpl.java:43)
	at com.kms.katalon.core.context.internal.TestHooker.invokeMethod(TestHooker.java:111)
	at com.kms.katalon.core.context.internal.TestHooker.lambda$3(TestHooker.java:95)
	at com.kms.katalon.core.context.internal.TestHooker.invokeContextMethods(TestHooker.java:94)
	at com.kms.katalon.core.context.internal.TestListenerCollector.lambda$3(TestListenerCollector.java:88)
	at com.kms.katalon.core.context.internal.TestListenerCollector.handleListenerEvent(TestListenerCollector.java:85)
	at com.kms.katalon.core.context.internal.ExecutionEventManager.publicEvent(ExecutionEventManager.java:36)
	at com.kms.katalon.core.main.TestCaseExecutor.execute(TestCaseExecutor.java:352)
	at com.kms.katalon.core.common.CommonExecutor.accessTestCaseMainPhase(CommonExecutor.java:71)
	at com.kms.katalon.core.main.TestSuiteExecutor.accessTestSuiteMainPhase(TestSuiteExecutor.java:145)
	at com.kms.katalon.core.main.TestSuiteExecutor.execute(TestSuiteExecutor.java:104)
	at com.kms.katalon.core.main.TestCaseMain.startTestSuite(TestCaseMain.java:205)
	at TempTestSuite1766811585544.run(TempTestSuite1766811585544.groovy:35)
	at java.base/jdk.internal.reflect.NativeMethodAccessorImpl.invoke0(Native Method)
	at java.base/jdk.internal.reflect.NativeMethodAccessorImpl.invoke(NativeMethodAccessorImpl.java:77)
	at java.base/jdk.internal.reflect.DelegatingMethodAccessorImpl.invoke(DelegatingMethodAccessorImpl.java:43)
)
2025-12-27 00:03:30.630 INFO  c.k.k.c.keyword.builtin.CommentKeyword   - ‚ö†Ô∏è No se detect√≥ localizador en el escenario actual.
2025-12-27 00:03:31.315 INFO  c.kms.katalon.core.webui.util.FileUtil   - 0 hidden object(s)
2025-12-27 00:03:37.706 WARN  k.k.c.w.k.b.WaitForElementVisibleKeyword - Web element with id: 'locator' located by 'By.xpath: //*[contains(translate(text(),'LOCALIZADOR','localizador'),'localizador')]' not found
2025-12-27 00:03:37.804 INFO  c.k.k.c.keyword.builtin.CommentKeyword   - ‚è±Ô∏è Duraci√≥n suite calculada internamente: 00:03:39
2025-12-27 00:03:37.903 INFO  c.k.k.c.keyword.builtin.CommentKeyword   - ‚ùå Error in Report_PMO: MissingMethodException - No signature of method: static com.kms.katalon.core.webui.driver.DriverFactory.getChromeDriverPath() is applicable for argument types: () values: []
2025-12-27 00:03:37.910 INFO  c.k.katalon.core.main.TestCaseExecutor   - END Test Cases/Euromundo/Paquete_Basico/paquete_nal_para_1adl_1cnn_canal_mxn
2025-12-27 00:03:37.920 INFO  c.k.k.c.keyword.builtin.CommentKeyword   - ‚ö†Ô∏è No se encontr√≥ el reporte HTML en: C:\TempSourceSafe\Katalon Studio\Katalon Websites\Euromundo\Reports\20251226_235945\Stabilization Testing\stabilization_test_2ADL_1CNN\20251226_235945
2025-12-27 00:03:37.931 INFO  com.kms.katalon.core.util.KeywordUtil    - ‚è±Ô∏è [Listener_TiempoSuite_PMO] Duraci√≥n total de la suite: 00:03:39
2025-12-27 00:03:37.944 INFO  com.kms.katalon.core.util.KeywordUtil    - üíæ Duraci√≥n escrita en archivo temporal: C:\TempSourceSafe\Katalon Studio\Katalon Websites\Euromundo\Reports\20251226_235945\Stabilization Testing\stabilization_test_2ADL_1CNN\20251226_235945\duracionSuite.txt
‚úÖ index.html generado autom√°ticamente
2025-12-27 00:03:38.501 INFO  c.k.katalon.core.main.TestSuiteExecutor  - --------------------
2025-12-27 00:03:38.501 INFO  c.k.katalon.core.main.TestSuiteExecutor  - END Test Suites/Stabilization Testing/stabilization_test_2ADL_1CNN
2025-12-27 00:03:38.501 INFO  c.k.katalon.core.main.TestSuiteExecutor  - ====================
